Namespace(color_only=False, dataset_name='mc_study', feature_file='feat_files/mc_RAPIQUE_feats.mat', log_file='logs/mc_RAPIQUE_SVR_change_C_small.log', log_short=False, max_thread_count=4, model_name='RAPIQUE', mos_file='mos_files/mc_us.csv', num_iterations=11, out_file='result/mc_RAPIQUE_SVR_corr.mat', use_parallel=False)
1 th repeated holdout test
======================================================
params:  {'gammma', 'C'}
SRCC_train:  0.9022567934849445
KRCC_train:  0.7645485996911967
PLCC_train:  0.8938151406980978
RMSE_train:  0.6256356991992105
======================================================
SRCC_test:  0.48730012171514975
KRCC_test:  0.36013436166578505
PLCC_test:  0.5850768660142036
RMSE_test:  1.3257689636133387
======================================================
 -- 0.18650293350219727 seconds elapsed...


2 th repeated holdout test
======================================================
params:  {'gammma', 'C'}
SRCC_train:  0.8881158081060563
KRCC_train:  0.7454172519548877
PLCC_train:  0.8787733685512933
RMSE_train:  0.6742248215169222
======================================================
SRCC_test:  0.548331492067753
KRCC_test:  0.3738911719637153
PLCC_test:  0.6281003719740843
RMSE_test:  1.1974804800714483
======================================================
 -- 0.16356182098388672 seconds elapsed...


3 th repeated holdout test
======================================================
params:  {'gammma', 'C'}
SRCC_train:  0.8908838830302905
KRCC_train:  0.7550403568071081
PLCC_train:  0.8835654529785528
RMSE_train:  0.6598847633050874
======================================================
SRCC_test:  0.5869309774301542
KRCC_test:  0.4122912211491807
PLCC_test:  0.7922656115577686
RMSE_test:  0.9567778187951238
======================================================
 -- 0.13663673400878906 seconds elapsed...


4 th repeated holdout test
======================================================
params:  {'gammma', 'C'}
SRCC_train:  0.8944363521168812
KRCC_train:  0.758666941184694
PLCC_train:  0.8874646204096122
RMSE_train:  0.6583868354397293
======================================================
SRCC_test:  0.3382949713761993
KRCC_test:  0.20408067029444715
PLCC_test:  0.7360648633450686
RMSE_test:  0.92594971755679
======================================================
 -- 0.13364338874816895 seconds elapsed...


5 th repeated holdout test
======================================================
params:  {'gammma', 'C'}
SRCC_train:  0.8827764195846661
KRCC_train:  0.7425340340250303
PLCC_train:  0.8801502039990251
RMSE_train:  0.6754351675162621
======================================================
SRCC_test:  0.3658880948031462
KRCC_test:  0.2622875673474658
PLCC_test:  0.4281803655217853
RMSE_test:  1.2935584484300748
======================================================
 -- 0.16954565048217773 seconds elapsed...


6 th repeated holdout test
======================================================
params:  {'gammma', 'C'}
SRCC_train:  0.9059503136375906
KRCC_train:  0.7691927274429832
PLCC_train:  0.8990300186136719
RMSE_train:  0.6097085252092155
======================================================
SRCC_test:  0.37746438662658877
KRCC_test:  0.34129458603944157
PLCC_test:  0.5425562304072971
RMSE_test:  1.3847858933162
======================================================
 -- 0.13962817192077637 seconds elapsed...


7 th repeated holdout test
======================================================
params:  {'gammma', 'C'}
SRCC_train:  0.9021686641740649
KRCC_train:  0.7629668702983629
PLCC_train:  0.8971084056542694
RMSE_train:  0.6255245465325036
======================================================
SRCC_test:  0.4012623421348243
KRCC_test:  0.32320843255204756
PLCC_test:  0.5158972259483144
RMSE_test:  1.1932027461254509
======================================================
 -- 0.14361572265625 seconds elapsed...


8 th repeated holdout test
======================================================
params:  {'gammma', 'C'}
SRCC_train:  0.8817232525419126
KRCC_train:  0.7368307741859293
PLCC_train:  0.879647445669789
RMSE_train:  0.6933656104644093
======================================================
SRCC_test:  0.22908875423183517
KRCC_test:  0.1390553286981814
PLCC_test:  0.4100558396658366
RMSE_test:  0.9929619106433785
======================================================
 -- 0.1456131935119629 seconds elapsed...


9 th repeated holdout test
======================================================
params:  {'gammma', 'C'}
SRCC_train:  0.8946075500029587
KRCC_train:  0.7555890274308801
PLCC_train:  0.8865395628057099
RMSE_train:  0.6521888078734753
======================================================
SRCC_test:  0.6224396256543978
KRCC_test:  0.42617764058755775
PLCC_test:  0.7668332172307959
RMSE_test:  0.9945156585823761
======================================================
 -- 0.14361810684204102 seconds elapsed...


10 th repeated holdout test
======================================================
params:  {'gammma', 'C'}
SRCC_train:  0.8846359659427471
KRCC_train:  0.7441674173835414
PLCC_train:  0.8792232462347729
RMSE_train:  0.6772218024406861
======================================================
SRCC_test:  0.5315657131183826
KRCC_test:  0.3783621211707669
PLCC_test:  0.6056633074694858
RMSE_test:  1.0602776233623683
======================================================
 -- 0.13763213157653809 seconds elapsed...


======================================================
Average training results among all repeated 80-20 holdouts:
SRCC Train: 0.8927555002622112 (std: 0.00819444782648028)
KRCC Train: 0.7534954000404614 (std: 0.010207507533921011)
PLCC Train: 0.8865317465614794 (std: 0.007297354691622915)
RMSE Train: 0.6551576579497501 (std: 0.025648170341910397)
======================================================
Average testing results among all repeated 80-20 holdouts:
SRCC Test: 0.44885664791584307 (std: 0.11923806880725625)
KRCC Test: 0.32207831014685884 (std: 0.08811473946473973)
PLCC Test: 0.6010693899134641 (std: 0.12661746989990075)
RMSE Test: 1.1325279260496548 (std: 0.15878164224550126)



Overall 1.5089683532714844 secs lapsed..
1 th repeated holdout test
======================================================
params:  {'gammma', 'C'}
SRCC_train:  0.8625577521415543
KRCC_train:  0.7052636303820422
PLCC_train:  0.8516451703269146
RMSE_train:  0.7312252165386427
======================================================
SRCC_test:  0.4755485110628551
KRCC_test:  0.3483266776767429
PLCC_test:  0.5663359405158527
RMSE_test:  1.3473425690390928
======================================================
 -- 0.1525897979736328 seconds elapsed...


2 th repeated holdout test
======================================================
params:  {'gammma', 'C'}
SRCC_train:  0.8272217588757289
KRCC_train:  0.6612377816747818
PLCC_train:  0.8164594712207657
RMSE_train:  0.8157317493775937
======================================================
SRCC_test:  0.5284200133055161
KRCC_test:  0.39655124299181926
PLCC_test:  0.5885783247515868
RMSE_test:  1.2441217519070624
======================================================
 -- 0.14561223983764648 seconds elapsed...


3 th repeated holdout test
======================================================
params:  {'gammma', 'C'}
SRCC_train:  0.8497248586146612
KRCC_train:  0.6908015768940344
PLCC_train:  0.8363893854170086
RMSE_train:  0.7723691848453396
======================================================
SRCC_test:  0.45837243217817786
KRCC_test:  0.32192602199319587
PLCC_test:  0.6151927952978755
RMSE_test:  1.2362021546864423
======================================================
 -- 0.1436173915863037 seconds elapsed...


4 th repeated holdout test
======================================================
params:  {'gammma', 'C'}
SRCC_train:  0.8551817889253209
KRCC_train:  0.7000493997428144
PLCC_train:  0.8409709442859103
RMSE_train:  0.7729633381582818
======================================================
SRCC_test:  0.32537134325620964
KRCC_test:  0.19304928271096353
PLCC_test:  0.7360648633458261
RMSE_test:  0.9259497175556632
======================================================
 -- 0.14261794090270996 seconds elapsed...


5 th repeated holdout test
======================================================
params:  {'gammma', 'C'}
SRCC_train:  0.8460485442963892
KRCC_train:  0.684167155672864
PLCC_train:  0.8362036877026336
RMSE_train:  0.7803352648583869
======================================================
SRCC_test:  0.42153357588779133
KRCC_test:  0.31809343274054364
PLCC_test:  0.5110658206214941
RMSE_test:  1.2303590993822402
======================================================
 -- 0.17154169082641602 seconds elapsed...


6 th repeated holdout test
======================================================
params:  {'gammma', 'C'}
SRCC_train:  0.8402696215370198
KRCC_train:  0.6759126350501586
PLCC_train:  0.832022410830949
RMSE_train:  0.7724160288892585
======================================================
SRCC_test:  0.36806693301762805
KRCC_test:  0.2824506918947103
PLCC_test:  0.5311545065266965
RMSE_test:  1.396746692963444
======================================================
 -- 0.1675560474395752 seconds elapsed...


7 th repeated holdout test
======================================================
params:  {'gammma', 'C'}
SRCC_train:  0.8496456978915339
KRCC_train:  0.6846381980202151
PLCC_train:  0.8422251759277357
RMSE_train:  0.7633057659305376
======================================================
SRCC_test:  0.35013625221031003
KRCC_test:  0.2654926410248962
PLCC_test:  0.502917678011251
RMSE_test:  1.2039053241014113
======================================================
 -- 0.15060067176818848 seconds elapsed...


8 th repeated holdout test
======================================================
params:  {'gammma', 'C'}
SRCC_train:  0.8290706476789873
KRCC_train:  0.6634590527806797
PLCC_train:  0.8242166265076637
RMSE_train:  0.8255122923554913
======================================================
SRCC_test:  0.021100279995037448
KRCC_test:  0.03208969123804186
PLCC_test:  0.20163169219574745
RMSE_test:  1.066341501189783
======================================================
 -- 0.162567138671875 seconds elapsed...


9 th repeated holdout test
======================================================
params:  {'gammma', 'C'}
SRCC_train:  0.8339169190419032
KRCC_train:  0.6707622638930318
PLCC_train:  0.8271461514660636
RMSE_train:  0.7922173092766297
======================================================
SRCC_test:  0.6501720842231581
KRCC_test:  0.4602718518345624
PLCC_test:  0.766833217228823
RMSE_test:  0.9945156585862348
======================================================
 -- 0.20345425605773926 seconds elapsed...


10 th repeated holdout test
======================================================
params:  {'gammma', 'C'}
SRCC_train:  0.8332098894959702
KRCC_train:  0.6709397849065114
PLCC_train:  0.8304304277734399
RMSE_train:  0.7919552508214398
======================================================
SRCC_test:  0.5437856145693799
KRCC_test:  0.4006187165337532
PLCC_test:  0.6376619391269465
RMSE_test:  1.0264265222655986
======================================================
 -- 0.12766146659851074 seconds elapsed...


======================================================
Average training results among all repeated 80-20 holdouts:
SRCC Train: 0.8426847478499069 (std: 0.01121326801709488)
KRCC Train: 0.6807231479017133 (std: 0.014143216541775019)
PLCC Train: 0.8337709451459083 (std: 0.009511324047256688)
RMSE Train: 0.7818031401051602 (std: 0.025359128766210173)
======================================================
Average testing results among all repeated 80-20 holdouts:
SRCC Test: 0.41425070397060637 (std: 0.1612266759729745)
KRCC Test: 0.30188702506392295 (std: 0.11530587258538007)
PLCC Test: 0.56574367776221 (std: 0.1477485213694892)
RMSE Test: 1.1671910991676973 (std: 0.1480435151983582)



Overall 3.0857553482055664 secs lapsed..
1 th repeated holdout test
======================================================
params:  {'gammma', 'C'}
SRCC_train:  0.7943167410074726
KRCC_train:  0.6156001327812891
PLCC_train:  0.7807426984421586
RMSE_train:  0.8717642403340464
======================================================
SRCC_test:  0.4254083056130648
KRCC_test:  0.30109594172057436
PLCC_test:  0.5112930064014445
RMSE_test:  1.4049390141682814
======================================================
 -- 0.15259242057800293 seconds elapsed...


2 th repeated holdout test
======================================================
params:  {'gammma', 'C'}
SRCC_train:  0.7427016390130327
KRCC_train:  0.5691497305881053
PLCC_train:  0.7353277885164298
RMSE_train:  0.9574441595388534
======================================================
SRCC_test:  0.47328053365624495
KRCC_test:  0.33990106542155935
PLCC_test:  0.6892648001434349
RMSE_test:  1.1149594566655538
======================================================
 -- 0.12566542625427246 seconds elapsed...


3 th repeated holdout test
======================================================
params:  {'gammma', 'C'}
SRCC_train:  0.7722987666828178
KRCC_train:  0.5993384288758377
PLCC_train:  0.7634755493465842
RMSE_train:  0.9100380601574358
======================================================
SRCC_test:  0.47291179146262763
KRCC_test:  0.33322167188769397
PLCC_test:  0.6121920032768409
RMSE_test:  1.239859505628089
======================================================
 -- 0.20046234130859375 seconds elapsed...


4 th repeated holdout test
======================================================
params:  {'gammma', 'C'}
SRCC_train:  0.78582640021339
KRCC_train:  0.6153497412373462
PLCC_train:  0.7749338324675676
RMSE_train:  0.9029077489591658
======================================================
SRCC_test:  0.32385091641856384
KRCC_test:  0.20408067029444715
PLCC_test:  0.7360648633425226
RMSE_test:  0.9259497175608977
======================================================
 -- 0.1726365089416504 seconds elapsed...


5 th repeated holdout test
======================================================
params:  {'gammma', 'C'}
SRCC_train:  0.7690508548867521
KRCC_train:  0.5919877408959945
PLCC_train:  0.7641752091157004
RMSE_train:  0.9177710049562725
======================================================
SRCC_test:  0.4657450540098382
KRCC_test:  0.3515769519763903
PLCC_test:  0.41962208354819974
RMSE_test:  1.2992921310261456
======================================================
 -- 0.1787567138671875 seconds elapsed...


6 th repeated holdout test
======================================================
params:  {'gammma', 'C'}
SRCC_train:  0.7455617124553356
KRCC_train:  0.5681788124156911
PLCC_train:  0.7446067360952286
RMSE_train:  0.929423622135123
======================================================
SRCC_test:  0.36101884281090746
KRCC_test:  0.27068191306576406
PLCC_test:  0.45609720849430546
RMSE_test:  1.4670641304116667
======================================================
 -- 0.1765270233154297 seconds elapsed...


7 th repeated holdout test
======================================================
params:  {'gammma', 'C'}
SRCC_train:  0.7796404999340821
KRCC_train:  0.6002739259946072
PLCC_train:  0.7754835207478123
RMSE_train:  0.8939037694764502
======================================================
SRCC_test:  0.3648543690067611
KRCC_test:  0.2885789576357568
PLCC_test:  0.5481672787388219
RMSE_test:  1.1649528843364398
======================================================
 -- 0.16057085990905762 seconds elapsed...


8 th repeated holdout test
======================================================
params:  {'gammma', 'C'}
SRCC_train:  0.7667155907948435
KRCC_train:  0.5913056809928605
PLCC_train:  0.7636827482100879
RMSE_train:  0.9411403409782172
======================================================
SRCC_test:  -0.025621768565402617
KRCC_test:  0.03208969123804186
PLCC_test:  0.2905821956176202
RMSE_test:  1.0417244493050453
======================================================
 -- 0.14461302757263184 seconds elapsed...


9 th repeated holdout test
======================================================
params:  {'gammma', 'C'}
SRCC_train:  0.7674471487231517
KRCC_train:  0.5903647459196599
PLCC_train:  0.7605532046282937
RMSE_train:  0.9152658285756484
======================================================
SRCC_test:  0.6363058549387779
KRCC_test:  0.44890711475222744
PLCC_test:  0.7506638320358807
RMSE_test:  1.0237043000335775
======================================================
 -- 0.13364267349243164 seconds elapsed...


10 th repeated holdout test
======================================================
params:  {'gammma', 'C'}
SRCC_train:  0.766489229427308
KRCC_train:  0.5958310756319065
PLCC_train:  0.7623099190849445
RMSE_train:  0.9200188790219497
======================================================
SRCC_test:  0.5369119200031939
KRCC_test:  0.38949041885226005
PLCC_test:  0.6264984579450982
RMSE_test:  1.0385604673312347
======================================================
 -- 0.15658330917358398 seconds elapsed...


======================================================
Average training results among all repeated 80-20 holdouts:
SRCC Train: 0.7690048583138187 (std: 0.0151758377859128)
KRCC Train: 0.5937380015333298 (std: 0.015171347320768405)
PLCC Train: 0.7625291206654807 (std: 0.013127987643370958)
RMSE Train: 0.9159677654133163 (std: 0.022807154141472184)
======================================================
Average testing results among all repeated 80-20 holdouts:
SRCC Test: 0.40346658193545765 (std: 0.16728019544555173)
KRCC Test: 0.2959624396844715 (std: 0.10832471754297314)
PLCC Test: 0.5640445729544169 (std: 0.1402296235693232)
RMSE Test: 1.1721006056466932 (std: 0.16815022831244633)



Overall 4.6967854499816895 secs lapsed..
