Namespace(color_only=False, dataset_name='mc_study', feature_file='feat_files/mc_RAPIQUE_feats.mat', log_file='logs/mc_RAPIQUE_SVR_change_C_small1.log', log_short=False, max_thread_count=4, model_name='RAPIQUE', mos_file='mos_files/mc_us.csv', num_iterations=11, out_file='result/mc_RAPIQUE_SVR_corr.mat', use_parallel=False)
1 th repeated holdout test
======================================================
params:  {'C', 'gammma'}
SRCC_train:  0.6935296206095256
KRCC_train:  0.5130893280616223
PLCC_train:  0.690290166006567
RMSE_train:  1.0094377960821288
======================================================
SRCC_test:  0.39955476217801666
KRCC_test:  0.2774805737424901
PLCC_test:  0.4687407839890768
RMSE_test:  1.4440581274061235
======================================================
 -- 0.21174931526184082 seconds elapsed...


2 th repeated holdout test
======================================================
params:  {'C', 'gammma'}
SRCC_train:  0.658765727442337
KRCC_train:  0.48362982288315676
PLCC_train:  0.6590753556525072
RMSE_train:  1.0625044916886146
======================================================
SRCC_test:  0.34002679117050605
KRCC_test:  0.2266007102810396
PLCC_test:  0.5647307811970242
RMSE_test:  1.2700293977526547
======================================================
 -- 0.15751171112060547 seconds elapsed...


3 th repeated holdout test
======================================================
params:  {'C', 'gammma'}
SRCC_train:  0.665778687395286
KRCC_train:  0.4928549398341247
PLCC_train:  0.6716510237170171
RMSE_train:  1.0439446095401128
======================================================
SRCC_test:  0.45072013781794124
KRCC_test:  0.32192602199319587
PLCC_test:  0.6259286749626785
RMSE_test:  1.2228795115877449
======================================================
 -- 0.13164782524108887 seconds elapsed...


4 th repeated holdout test
======================================================
params:  {'C', 'gammma'}
SRCC_train:  0.6965997592057426
KRCC_train:  0.5217767851741623
PLCC_train:  0.697331853090672
RMSE_train:  1.0239150540190907
======================================================
SRCC_test:  0.37858628257381405
KRCC_test:  0.24820622062838169
PLCC_test:  0.7181547474235919
RMSE_test:  0.9519021879534018
======================================================
 -- 0.15857958793640137 seconds elapsed...


5 th repeated holdout test
======================================================
params:  {'C', 'gammma'}
SRCC_train:  0.6559322648447952
KRCC_train:  0.4814261138564887
PLCC_train:  0.6639247202753804
RMSE_train:  1.0640299873451036
======================================================
SRCC_test:  0.38418249954330347
KRCC_test:  0.2846099135046969
PLCC_test:  0.4445825678278399
RMSE_test:  1.2821709515296529
======================================================
 -- 0.15658211708068848 seconds elapsed...


6 th repeated holdout test
======================================================
params:  {'C', 'gammma'}
SRCC_train:  0.6601650073714381
KRCC_train:  0.48921861942893863
PLCC_train:  0.6667503662394415
RMSE_train:  1.037720352657522
======================================================
SRCC_test:  0.25529748971009936
KRCC_test:  0.1883004612631402
PLCC_test:  0.26865420724086886
RMSE_test:  1.5879114735066453
======================================================
 -- 0.1985018253326416 seconds elapsed...


7 th repeated holdout test
======================================================
params:  {'C', 'gammma'}
SRCC_train:  0.6971107020566412
KRCC_train:  0.5181897694291508
PLCC_train:  0.6961383863287702
RMSE_train:  1.0164286444704744
======================================================
SRCC_test:  0.37724857262482525
KRCC_test:  0.32320843255204756
PLCC_test:  0.4659724676558691
RMSE_test:  1.2324102748868766
======================================================
 -- 0.15659117698669434 seconds elapsed...


8 th repeated holdout test
======================================================
params:  {'C', 'gammma'}
SRCC_train:  0.6819903933657752
KRCC_train:  0.5039906250770191
PLCC_train:  0.683465215374661
RMSE_train:  1.0641656519145541
======================================================
SRCC_test:  -0.08967618997890917
KRCC_test:  -0.010696563746013953
PLCC_test:  0.20222475143221758
RMSE_test:  1.0662083810229392
======================================================
 -- 0.12267231941223145 seconds elapsed...


9 th repeated holdout test
======================================================
params:  {'C', 'gammma'}
SRCC_train:  0.6617769820139896
KRCC_train:  0.48755256099878697
PLCC_train:  0.6665111444953132
RMSE_train:  1.050903722679206
======================================================
SRCC_test:  0.6155065110122075
KRCC_test:  0.4148129035052229
PLCC_test:  0.7285147059766894
RMSE_test:  1.061427173100426
======================================================
 -- 0.15358853340148926 seconds elapsed...


10 th repeated holdout test
======================================================
params:  {'C', 'gammma'}
SRCC_train:  0.6497329096047676
KRCC_train:  0.4777263252698712
PLCC_train:  0.6577799996433502
RMSE_train:  1.0706960701066153
======================================================
SRCC_test:  0.527746993914946
KRCC_test:  0.3561055258077806
PLCC_test:  0.6264984578053723
RMSE_test:  1.0385604674811124
======================================================
 -- 0.13863039016723633 seconds elapsed...


======================================================
Average training results among all repeated 80-20 holdouts:
SRCC Train: 0.6721382053910299 (std: 0.017352983323491108)
KRCC Train: 0.4969454890013322 (std: 0.01526554495712825)
PLCC Train: 0.6752918230823679 (std: 0.0144022837694025)
RMSE Train: 1.0443746380503423 (std: 0.020752772854295953)
======================================================
Average testing results among all repeated 80-20 holdouts:
SRCC Test: 0.36391938505667504 (std: 0.17828676758782291)
KRCC Test: 0.26305541995319814 (std: 0.11023763739433233)
PLCC Test: 0.5114002145511228 (std: 0.16791600835265172)
RMSE Test: 1.2157557946227577 (std: 0.18587769706138182)



Overall 1.5960383415222168 secs lapsed..
1 th repeated holdout test
======================================================
params:  {'C', 'gammma'}
SRCC_train:  0.6280113384605535
KRCC_train:  0.45514261991068794
PLCC_train:  0.6232034230822014
RMSE_train:  1.0910920240358535
======================================================
SRCC_test:  0.41052293212015833
KRCC_test:  0.2774805737424901
PLCC_test:  0.6057188614721348
RMSE_test:  1.3007583270492942
======================================================
 -- 0.16755247116088867 seconds elapsed...


2 th repeated holdout test
======================================================
params:  {'C', 'gammma'}
SRCC_train:  0.5798245819857842
KRCC_train:  0.41486538298873893
PLCC_train:  0.5899483508874217
RMSE_train:  1.1407206677290633
======================================================
SRCC_test:  0.3308368778956275
KRCC_test:  0.2266007102810396
PLCC_test:  0.566189217083945
RMSE_test:  1.268490645840315
======================================================
 -- 0.13863086700439453 seconds elapsed...


3 th repeated holdout test
======================================================
params:  {'C', 'gammma'}
SRCC_train:  0.5948243698379491
KRCC_train:  0.4300913719858607
PLCC_train:  0.6389058416061664
RMSE_train:  1.0839869316616186
======================================================
SRCC_test:  0.46832041484648557
KRCC_test:  0.33322167188769397
PLCC_test:  0.7255271736711209
RMSE_test:  1.0791114314099493
======================================================
 -- 0.16455984115600586 seconds elapsed...


4 th repeated holdout test
======================================================
params:  {'C', 'gammma'}
SRCC_train:  0.6784663951117769
KRCC_train:  0.5016101998157175
PLCC_train:  0.670034230449291
RMSE_train:  1.0604600675661742
======================================================
SRCC_test:  0.3960711912067412
KRCC_test:  0.27026899579534897
PLCC_test:  0.7360648623346517
RMSE_test:  0.9259497191461052
======================================================
 -- 0.16655755043029785 seconds elapsed...


5 th repeated holdout test
======================================================
params:  {'C', 'gammma'}
SRCC_train:  0.6017181480078087
KRCC_train:  0.4340617275155354
PLCC_train:  0.6074345360194091
RMSE_train:  1.1302940431733621
======================================================
SRCC_test:  0.4078127723326734
KRCC_test:  0.2957710865833124
PLCC_test:  0.4094540067360638
RMSE_test:  1.305922225754224
======================================================
 -- 0.1525893211364746 seconds elapsed...


6 th repeated holdout test
======================================================
params:  {'C', 'gammma'}
SRCC_train:  0.5828667745520981
KRCC_train:  0.41909126158985677
PLCC_train:  0.6107676438197069
RMSE_train:  1.1025064292524
======================================================
SRCC_test:  0.18090098197249377
KRCC_test:  0.1294565671184089
PLCC_test:  0.26063840473300653
RMSE_test:  1.591537885353161
======================================================
 -- 0.19747424125671387 seconds elapsed...


7 th repeated holdout test
======================================================
params:  {'C', 'gammma'}
SRCC_train:  0.5938759433028068
KRCC_train:  0.4244367866852719
PLCC_train:  0.6028599261037607
RMSE_train:  1.1296085628229469
======================================================
SRCC_test:  0.35865726719772917
KRCC_test:  0.31166527424661733
PLCC_test:  0.5180629660891198
RMSE_test:  1.1913808703112674
======================================================
 -- 0.1655580997467041 seconds elapsed...


8 th repeated holdout test
======================================================
params:  {'C', 'gammma'}
SRCC_train:  0.6270521975626826
KRCC_train:  0.45674573435666466
PLCC_train:  0.636218884588593
RMSE_train:  1.1247013535088188
======================================================
SRCC_test:  0.06556158427029493
KRCC_test:  0.06417938247608372
PLCC_test:  0.13136297224586402
RMSE_test:  1.0792675765699198
======================================================
 -- 0.1276566982269287 seconds elapsed...


9 th repeated holdout test
======================================================
params:  {'C', 'gammma'}
SRCC_train:  0.5846791810623297
KRCC_train:  0.4211138775316433
PLCC_train:  0.6118558420932881
RMSE_train:  1.115007484090277
======================================================
SRCC_test:  0.5970182052997008
KRCC_test:  0.4148129035052229
PLCC_test:  0.6968987554424179
RMSE_test:  1.111225842819081
======================================================
 -- 0.16156983375549316 seconds elapsed...


10 th repeated holdout test
======================================================
params:  {'C', 'gammma'}
SRCC_train:  0.628563976631973
KRCC_train:  0.45743756838174
PLCC_train:  0.6334858112233585
RMSE_train:  1.0998998587855122
======================================================
SRCC_test:  0.527746993914946
KRCC_test:  0.3561055258077806
PLCC_test:  0.6264984579450981
RMSE_test:  1.0385604673312347
======================================================
 -- 0.21742010116577148 seconds elapsed...


======================================================
Average training results among all repeated 80-20 holdouts:
SRCC Train: 0.6099882906515763 (std: 0.02914487698822415)
KRCC Train: 0.4414596530761717 (std: 0.02527759033664932)
PLCC Train: 0.6224714489873197 (std: 0.021820389650200032)
RMSE Train: 1.1078277422626026 (std: 0.02362347062825447)
======================================================
Average testing results among all repeated 80-20 holdouts:
SRCC Test: 0.37434492210568504 (std: 0.1482412615376168)
KRCC Test: 0.26795626914439985 (std: 0.09939537556173589)
PLCC Test: 0.5276415677753421 (std: 0.19261077634676557)
RMSE Test: 1.1892204991584552 (std: 0.177908529822562)



Overall 3.2635855674743652 secs lapsed..
1 th repeated holdout test
======================================================
params:  {'C', 'gammma'}
SRCC_train:  0.5995283951161298
KRCC_train:  0.4289127012095721
PLCC_train:  0.5848802579597028
RMSE_train:  1.1316349539927124
======================================================
SRCC_test:  0.42462486490291185
KRCC_test:  0.2892882577315322
PLCC_test:  0.45986351977722856
RMSE_test:  1.4516661266922655
======================================================
 -- 0.1745314598083496 seconds elapsed...


2 th repeated holdout test
======================================================
params:  {'C', 'gammma'}
SRCC_train:  0.519295662937957
KRCC_train:  0.36593941698198945
PLCC_train:  0.5164427331207748
RMSE_train:  1.2097774490898885
======================================================
SRCC_test:  0.21443130974716598
KRCC_test:  0.12463039065457175
PLCC_test:  0.40566536239454964
RMSE_test:  1.4066027923259008
======================================================
 -- 0.14760541915893555 seconds elapsed...


3 th repeated holdout test
======================================================
params:  {'C', 'gammma'}
SRCC_train:  0.5318002849359978
KRCC_train:  0.37658140708958426
PLCC_train:  0.5411157529164259
RMSE_train:  1.1849663507966612
======================================================
SRCC_test:  0.45913766161420155
KRCC_test:  0.32192602199319587
PLCC_test:  0.6255995783297323
RMSE_test:  1.2232935009812076
======================================================
 -- 0.1376328468322754 seconds elapsed...


4 th repeated holdout test
======================================================
params:  {'C', 'gammma'}
SRCC_train:  0.6212547285962493
KRCC_train:  0.4489081900789817
PLCC_train:  0.6108756734367392
RMSE_train:  1.131025485967468
======================================================
SRCC_test:  0.39759161804438703
KRCC_test:  0.27026899579534897
PLCC_test:  0.7181547474235919
RMSE_test:  0.9519021879534018
======================================================
 -- 0.18251323699951172 seconds elapsed...


5 th repeated holdout test
======================================================
params:  {'C', 'gammma'}
SRCC_train:  0.5587196336632057
KRCC_train:  0.3982365401131712
PLCC_train:  0.5587727952695549
RMSE_train:  1.1800252410442105
======================================================
SRCC_test:  0.3879938338641696
KRCC_test:  0.2846099135046969
PLCC_test:  0.36411386098464904
RMSE_test:  1.3331529730047573
======================================================
 -- 0.17553019523620605 seconds elapsed...


6 th repeated holdout test
======================================================
params:  {'C', 'gammma'}
SRCC_train:  0.5285449786148025
KRCC_train:  0.37559624002935754
PLCC_train:  0.5497918593144668
RMSE_train:  1.1630638947517484
======================================================
SRCC_test:  0.19499716238593484
KRCC_test:  0.14122534594735514
PLCC_test:  0.2606384055177615
RMSE_test:  1.5915378853824662
======================================================
 -- 0.15558457374572754 seconds elapsed...


7 th repeated holdout test
======================================================
params:  {'C', 'gammma'}
SRCC_train:  0.549279816612831
KRCC_train:  0.38835731263934425
PLCC_train:  0.553000997334769
RMSE_train:  1.179634535212408
======================================================
SRCC_test:  0.30908045272547285
KRCC_test:  0.2770357993303265
PLCC_test:  0.41923784887251736
RMSE_test:  1.2645538389405866
======================================================
 -- 0.14960050582885742 seconds elapsed...


8 th repeated holdout test
======================================================
params:  {'C', 'gammma'}
SRCC_train:  0.596962532857448
KRCC_train:  0.42764071571805085
PLCC_train:  0.6083994149498781
RMSE_train:  1.1569512548903274
======================================================
SRCC_test:  0.017332372853066477
KRCC_test:  0.04278625498405581
PLCC_test:  0.24457424555660617
RMSE_test:  1.0556386409360363
======================================================
 -- 0.1386275291442871 seconds elapsed...


9 th repeated holdout test
======================================================
params:  {'C', 'gammma'}
SRCC_train:  0.5638807245114534
KRCC_train:  0.39963874752206147
PLCC_train:  0.5626436107045822
RMSE_train:  1.1653754493922002
======================================================
SRCC_test:  0.5430939803048891
KRCC_test:  0.3693539551758834
PLCC_test:  0.5856937215360557
RMSE_test:  1.255888021323402
======================================================
 -- 0.1296534538269043 seconds elapsed...


10 th repeated holdout test
======================================================
params:  {'C', 'gammma'}
SRCC_train:  0.5847980861231208
KRCC_train:  0.41793495563266325
PLCC_train:  0.6290348194510358
RMSE_train:  1.1050497344465395
======================================================
SRCC_test:  0.5033071910129513
KRCC_test:  0.3449772281262875
PLCC_test:  0.6138690416419883
RMSE_test:  1.0518655133909751
======================================================
 -- 0.20345687866210938 seconds elapsed...


======================================================
Average training results among all repeated 80-20 holdouts:
SRCC Train: 0.5654064843969195 (std: 0.03252170970192465)
KRCC Train: 0.4027746227014776 (std: 0.025844789820910687)
PLCC Train: 0.571495791445793 (std: 0.03377821192385987)
RMSE Train: 1.1607504349584166 (std: 0.02931418525627258)
======================================================
Average testing results among all repeated 80-20 holdouts:
SRCC Test: 0.34515904474551506 (std: 0.15378209703300527)
KRCC Test: 0.2466102163243254 (std: 0.1013383773130203)
PLCC Test: 0.46974103320346805 (std: 0.15249724174994253)
RMSE Test: 1.2586101480931 (std: 0.18838006718582823)



Overall 4.867298126220703 secs lapsed..
