Namespace(color_only=False, dataset_name='mc_study', feature_file='feat_files/mc_RAPIQUE_feats.mat', log_file='logs/mc_RAPIQUE_SVR_feats_spatial_nss.log', log_short=False, max_thread_count=4, model_name='RAPIQUE', mos_file='mos_files/mc_us.csv', num_iterations=11, out_file='result/mc_RAPIQUE_SVR_corr.mat', use_parallel=False)
1 th repeated holdout test
1360-dim features, using SVR
======================================================
params:  {'gamma': 0.015625, 'C': 2.0}
SRCC_train:  0.8044939735521287
KRCC_train:  0.656283271991183
PLCC_train:  0.8021498709018966
RMSE_train:  0.8330768251911914
======================================================
SRCC_test:  0.3517648788586853
KRCC_test:  0.2538652057644058
PLCC_test:  0.47867388415840706
RMSE_test:  1.4353235269026539
======================================================
 -- 2.7562782764434814 seconds elapsed...


2 th repeated holdout test
1360-dim features, using SVR
======================================================
params:  {'gamma': 0.0078125, 'C': 2.0}
SRCC_train:  0.7078360022334653
KRCC_train:  0.547166556820689
PLCC_train:  0.7134618842391434
RMSE_train:  0.9899128113301205
======================================================
SRCC_test:  0.4901287079935222
KRCC_test:  0.33990106542155935
PLCC_test:  0.6892648001417356
RMSE_test:  1.1149594566680414
======================================================
 -- 0.7252757549285889 seconds elapsed...


3 th repeated holdout test
1360-dim features, using SVR
======================================================
params:  {'gamma': 0.015625, 'C': 4.0}
SRCC_train:  0.8615525471620289
KRCC_train:  0.7306323026438942
PLCC_train:  0.855869961990461
RMSE_train:  0.7287655513307462
======================================================
SRCC_test:  0.511173263263811
KRCC_test:  0.3558129716766902
PLCC_test:  0.6174791675305973
RMSE_test:  1.2333962070880038
======================================================
 -- 0.7384192943572998 seconds elapsed...


4 th repeated holdout test
1360-dim features, using SVR
======================================================
params:  {'gamma': 0.00390625, 'C': 2.0}
SRCC_train:  0.643784939093037
KRCC_train:  0.48144361445727263
PLCC_train:  0.6484139011323156
RMSE_train:  1.0875423314277881
======================================================
SRCC_test:  0.3557798800091265
KRCC_test:  0.19304928271096353
PLCC_test:  0.7367386775186386
RMSE_test:  0.9249464551155971
======================================================
 -- 0.7057802677154541 seconds elapsed...


5 th repeated holdout test
1360-dim features, using SVR
======================================================
params:  {'gamma': 0.0625, 'C': 16.0}
SRCC_train:  0.9897887371585473
KRCC_train:  0.9407130669587074
PLCC_train:  0.9985347847247958
RMSE_train:  0.07699726890874738
======================================================
SRCC_test:  0.2477367308562969
KRCC_test:  0.17299818271854125
PLCC_test:  0.2463838069528061
RMSE_test:  1.3872860052415825
======================================================
 -- 0.7066259384155273 seconds elapsed...


6 th repeated holdout test
1360-dim features, using SVR
======================================================
params:  {'gamma': 0.0078125, 'C': 2.0}
SRCC_train:  0.727769972036328
KRCC_train:  0.5597474697747329
PLCC_train:  0.7291341582243291
RMSE_train:  0.9529095511422933
======================================================
SRCC_test:  0.2130089484697762
KRCC_test:  0.17653168243419395
PLCC_test:  0.27704044942335093
RMSE_test:  1.583990587704476
======================================================
 -- 0.7208824157714844 seconds elapsed...


7 th repeated holdout test
1360-dim features, using SVR
======================================================
params:  {'gamma': 0.03125, 'C': 2.0}
SRCC_train:  0.8849012811125755
KRCC_train:  0.7581383905003949
PLCC_train:  0.8760067209070828
RMSE_train:  0.6828488806405517
======================================================
SRCC_test:  0.4043608930393404
KRCC_test:  0.32320843255204756
PLCC_test:  0.4744912428232569
RMSE_test:  1.226088042976589
======================================================
 -- 0.7045271396636963 seconds elapsed...


8 th repeated holdout test
1360-dim features, using SVR
======================================================
params:  {'gamma': 0.015625, 'C': 4.0}
SRCC_train:  0.8579130389116895
KRCC_train:  0.7243765336521969
PLCC_train:  0.8525039656050574
RMSE_train:  0.7620196796297435
======================================================
SRCC_test:  0.22230652137628742
KRCC_test:  0.14975189244419534
PLCC_test:  0.4211596883962452
RMSE_test:  0.9874379285369163
======================================================
 -- 0.6977620124816895 seconds elapsed...


9 th repeated holdout test
1360-dim features, using SVR
======================================================
params:  {'gamma': 1.0, 'C': 64.0}
SRCC_train:  0.9904306218251318
KRCC_train:  0.9459123671407988
PLCC_train:  0.9994803498210895
RMSE_train:  0.045439366447524485
======================================================
SRCC_test:  0.5375184973910482
KRCC_test:  0.34184288580333216
PLCC_test:  0.004332476841073598
RMSE_test:  1.5494459512636731
======================================================
 -- 0.677950382232666 seconds elapsed...


10 th repeated holdout test
1360-dim features, using SVR
======================================================
params:  {'gamma': 0.00390625, 'C': 16.0}
SRCC_train:  0.8100155040764104
KRCC_train:  0.6714772354201044
PLCC_train:  0.808705263871885
RMSE_train:  0.8361524721594392
======================================================
SRCC_test:  0.40478423556428555
KRCC_test:  0.3004640374003149
PLCC_test:  0.497694955459422
RMSE_test:  1.1557242155795509
======================================================
 -- 0.6596903800964355 seconds elapsed...


======================================================
Average training results among all repeated 80-20 holdouts:
SRCC Train: 0.8278486617161341 (std: 0.1082192225799666)
KRCC Train: 0.7015890809359974 (std: 0.14724926981163552)
PLCC Train: 0.8284260861418055 (std: 0.10879004991316195)
RMSE Train: 0.6995664738208145 (std: 0.3399995411692826)
======================================================
Average testing results among all repeated 80-20 holdouts:
SRCC Test: 0.373856255682218 (std: 0.1125201061917933)
KRCC Test: 0.26074256389262435 (std: 0.07687694695012202)
PLCC Test: 0.44432591492455337 (std: 0.21017057816855966)
RMSE Test: 1.2598598377077086 (std: 0.21354336121222123)



Overall 9.10116958618164 secs lapsed..
