Namespace(color_only=False, dataset_name='mc_study', feature_file='feat_files/mc_RAPIQUE_feats.mat', log_file='logs/mc_RAPIQUE_SVR_feats_temporal_nss.log', log_short=False, max_thread_count=4, model_name='RAPIQUE', mos_file='mos_files/mc_us.csv', num_iterations=11, out_file='result/mc_RAPIQUE_SVR_corr.mat', use_parallel=False)
1 th repeated holdout test
476-dim features, using SVR
======================================================
params:  {'gamma': 0.03125, 'C': 2.0}
SRCC_train:  0.6830229131738847
KRCC_train:  0.5144275892198426
PLCC_train:  0.6930504718895382
RMSE_train:  1.005749601961864
======================================================
SRCC_test:  0.42854206845367665
KRCC_test:  0.3129036257096165
PLCC_test:  0.477770322472739
RMSE_test:  1.436127848692326
======================================================
 -- 2.2659435272216797 seconds elapsed...


2 th repeated holdout test
476-dim features, using SVR
======================================================
params:  {'gamma': 0.0078125, 'C': 2.0}
SRCC_train:  0.46965728853935046
KRCC_train:  0.33631574989297125
PLCC_train:  0.5260683563614281
RMSE_train:  1.201471207001609
======================================================
SRCC_test:  0.2634441805465182
KRCC_test:  0.14729046168267573
PLCC_test:  0.6527862316762262
RMSE_test:  1.1657939444210779
======================================================
 -- 0.20345711708068848 seconds elapsed...


3 th repeated holdout test
476-dim features, using SVR
======================================================
params:  {'gamma': 0.015625, 'C': 2.0}
SRCC_train:  0.5012349515973898
KRCC_train:  0.36759602451301654
PLCC_train:  0.5708254908890644
RMSE_train:  1.156958398921384
======================================================
SRCC_test:  0.608357401638817
KRCC_test:  0.446178170832675
PLCC_test:  0.7423661172736686
RMSE_test:  1.050574638291835
======================================================
 -- 0.2234025001525879 seconds elapsed...


4 th repeated holdout test
476-dim features, using SVR
======================================================
params:  {'gamma': 0.5, 'C': 128.0}
SRCC_train:  0.9892882911133751
KRCC_train:  0.9370739996557359
PLCC_train:  0.9991294358096336
RMSE_train:  0.05959612809939722
======================================================
SRCC_test:  0.5275881126631063
KRCC_test:  0.358520096463218
PLCC_test:  0.6255872799394502
RMSE_test:  1.0671765373440603
======================================================
 -- 0.21043872833251953 seconds elapsed...


5 th repeated holdout test
476-dim features, using SVR
======================================================
params:  {'gamma': 0.25, 'C': 16.0}
SRCC_train:  0.9882363860472931
KRCC_train:  0.9314548724614673
PLCC_train:  0.9971719407960615
RMSE_train:  0.10693520905297318
======================================================
SRCC_test:  -0.07470215268897568
KRCC_test:  -0.03906410577515447
PLCC_test:  0.17151675102833822
RMSE_test:  1.410201306525179
======================================================
 -- 0.2403583526611328 seconds elapsed...


6 th repeated holdout test
476-dim features, using SVR
======================================================
params:  {'gamma': 0.015625, 'C': 4.0}
SRCC_train:  0.618823733835391
KRCC_train:  0.4600434972745115
PLCC_train:  0.6354219165474781
RMSE_train:  1.0751533193833032
======================================================
SRCC_test:  0.3696331752857881
KRCC_test:  0.24714435540787152
PLCC_test:  0.6110725299746746
RMSE_test:  1.304923720983041
======================================================
 -- 0.19946670532226562 seconds elapsed...


7 th repeated holdout test
476-dim features, using SVR
======================================================
params:  {'gamma': 0.0078125, 'C': 16.0}
SRCC_train:  0.6451398967106291
KRCC_train:  0.4893530150801753
PLCC_train:  0.671783317089575
RMSE_train:  1.0487661308903682
======================================================
SRCC_test:  0.15725145840418794
KRCC_test:  0.1154315830543027
PLCC_test:  0.397175825595391
RMSE_test:  1.2782960320581265
======================================================
 -- 0.19747257232666016 seconds elapsed...


8 th repeated holdout test
476-dim features, using SVR
======================================================
params:  {'gamma': 0.0078125, 'C': 2.0}
SRCC_train:  0.4730117695193292
KRCC_train:  0.3426269868573557
PLCC_train:  0.5361812340262906
RMSE_train:  1.2305289286638006
======================================================
SRCC_test:  0.11077646997394662
KRCC_test:  0.08557250996811162
PLCC_test:  0.4929438896543328
RMSE_test:  0.9472371744656286
======================================================
 -- 0.18949460983276367 seconds elapsed...


9 th repeated holdout test
476-dim features, using SVR
======================================================
params:  {'gamma': 0.5, 'C': 128.0}
SRCC_train:  0.9898204822052115
KRCC_train:  0.9390671694502446
PLCC_train:  0.9990480683011658
RMSE_train:  0.06149398954318362
======================================================
SRCC_test:  0.29273150711469204
KRCC_test:  0.21024763602319516
PLCC_test:  0.36522252758070595
RMSE_test:  1.442424147828236
======================================================
 -- 0.2124314308166504 seconds elapsed...


10 th repeated holdout test
476-dim features, using SVR
======================================================
params:  {'gamma': 0.25, 'C': 4.0}
SRCC_train:  0.97568569460539
KRCC_train:  0.9040589451774232
PLCC_train:  0.9781007572814058
RMSE_train:  0.29586174893994716
======================================================
SRCC_test:  0.23370561525032338
KRCC_test:  0.18918106058538345
PLCC_test:  0.40583375918001485
RMSE_test:  1.2178105441831437
======================================================
 -- 0.2124323844909668 seconds elapsed...


======================================================
Average training results among all repeated 80-20 holdouts:
SRCC Train: 0.7333921407347244 (std: 0.2167008301019804)
KRCC Train: 0.6222017849582744 (std: 0.25591121186750415)
PLCC Train: 0.7606780988991642 (std: 0.1966038422323206)
RMSE Train: 0.724251466245783 (std: 0.49240077383783326)
======================================================
Average testing results among all repeated 80-20 holdouts:
SRCC Test: 0.291732783664208 (std: 0.19233759591441882)
KRCC Test: 0.20734053939518954 (std: 0.1343729026812427)
PLCC Test: 0.4942275234375543 (std: 0.15997227111849904)
RMSE Test: 1.2320565894792652 (std: 0.16459640058694305)



Overall 4.158885717391968 secs lapsed..
