Namespace(color_only=False, dataset_name='mc_study', feature_file='feat_files/mc_RAPIQUE_feats.mat', log_file='logs/mc_RAPIQUE_SVR_change_C.log', log_short=False, max_thread_count=4, model_name='RAPIQUE', mos_file='mos_files/mc_us.csv', num_iterations=11, out_file='result/mc_RAPIQUE_SVR_corr.mat', use_parallel=False)
1 th repeated holdout test
======================================================
params:  {'gammma', 'C'}
SRCC_train:  0.9890396212038642
KRCC_train:  0.9346415929009834
PLCC_train:  0.9958322643369588
RMSE_train:  0.12724289292082713
======================================================
SRCC_test:  0.477898833193314
KRCC_test:  0.3365189936877007
PLCC_test:  0.7039123544356904
RMSE_test:  1.1611615022543191
======================================================
 -- 0.16162729263305664 seconds elapsed...


2 th repeated holdout test
======================================================
params:  {'gammma', 'C'}
SRCC_train:  0.9854734756205404
KRCC_train:  0.9261082168236502
PLCC_train:  0.9929482149478686
RMSE_train:  0.16748119867946124
======================================================
SRCC_test:  0.5284200133055161
KRCC_test:  0.3625611364496633
PLCC_test:  0.7055438334502835
RMSE_test:  1.0905780501145295
======================================================
 -- 0.15652060508728027 seconds elapsed...


3 th repeated holdout test
======================================================
params:  {'gammma', 'C'}
SRCC_train:  0.9858275839602377
KRCC_train:  0.9273719480144142
PLCC_train:  0.992419763139321
RMSE_train:  0.17316839116998245
======================================================
SRCC_test:  0.6282533669754324
KRCC_test:  0.46876947062167124
PLCC_test:  0.8301477997486824
RMSE_test:  0.8742474718177122
======================================================
 -- 0.17453384399414062 seconds elapsed...


4 th repeated holdout test
======================================================
params:  {'gammma', 'C'}
SRCC_train:  0.9862381199837713
KRCC_train:  0.9284695899027995
PLCC_train:  0.9944889367328849
RMSE_train:  0.1497720253496242
======================================================
SRCC_test:  0.43864314266082477
KRCC_test:  0.28130038337883256
PLCC_test:  0.7940676681866952
RMSE_test:  0.8314526144049533
======================================================
 -- 0.1326465606689453 seconds elapsed...


5 th repeated holdout test
======================================================
params:  {'gammma', 'C'}
SRCC_train:  0.9879667388992481
KRCC_train:  0.9322599328525316
PLCC_train:  0.997104279126871
RMSE_train:  0.10820503400310882
======================================================
SRCC_test:  0.38265796581495704
KRCC_test:  0.2622875673474658
PLCC_test:  0.4816789307465471
RMSE_test:  1.2544156958246477
======================================================
 -- 0.18849539756774902 seconds elapsed...


6 th repeated holdout test
======================================================
params:  {'gammma', 'C'}
SRCC_train:  0.985919775911805
KRCC_train:  0.9295220684567621
PLCC_train:  0.993226453670129
RMSE_train:  0.16178810513286748
======================================================
SRCC_test:  0.38372935569922917
KRCC_test:  0.31775702838154907
PLCC_test:  0.5125558161747985
RMSE_test:  1.4155050449925917
======================================================
 -- 0.16356468200683594 seconds elapsed...


7 th repeated holdout test
======================================================
params:  {'gammma', 'C'}
SRCC_train:  0.9857157702361039
KRCC_train:  0.925793939040951
PLCC_train:  0.9953077190531606
RMSE_train:  0.13699517741787454
======================================================
SRCC_test:  0.48414857883062784
KRCC_test:  0.39246738238462925
PLCC_test:  0.5730622699024178
RMSE_test:  1.1414734253075238
======================================================
 -- 0.18550419807434082 seconds elapsed...


8 th repeated holdout test
======================================================
params:  {'gammma', 'C'}
SRCC_train:  0.9832931044070194
KRCC_train:  0.918770983722194
PLCC_train:  0.9933187263013983
RMSE_train:  0.16823426191989022
======================================================
SRCC_test:  0.2999254085008895
KRCC_test:  0.1818415836822372
PLCC_test:  0.5175611128853138
RMSE_test:  0.9315436906278359
======================================================
 -- 0.17253708839416504 seconds elapsed...


9 th repeated holdout test
======================================================
params:  {'gammma', 'C'}
SRCC_train:  0.9864324886114989
KRCC_train:  0.9277927261952141
PLCC_train:  0.9939515084288117
RMSE_train:  0.1548099936236166
======================================================
SRCC_test:  0.6694307360070194
KRCC_test:  0.47163658891689725
PLCC_test:  0.7552090409981347
RMSE_test:  1.0156465976059477
======================================================
 -- 0.1515960693359375 seconds elapsed...


10 th repeated holdout test
======================================================
params:  {'gammma', 'C'}
SRCC_train:  0.9873129736114613
KRCC_train:  0.9298565698298814
PLCC_train:  0.9958078992351421
RMSE_train:  0.13002452988433222
======================================================
SRCC_test:  0.599538914939555
KRCC_test:  0.41174701421524634
PLCC_test:  0.746707674263691
RMSE_test:  0.8862982457499594
======================================================
 -- 0.1216745376586914 seconds elapsed...


======================================================
Average training results among all repeated 80-20 holdouts:
SRCC Train: 0.9863219652445551 (std: 0.001475122077360564)
KRCC Train: 0.9280587567739381 (std: 0.004028213262810931)
PLCC Train: 0.9944405764972546 (std: 0.0014470180522354738)
RMSE Train: 0.1477721610101585 (std: 0.020298324203109494)
======================================================
Average testing results among all repeated 80-20 holdouts:
SRCC Test: 0.48926463159273653 (std: 0.11249051639397431)
KRCC Test: 0.34868871490658926 (std: 0.08750435109372261)
PLCC Test: 0.6620446500792254 (std: 0.12200545968720881)
RMSE Test: 1.060232233870002 (std: 0.17814763611409234)



Overall 1.6146838665008545 secs lapsed..
1 th repeated holdout test
======================================================
params:  {'gammma', 'C'}
SRCC_train:  0.9796104147146364
KRCC_train:  0.911757327095418
PLCC_train:  0.9833678608713567
RMSE_train:  0.2533944638087401
======================================================
SRCC_test:  0.4708478668019373
KRCC_test:  0.3365189936877007
PLCC_test:  0.657027412536476
RMSE_test:  1.23240488462628
======================================================
 -- 0.16356348991394043 seconds elapsed...


2 th repeated holdout test
======================================================
params:  {'gammma', 'C'}
SRCC_train:  0.9750264567518276
KRCC_train:  0.9023824744039388
PLCC_train:  0.9788127353462881
RMSE_train:  0.28927327642889006
======================================================
SRCC_test:  0.5789645363173481
KRCC_test:  0.39655124299181926
PLCC_test:  0.810438444838717
RMSE_test:  0.901533762991825
======================================================
 -- 0.13962721824645996 seconds elapsed...


3 th repeated holdout test
======================================================
params:  {'gammma', 'C'}
SRCC_train:  0.9772980731599838
KRCC_train:  0.908864742110439
PLCC_train:  0.9790219866629496
RMSE_train:  0.28710734408265415
======================================================
SRCC_test:  0.6420274968238585
KRCC_test:  0.4913607704106674
PLCC_test:  0.8120567743219123
RMSE_test:  0.9150713390458205
======================================================
 -- 0.19049310684204102 seconds elapsed...


4 th repeated holdout test
======================================================
params:  {'gammma', 'C'}
SRCC_train:  0.974241640015964
KRCC_train:  0.9035974679607175
PLCC_train:  0.9798758078401684
RMSE_train:  0.28515132297140694
======================================================
SRCC_test:  0.42647972795965805
KRCC_test:  0.28130038337883256
PLCC_test:  0.704100466364891
RMSE_test:  0.9713495936921194
======================================================
 -- 0.16654634475708008 seconds elapsed...


5 th repeated holdout test
======================================================
params:  {'gammma', 'C'}
SRCC_train:  0.978660152271708
KRCC_train:  0.9102549488301058
PLCC_train:  0.9836263748720078
RMSE_train:  0.2564313418976717
======================================================
SRCC_test:  0.4032391711476341
KRCC_test:  0.2846099135046969
PLCC_test:  0.46676197942100844
RMSE_test:  1.2659174057703604
======================================================
 -- 0.17254114151000977 seconds elapsed...


6 th repeated holdout test
======================================================
params:  {'gammma', 'C'}
SRCC_train:  0.9793077049308965
KRCC_train:  0.9135961990238407
PLCC_train:  0.9845866606846398
RMSE_train:  0.24352503707425704
======================================================
SRCC_test:  0.40330738405123073
KRCC_test:  0.34129458603944157
PLCC_test:  0.5125558161748012
RMSE_test:  1.4155050449925892
======================================================
 -- 0.1735367774963379 seconds elapsed...


7 th repeated holdout test
======================================================
params:  {'gammma', 'C'}
SRCC_train:  0.9792262678674055
KRCC_train:  0.9115767485247118
PLCC_train:  0.98414685401328
RMSE_train:  0.25110361785986834
======================================================
SRCC_test:  0.4887964051874019
KRCC_test:  0.4040105406900595
PLCC_test:  0.564130936304746
RMSE_test:  1.1500723314956656
======================================================
 -- 0.16954708099365234 seconds elapsed...


8 th repeated holdout test
======================================================
params:  {'gammma', 'C'}
SRCC_train:  0.9711424204315128
KRCC_train:  0.8929148973967279
PLCC_train:  0.9787925539958643
RMSE_train:  0.29863503803900804
======================================================
SRCC_test:  0.2999254085008895
KRCC_test:  0.1818415836822372
PLCC_test:  0.3786654561668059
RMSE_test:  1.007630204536348
======================================================
 -- 0.14261889457702637 seconds elapsed...


9 th repeated holdout test
======================================================
params:  {'gammma', 'C'}
SRCC_train:  0.9780280301849906
KRCC_train:  0.9108810613126684
PLCC_train:  0.9805677824448662
RMSE_train:  0.27655033811394564
======================================================
SRCC_test:  0.6694307360070194
KRCC_test:  0.47163658891689725
PLCC_test:  0.7604557621342191
RMSE_test:  1.006203746186142
======================================================
 -- 0.20644664764404297 seconds elapsed...


10 th repeated holdout test
======================================================
params:  {'gammma', 'C'}
SRCC_train:  0.9790102303455974
KRCC_train:  0.9076867361441752
PLCC_train:  0.9836191067189818
RMSE_train:  0.2562406332642976
======================================================
SRCC_test:  0.6087038410278031
KRCC_test:  0.4340036095782326
PLCC_test:  0.7467076742633935
RMSE_test:  0.8862982457504047
======================================================
 -- 0.17054486274719238 seconds elapsed...


======================================================
Average training results among all repeated 80-20 holdouts:
SRCC Train: 0.9771551390674522 (std: 0.0026573076746603122)
KRCC Train: 0.9073512602802744 (std: 0.005888547126339142)
PLCC Train: 0.9816417723450404 (std: 0.002302879480437011)
RMSE Train: 0.26974124135407396 (std: 0.018609285784131194)
======================================================
Average testing results among all repeated 80-20 holdouts:
SRCC Test: 0.49917225738247806 (std: 0.11491136392015014)
KRCC Test: 0.3623128212880585 (std: 0.09106772761153134)
PLCC Test: 0.6412900722526971 (std: 0.14465004857944164)
RMSE Test: 1.0751986559087556 (std: 0.17149226925749983)



Overall 3.3201301097869873 secs lapsed..
1 th repeated holdout test
======================================================
params:  {'gammma', 'C'}
SRCC_train:  0.9435184258422562
KRCC_train:  0.8396250506673496
PLCC_train:  0.9416025668966932
RMSE_train:  0.4697842791090374
======================================================
SRCC_test:  0.5006186137877503
KRCC_test:  0.36013436166578505
PLCC_test:  0.6117749792500835
RMSE_test:  1.2931616750629855
======================================================
 -- 0.16555452346801758 seconds elapsed...


2 th repeated holdout test
======================================================
params:  {'gammma', 'C'}
SRCC_train:  0.9364257529877431
KRCC_train:  0.8320095095997102
PLCC_train:  0.93387761115916
RMSE_train:  0.5051929494681923
======================================================
SRCC_test:  0.605002623929504
KRCC_test:  0.4192113140199232
PLCC_test:  0.8104384448387169
RMSE_test:  0.9015337629918252
======================================================
 -- 0.14760470390319824 seconds elapsed...


3 th repeated holdout test
======================================================
params:  {'gammma', 'C'}
SRCC_train:  0.9412458006777726
KRCC_train:  0.8388592241258368
PLCC_train:  0.9370734060400833
RMSE_train:  0.49195679728600267
======================================================
SRCC_test:  0.5938180423543673
KRCC_test:  0.4348825209381769
PLCC_test:  0.7168913506568758
RMSE_test:  1.093210236907602
======================================================
 -- 0.1575782299041748 seconds elapsed...


4 th repeated holdout test
======================================================
params:  {'gammma', 'C'}
SRCC_train:  0.9393742503800919
KRCC_train:  0.8355688533515637
PLCC_train:  0.9391008096193778
RMSE_train:  0.49091142759709605
======================================================
SRCC_test:  0.4051937522326162
KRCC_test:  0.24820622062838169
PLCC_test:  0.7940676681839924
RMSE_test:  0.8314526144107196
======================================================
 -- 0.16655421257019043 seconds elapsed...


5 th repeated holdout test
======================================================
params:  {'gammma', 'C'}
SRCC_train:  0.9381035023394793
KRCC_train:  0.8324324443605507
PLCC_train:  0.9383584400556743
RMSE_train:  0.4918385909049472
======================================================
SRCC_test:  0.40705050546850013
KRCC_test:  0.2957710865833124
PLCC_test:  0.41525578678887276
RMSE_test:  1.302163241110281
======================================================
 -- 0.16955924034118652 seconds elapsed...


6 th repeated holdout test
======================================================
params:  {'gammma', 'C'}
SRCC_train:  0.949049511579859
KRCC_train:  0.8497588904565849
PLCC_train:  0.9499786884876835
RMSE_train:  0.4348632268718245
======================================================
SRCC_test:  0.39156056704002973
KRCC_test:  0.34129458603944157
PLCC_test:  0.51044532630097
RMSE_test:  1.4175760775281554
======================================================
 -- 0.17253971099853516 seconds elapsed...


7 th repeated holdout test
======================================================
params:  {'gammma', 'C'}
SRCC_train:  0.9482837705610013
KRCC_train:  0.8412955425765107
PLCC_train:  0.9475267727833259
RMSE_train:  0.4526045754931749
======================================================
SRCC_test:  0.43612103981062955
KRCC_test:  0.36938106577376867
PLCC_test:  0.5515915694978497
RMSE_test:  1.1618128340817089
======================================================
 -- 0.16256380081176758 seconds elapsed...


8 th repeated holdout test
======================================================
params:  {'gammma', 'C'}
SRCC_train:  0.9328851609575285
KRCC_train:  0.8218445030466245
PLCC_train:  0.9337531140162086
RMSE_train:  0.5217707022865881
======================================================
SRCC_test:  0.2682749885083333
KRCC_test:  0.1818415836822372
PLCC_test:  0.31309481400218697
RMSE_test:  1.0339640081802273
======================================================
 -- 0.14959955215454102 seconds elapsed...


9 th repeated holdout test
======================================================
params:  {'gammma', 'C'}
SRCC_train:  0.9406784622543032
KRCC_train:  0.8362549845293716
PLCC_train:  0.9382757057011939
RMSE_train:  0.48758911241919467
======================================================
SRCC_test:  0.617817549226271
KRCC_test:  0.4375423776698926
PLCC_test:  0.7848943114772231
RMSE_test:  0.9600916839664417
======================================================
 -- 0.14860200881958008 seconds elapsed...


10 th repeated holdout test
======================================================
params:  {'gammma', 'C'}
SRCC_train:  0.9369023096645216
KRCC_train:  0.829487686416411
PLCC_train:  0.9355207019922136
RMSE_train:  0.5021796709145513
======================================================
SRCC_test:  0.6186325109567384
KRCC_test:  0.4340036095782326
PLCC_test:  0.711051407401921
RMSE_test:  0.9369158376058846
======================================================
 -- 0.22739481925964355 seconds elapsed...


======================================================
Average training results among all repeated 80-20 holdouts:
SRCC Train: 0.9406466947244556 (std: 0.0048754912811349695)
KRCC Train: 0.8357136689130513 (std: 0.007138184863332539)
PLCC Train: 0.9395067816751614 (std: 0.00517662878374409)
RMSE Train: 0.48486913323506087 (std: 0.024466914662086843)
======================================================
Average testing results among all repeated 80-20 holdouts:
SRCC Test: 0.48440901933147396 (std: 0.11511540550316758)
KRCC Test: 0.3522268726579152 (std: 0.08294579544367761)
PLCC Test: 0.6219505658398692 (std: 0.1625599307281402)
RMSE Test: 1.093188197184583 (std: 0.18560090873306723)



Overall 4.9986608028411865 secs lapsed..
