Namespace(color_only=False, dataset_name='mc_study', feature_file='feat_files/mc_RAPIQUE_feats.mat', log_file='logs/mc_RAPIQUE_LinearSVR_15corr_2.log', log_short=False, max_thread_count=4, model_name='RAPIQUE', mos_file='mos_files/mc_us.csv', num_iterations=20, out_file='result/mc_RAPIQUE_SVR_corr.mat', use_parallel=False)
0 th repeated holdout test
3884-dim features, using LinearSVR
best_params:  {'C': 0.9, 'epsilon': 0.9}
======================================================
params:  {'C': 0.9, 'epsilon': 0.9}
SRCC_train:  0.8653749903214641
KRCC_train:  0.7113988192714988
PLCC_train:  1.0
RMSE_train:  2.0202954450582816e-11
======================================================
SRCC_test:  0.5477225575051662
KRCC_test:  0.47140452079103173
PLCC_test:  0.7905694150420803
RMSE_test:  1.1547005383792954
======================================================
 -- 0.1575772762298584 seconds elapsed...


1 th repeated holdout test
3884-dim features, using LinearSVR
best_params:  {'C': 0.9, 'epsilon': 0.9}
======================================================
params:  {'C': 0.9, 'epsilon': 0.9}
SRCC_train:  0.8660254037844386
KRCC_train:  0.7119335046677415
PLCC_train:  1.0
RMSE_train:  2.918022535015955e-11
======================================================
SRCC_test:  0.6062177826491071
KRCC_test:  0.521749194749951
PLCC_test:  0.6203315533510625
RMSE_test:  1.5589661201010574
======================================================
 -- 0.13663530349731445 seconds elapsed...


2 th repeated holdout test
3884-dim features, using LinearSVR
best_params:  {'C': 0.9, 'epsilon': 0.9}
======================================================
params:  {'C': 0.9, 'epsilon': 0.9}
SRCC_train:  0.8653749903214641
KRCC_train:  0.7113988192714988
PLCC_train:  1.0
RMSE_train:  4.7808222848864146e-11
======================================================
SRCC_test:  0.18257418583505536
KRCC_test:  0.15713484026367724
PLCC_test:  0.499999999504849
RMSE_test:  1.6329931626658754
======================================================
 -- 0.12067627906799316 seconds elapsed...


3 th repeated holdout test
3884-dim features, using LinearSVR
best_params:  {'C': 0.9, 'epsilon': 0.9}
======================================================
params:  {'C': 0.9, 'epsilon': 0.9}
SRCC_train:  0.8660254037844386
KRCC_train:  0.7119335046677415
PLCC_train:  1.0
RMSE_train:  1.927504184672669e-11
======================================================
SRCC_test:  0.5196152422706632
KRCC_test:  0.4472135954999579
PLCC_test:  0.6061304313108502
RMSE_test:  1.580880705369309
======================================================
 -- 0.1575794219970703 seconds elapsed...


4 th repeated holdout test
3884-dim features, using LinearSVR
best_params:  {'C': 0.9, 'epsilon': 0.9}
======================================================
params:  {'C': 0.9, 'epsilon': 0.9}
SRCC_train:  0.8660254037844386
KRCC_train:  0.7119335046677415
PLCC_train:  1.0
RMSE_train:  3.231424160781932e-11
======================================================
SRCC_test:  0.8660254037844386
KRCC_test:  0.7453559924999299
PLCC_test:  1.0
RMSE_test:  5.948588370353433e-11
======================================================
 -- 0.1595745086669922 seconds elapsed...


5 th repeated holdout test
3884-dim features, using LinearSVR
best_params:  {'C': 0.9, 'epsilon': 0.9}
======================================================
params:  {'C': 0.9, 'epsilon': 0.9}
SRCC_train:  0.8653749903214641
KRCC_train:  0.7113988192714988
PLCC_train:  1.0
RMSE_train:  1.3575946115928336e-11
======================================================
SRCC_test:  0.8215838362577492
KRCC_test:  0.7071067811865476
PLCC_test:  1.0
RMSE_test:  4.6093078201842873e-11
======================================================
 -- 0.20046305656433105 seconds elapsed...


6 th repeated holdout test
3884-dim features, using LinearSVR
best_params:  {'C': 0.9, 'epsilon': 0.9}
======================================================
params:  {'C': 0.9, 'epsilon': 0.9}
SRCC_train:  0.8660254037844386
KRCC_train:  0.7119335046677415
PLCC_train:  1.0
RMSE_train:  2.5700838243238674e-11
======================================================
SRCC_test:  0.4330127018922193
KRCC_test:  0.37267799624996495
PLCC_test:  0.790569414916272
RMSE_test:  1.2171612393852256
======================================================
 -- 0.11668872833251953 seconds elapsed...


7 th repeated holdout test
3884-dim features, using LinearSVR
best_params:  {'C': 0.9, 'epsilon': 0.9}
======================================================
params:  {'C': 0.9, 'epsilon': 0.9}
SRCC_train:  0.864072694639532
KRCC_train:  0.7103282410587813
PLCC_train:  0.9999999999999999
RMSE_train:  4.310612867561141e-11
======================================================
SRCC_test:  0.7245688373094719
KRCC_test:  0.6236095644623235
PLCC_test:  1.0
RMSE_test:  2.046408410519122e-11
======================================================
 -- 0.13862967491149902 seconds elapsed...


8 th repeated holdout test
3884-dim features, using LinearSVR
best_params:  {'C': 0.9, 'epsilon': 0.9}
======================================================
params:  {'C': 0.9, 'epsilon': 0.9}
SRCC_train:  0.8653749903214641
KRCC_train:  0.7113988192714988
PLCC_train:  1.0
RMSE_train:  4.7662137938586744e-11
======================================================
SRCC_test:  0.7302967433402214
KRCC_test:  0.628539361054709
PLCC_test:  0.8021252401166555
RMSE_test:  1.126007853405112
======================================================
 -- 0.13065099716186523 seconds elapsed...


9 th repeated holdout test
3884-dim features, using LinearSVR
best_params:  {'C': 0.9, 'epsilon': 0.9}
======================================================
params:  {'C': 0.9, 'epsilon': 0.9}
SRCC_train:  0.8660254037844386
KRCC_train:  0.7119335046677415
PLCC_train:  1.0
RMSE_train:  1.7770274988756865e-11
======================================================
SRCC_test:  0.7794228634059948
KRCC_test:  0.6708203932499369
PLCC_test:  0.8651133333868058
RMSE_test:  0.9969413378908173
======================================================
 -- 0.15957379341125488 seconds elapsed...


10 th repeated holdout test
3884-dim features, using LinearSVR
best_params:  {'C': 0.9, 'epsilon': 0.9}
======================================================
params:  {'C': 0.9, 'epsilon': 0.9}
SRCC_train:  0.8653749903214641
KRCC_train:  0.7113988192714988
PLCC_train:  0.9999999999999999
RMSE_train:  1.5370912022507508e-11
======================================================
SRCC_test:  0.7302967433402214
KRCC_test:  0.628539361054709
PLCC_test:  0.7491067012683692
RMSE_test:  1.2491264860637752
======================================================
 -- 0.16256499290466309 seconds elapsed...


11 th repeated holdout test
3884-dim features, using LinearSVR
best_params:  {'C': 0.9, 'epsilon': 0.9}
======================================================
params:  {'C': 0.9, 'epsilon': 0.9}
SRCC_train:  0.8660254037844386
KRCC_train:  0.7119335046677415
PLCC_train:  1.0
RMSE_train:  2.3190766412862545e-11
======================================================
SRCC_test:  0.6062177826491071
KRCC_test:  0.521749194749951
PLCC_test:  0.7905694150420948
RMSE_test:  1.2171612389003692
======================================================
 -- 0.13862991333007812 seconds elapsed...


12 th repeated holdout test
3884-dim features, using LinearSVR
best_params:  {'C': 0.9, 'epsilon': 0.9}
======================================================
params:  {'C': 0.9, 'epsilon': 0.9}
SRCC_train:  0.8653749903214641
KRCC_train:  0.7113988192714988
PLCC_train:  1.0
RMSE_train:  3.379219581469851e-11
======================================================
SRCC_test:  0.7302967433402214
KRCC_test:  0.628539361054709
PLCC_test:  0.7847516689837426
RMSE_test:  1.168725525085214
======================================================
 -- 0.12167572975158691 seconds elapsed...


13 th repeated holdout test
3884-dim features, using LinearSVR
best_params:  {'C': 0.9, 'epsilon': 0.9}
======================================================
params:  {'C': 0.9, 'epsilon': 0.9}
SRCC_train:  0.8660254037844386
KRCC_train:  0.7119335046677415
PLCC_train:  1.0
RMSE_train:  1.7318462134751934e-11
======================================================
SRCC_test:  0.5196152422706632
KRCC_test:  0.4472135954999579
PLCC_test:  0.7999999999785989
RMSE_test:  1.1925695881019298
======================================================
 -- 0.12267160415649414 seconds elapsed...


14 th repeated holdout test
3884-dim features, using LinearSVR
best_params:  {'C': 0.9, 'epsilon': 0.9}
======================================================
params:  {'C': 0.9, 'epsilon': 0.9}
SRCC_train:  0.8653749903214641
KRCC_train:  0.7113988192714988
PLCC_train:  1.0
RMSE_train:  1.3907256467420483e-11
======================================================
SRCC_test:  0.8215838362577492
KRCC_test:  0.7071067811865476
PLCC_test:  1.0
RMSE_test:  4.6788957253944474e-11
======================================================
 -- 0.14462780952453613 seconds elapsed...


15 th repeated holdout test
3884-dim features, using LinearSVR
best_params:  {'C': 0.9, 'epsilon': 0.9}
======================================================
params:  {'C': 0.9, 'epsilon': 0.9}
SRCC_train:  0.8653749903214641
KRCC_train:  0.7113988192714988
PLCC_train:  1.0
RMSE_train:  5.7857723708254444e-11
======================================================
SRCC_test:  0.6390096504226938
KRCC_test:  0.5499719409228704
PLCC_test:  0.7680714673198754
RMSE_test:  1.2074821864412826
======================================================
 -- 0.12666082382202148 seconds elapsed...


16 th repeated holdout test
3884-dim features, using LinearSVR
best_params:  {'C': 0.9, 'epsilon': 0.9}
======================================================
params:  {'C': 0.9, 'epsilon': 0.9}
SRCC_train:  0.864072694639532
KRCC_train:  0.7103282410587813
PLCC_train:  0.9999999999999999
RMSE_train:  2.8533502756349992e-11
======================================================
SRCC_test:  0.10350983390135313
KRCC_test:  0.0890870806374748
PLCC_test:  0.2857142853848936
RMSE_test:  1.5936381461039342
======================================================
 -- 0.11070513725280762 seconds elapsed...


17 th repeated holdout test
3884-dim features, using LinearSVR
best_params:  {'C': 0.9, 'epsilon': 0.9}
======================================================
params:  {'C': 0.9, 'epsilon': 0.9}
SRCC_train:  0.8660254037844386
KRCC_train:  0.7119335046677415
PLCC_train:  1.0
RMSE_train:  1.7519131275178e-11
======================================================
SRCC_test:  0.6062177826491071
KRCC_test:  0.521749194749951
PLCC_test:  0.7999999999999999
RMSE_test:  1.1925695879998879
======================================================
 -- 0.1685500144958496 seconds elapsed...


18 th repeated holdout test
3884-dim features, using LinearSVR
best_params:  {'C': 0.9, 'epsilon': 0.9}
======================================================
params:  {'C': 0.9, 'epsilon': 0.9}
SRCC_train:  0.864072694639532
KRCC_train:  0.7103282410587813
PLCC_train:  1.0
RMSE_train:  1.6009704698506586e-11
======================================================
SRCC_test:  0.7245688373094719
KRCC_test:  0.6236095644623235
PLCC_test:  1.0
RMSE_test:  3.973398207786953e-11
======================================================
 -- 0.1406240463256836 seconds elapsed...


19 th repeated holdout test
3884-dim features, using LinearSVR
best_params:  {'C': 0.9, 'epsilon': 0.9}
======================================================
params:  {'C': 0.9, 'epsilon': 0.9}
SRCC_train:  0.8653749903214641
KRCC_train:  0.7113988192714988
PLCC_train:  1.0
RMSE_train:  1.0559330541426779e-11
======================================================
SRCC_test:  0.6390096504226938
KRCC_test:  0.5499719409228704
PLCC_test:  0.6746505471427662
RMSE_test:  1.3918449971108107
======================================================
 -- 0.2014620304107666 seconds elapsed...


======================================================

SRCC Train: 0.8654398113543642 (std: 0.0006476182589288492)
KRCC Train: 0.7114521066980883 (std: 0.0005323875428495317)
PLCC Train: 1.0 (std: 4.2998752849492583e-17)
RMSE Train: 2.6532749894911565e-11 (std: 1.307181898055851e-11)
======================================================

SRCC Test: 0.6165683128406683 (std: 0.19301354845327792)
KRCC Test: 0.5306575127624698 (std: 0.16611961305598755)
PLCC Test: 0.7813851736374458 (std: 0.17909373919053598)
RMSE Test: 0.9740384356608228 (std: 0.5867239304983445)



Overall 2.9251973628997803 secs lapsed..
