Namespace(model_name='RAPIQUE', dataset_name='mc_study', feature_file='feat_files/mc_RAPIQUE_feats.mat', mos_file='mos_files/mc_us.csv', out_file='result/mc_RAPIQUE_SVR_corr.mat', log_file='logs/mc_RAPIQUE_LinearSVR_15_change1.log', color_only=False, log_short=False, use_parallel=False, num_iterations=20, max_thread_count=4)
0 th repeated holdout test
3884-dim features, using LinearSVR
best_params:  {'epsilon': 0.7, 'C': 0.01}
======================================================
params:  {'epsilon': 0.7, 'C': 0.01}
SRCC_train:  0.8094184119999258
KRCC_train:  0.6653985948674771
PLCC_train:  0.8980094048627943
RMSE_train:  0.8792091409920063
======================================================
SRCC_test:  0.2738612787525831
KRCC_test:  0.23570226039551587
PLCC_test:  0.3779644730092272
RMSE_test:  1.745743121887939
======================================================
 -- 7.204221248626709 seconds elapsed...


1 th repeated holdout test
3884-dim features, using LinearSVR
best_params:  {'epsilon': 0.8, 'C': 0.009}
======================================================
params:  {'epsilon': 0.8, 'C': 0.009}
SRCC_train:  0.8062098353548828
KRCC_train:  0.6627609202612609
PLCC_train:  0.9181069458254826
RMSE_train:  0.7925910916625031
======================================================
SRCC_test:  0.5196152422706632
KRCC_test:  0.4472135954999579
PLCC_test:  0.5847584859066116
RMSE_test:  1.61236887418171
======================================================
 -- 7.286475896835327 seconds elapsed...


2 th repeated holdout test
3884-dim features, using LinearSVR
best_params:  {'epsilon': 0.9, 'C': 0.03}
======================================================
params:  {'epsilon': 0.9, 'C': 0.03}
SRCC_train:  0.8653749903214641
KRCC_train:  0.7113988192714988
PLCC_train:  1.0
RMSE_train:  2.5529153628018637e-11
======================================================
SRCC_test:  0.2738612787525831
KRCC_test:  0.23570226039551587
PLCC_test:  0.6324555318973303
RMSE_test:  1.4605934869603285
======================================================
 -- 8.454559564590454 seconds elapsed...


3 th repeated holdout test
3884-dim features, using LinearSVR
best_params:  {'epsilon': 0.8, 'C': 0.03}
======================================================
params:  {'epsilon': 0.8, 'C': 0.03}
SRCC_train:  0.8634247268961971
KRCC_train:  0.7097955662152858
PLCC_train:  0.9729529417541426
RMSE_train:  0.46196345965731694
======================================================
SRCC_test:  0.5196152422706632
KRCC_test:  0.4472135954999579
PLCC_test:  0.6103628967370482
RMSE_test:  1.574434184277959
======================================================
 -- 6.413260459899902 seconds elapsed...


4 th repeated holdout test
3884-dim features, using LinearSVR
best_params:  {'epsilon': 0.8, 'C': 0.01}
======================================================
params:  {'epsilon': 0.8, 'C': 0.01}
SRCC_train:  0.804909496910762
KRCC_train:  0.6616919510350331
PLCC_train:  0.8986267875803967
RMSE_train:  0.8773454945274106
======================================================
SRCC_test:  0.7794228634059948
KRCC_test:  0.6708203932499369
PLCC_test:  0.8065419143442347
RMSE_test:  1.1750326758256668
======================================================
 -- 7.417516708374023 seconds elapsed...


5 th repeated holdout test
3884-dim features, using LinearSVR
best_params:  {'epsilon': 0.7, 'C': 0.01}
======================================================
params:  {'epsilon': 0.7, 'C': 0.01}
SRCC_train:  0.7964052542507309
KRCC_train:  0.6547008682618908
PLCC_train:  0.8848462120376144
RMSE_train:  0.9309793039389269
======================================================
SRCC_test:  0.7302967433402214
KRCC_test:  0.628539361054709
PLCC_test:  0.8378581046317737
RMSE_test:  1.0293364360969677
======================================================
 -- 7.6803138256073 seconds elapsed...


6 th repeated holdout test
3884-dim features, using LinearSVR
best_params:  {'epsilon': 0.7, 'C': 0.1}
======================================================
params:  {'epsilon': 0.7, 'C': 0.1}
SRCC_train:  0.8660254037844386
KRCC_train:  0.7119335046677415
PLCC_train:  1.0
RMSE_train:  2.510291710562799e-11
======================================================
SRCC_test:  0.4330127018922193
KRCC_test:  0.37267799624996495
PLCC_test:  0.7905694149477774
RMSE_test:  1.217161239274013
======================================================
 -- 5.893419504165649 seconds elapsed...


7 th repeated holdout test
3884-dim features, using LinearSVR
best_params:  {'epsilon': 0.7, 'C': 0.03}
======================================================
params:  {'epsilon': 0.7, 'C': 0.03}
SRCC_train:  0.8614661405078894
KRCC_train:  0.7081854711008363
PLCC_train:  0.9728926695717421
RMSE_train:  0.46142805650295743
======================================================
SRCC_test:  0.7245688373094719
KRCC_test:  0.6236095644623235
PLCC_test:  1.0
RMSE_test:  3.487211453001205e-11
======================================================
 -- 6.420877456665039 seconds elapsed...


8 th repeated holdout test
3884-dim features, using LinearSVR
best_params:  {'epsilon': 0.7, 'C': 0.03}
======================================================
params:  {'epsilon': 0.7, 'C': 0.03}
SRCC_train:  0.8627723587716251
KRCC_train:  0.7092592739503816
PLCC_train:  0.9729529417708672
RMSE_train:  0.4616165098118763
======================================================
SRCC_test:  0.7302967433402214
KRCC_test:  0.628539361054709
PLCC_test:  0.7595114464924595
RMSE_test:  1.2265831315096711
======================================================
 -- 6.129424810409546 seconds elapsed...


9 th repeated holdout test
3884-dim features, using LinearSVR
best_params:  {'epsilon': 0.7, 'C': 0.009}
======================================================
params:  {'epsilon': 0.7, 'C': 0.009}
SRCC_train:  0.798407804690158
KRCC_train:  0.6563471049038938
PLCC_train:  0.893397035797363
RMSE_train:  0.8984516911410958
======================================================
SRCC_test:  0.8660254037844386
KRCC_test:  0.7453559924999299
PLCC_test:  1.0
RMSE_test:  5.579412816297987e-11
======================================================
 -- 5.312504053115845 seconds elapsed...


10 th repeated holdout test
3884-dim features, using LinearSVR
best_params:  {'epsilon': 0.7, 'C': 0.01}
======================================================
params:  {'epsilon': 0.7, 'C': 0.01}
SRCC_train:  0.8029118331253283
KRCC_train:  0.6600497315646839
PLCC_train:  0.9023472151265389
RMSE_train:  0.8612915009494703
======================================================
SRCC_test:  0.7302967433402214
KRCC_test:  0.628539361054709
PLCC_test:  0.7568060431181844
RMSE_test:  1.2325144857924253
======================================================
 -- 7.065167665481567 seconds elapsed...


11 th repeated holdout test
3884-dim features, using LinearSVR
best_params:  {'epsilon': 0.9, 'C': 0.009}
======================================================
params:  {'epsilon': 0.9, 'C': 0.009}
SRCC_train:  0.8023088200225205
KRCC_train:  0.6595540125825774
PLCC_train:  0.89789281650578
RMSE_train:  0.880345671151868
======================================================
SRCC_test:  0.8660254037844386
KRCC_test:  0.7453559924999299
PLCC_test:  1.0
RMSE_test:  3.922218790181169e-11
======================================================
 -- 6.5505475997924805 seconds elapsed...


12 th repeated holdout test
3884-dim features, using LinearSVR
best_params:  {'epsilon': 0.7, 'C': 0.009}
======================================================
params:  {'epsilon': 0.7, 'C': 0.009}
SRCC_train:  0.7977065700256503
KRCC_train:  0.6557706409224494
PLCC_train:  0.8821632508199856
RMSE_train:  0.9410917645270357
======================================================
SRCC_test:  0.5477225575051662
KRCC_test:  0.47140452079103173
PLCC_test:  0.7559289460184544
RMSE_test:  1.2344267996967357
======================================================
 -- 6.575259685516357 seconds elapsed...


13 th repeated holdout test
3884-dim features, using LinearSVR
best_params:  {'epsilon': 0.7, 'C': 0.009}
======================================================
params:  {'epsilon': 0.7, 'C': 0.009}
SRCC_train:  0.8465203271226269
KRCC_train:  0.695898966274324
PLCC_train:  0.945195195195195
RMSE_train:  0.6529503444914856
======================================================
SRCC_test:  0.5196152422706632
KRCC_test:  0.4472135954999579
PLCC_test:  0.7999999999998908
RMSE_test:  1.1925695880002731
======================================================
 -- 6.279439210891724 seconds elapsed...


14 th repeated holdout test
3884-dim features, using LinearSVR
best_params:  {'epsilon': 0.7, 'C': 0.01}
======================================================
params:  {'epsilon': 0.7, 'C': 0.01}
SRCC_train:  0.8055144646751673
KRCC_train:  0.6621892768858012
PLCC_train:  0.9451127819548871
RMSE_train:  0.6529365123774226
======================================================
SRCC_test:  0.6390096504226938
KRCC_test:  0.5499719409228704
PLCC_test:  0.7959595246452889
RMSE_test:  1.1414586148163564
======================================================
 -- 5.32843279838562 seconds elapsed...


15 th repeated holdout test
3884-dim features, using LinearSVR
best_params:  {'epsilon': 0.7, 'C': 0.009}
======================================================
params:  {'epsilon': 0.7, 'C': 0.009}
SRCC_train:  0.8029118331253283
KRCC_train:  0.6600497315646839
PLCC_train:  0.9181069458254825
RMSE_train:  0.7919958297748052
======================================================
SRCC_test:  0.7302967433402214
KRCC_test:  0.628539361054709
PLCC_test:  0.778236637915658
RMSE_test:  1.1841137113761377
======================================================
 -- 6.966614246368408 seconds elapsed...


16 th repeated holdout test
3884-dim features, using LinearSVR
best_params:  {'epsilon': 0.9, 'C': 0.01}
======================================================
params:  {'epsilon': 0.9, 'C': 0.01}
SRCC_train:  0.8093350578750368
KRCC_train:  0.6653300719419355
PLCC_train:  0.9449472096530916
RMSE_train:  0.6529087220860357
======================================================
SRCC_test:  0.3105295017040594
KRCC_test:  0.2672612419124244
PLCC_test:  0.47809144373375734
RMSE_test:  1.460593486680443
======================================================
 -- 7.11939811706543 seconds elapsed...


17 th repeated holdout test
3884-dim features, using LinearSVR
best_params:  {'epsilon': 0.8, 'C': 0.009}
======================================================
params:  {'epsilon': 0.8, 'C': 0.009}
SRCC_train:  0.8088105122431243
KRCC_train:  0.6648988587137166
PLCC_train:  0.9201376400220651
RMSE_train:  0.7831167154992233
======================================================
SRCC_test:  0.3464101615137754
KRCC_test:  0.29814239699997197
PLCC_test:  0.4780914436800183
RMSE_test:  1.7457431221202158
======================================================
 -- 7.201616048812866 seconds elapsed...


18 th repeated holdout test
3884-dim features, using LinearSVR
best_params:  {'epsilon': 0.7, 'C': 0.009}
======================================================
params:  {'epsilon': 0.7, 'C': 0.009}
SRCC_train:  0.789785901887717
KRCC_train:  0.6492592972573477
PLCC_train:  0.8764346926100943
RMSE_train:  0.96077987406301
======================================================
SRCC_test:  0.5175491695067657
KRCC_test:  0.44543540318737396
PLCC_test:  0.7559289460184546
RMSE_test:  1.0886621079036347
======================================================
 -- 7.618423700332642 seconds elapsed...


19 th repeated holdout test
3884-dim features, using LinearSVR
best_params:  {'epsilon': 0.8, 'C': 0.01}
======================================================
params:  {'epsilon': 0.8, 'C': 0.01}
SRCC_train:  0.8081170962250064
KRCC_train:  0.6643288222069185
PLCC_train:  0.9451127819548872
RMSE_train:  0.6529365123774222
======================================================
SRCC_test:  0.6390096504226938
KRCC_test:  0.5499719409228704
PLCC_test:  0.6871063529799698
RMSE_test:  1.3700087395811262
======================================================
 -- 7.772887229919434 seconds elapsed...


======================================================

SRCC Train: 0.8204168419907789 (std: 0.027167403851296446)
KRCC Train: 0.674440074222487 (std: 0.022333507714736286)
PLCC Train: 0.9294617734434205 (std: 0.03804906137473994)
RMSE Train: 0.6796969097791251 (std: 0.2753124609861776)
======================================================

SRCC Test: 0.5848520579464879 (std: 0.18347303897315156)
KRCC Test: 0.5033605067604185 (std: 0.15790844987135122)
PLCC Test: 0.734308580303807 (std: 0.16607358760484936)
RMSE Test: 1.1345671903055747 (std: 0.517403894423917)



Overall 136.748291015625 secs lapsed..
Namespace(model_name='RAPIQUE', dataset_name='mc_study', feature_file='feat_files/mc_RAPIQUE_feats.mat', mos_file='mos_files/mc_us.csv', out_file='result/mc_RAPIQUE_SVR_corr.mat', log_file='logs/mc_RAPIQUE_LinearSVR_15_change1.log', color_only=False, log_short=False, use_parallel=False, num_iterations=20, max_thread_count=4)
0 th repeated holdout test
3884-dim features, using LinearSVR
best_params:  {'C': 1.0, 'epsilon': 0.01}
======================================================
params:  {'C': 1.0, 'epsilon': 0.01}
SRCC_train:  0.8653749903214641
KRCC_train:  0.7113988192714988
PLCC_train:  1.0
RMSE_train:  1.4983167104507837e-10
======================================================
SRCC_test:  0.5477225575051662
KRCC_test:  0.47140452079103173
PLCC_test:  0.7905694148022416
RMSE_test:  1.1547005391143743
======================================================
 -- 1.3243191242218018 seconds elapsed...


1 th repeated holdout test
3884-dim features, using LinearSVR
best_params:  {'C': 1.0, 'epsilon': 0.01}
======================================================
params:  {'C': 1.0, 'epsilon': 0.01}
SRCC_train:  0.8660254037844386
KRCC_train:  0.7119335046677415
PLCC_train:  1.0
RMSE_train:  1.3531182378144814e-10
======================================================
SRCC_test:  0.6928203230275508
KRCC_test:  0.5962847939999439
PLCC_test:  0.6697253228348927
RMSE_test:  1.47602133588572
======================================================
 -- 0.44937562942504883 seconds elapsed...


2 th repeated holdout test
3884-dim features, using LinearSVR
best_params:  {'C': 1.0, 'epsilon': 0.01}
======================================================
params:  {'C': 1.0, 'epsilon': 0.01}
SRCC_train:  0.8653749903214641
KRCC_train:  0.7113988192714988
PLCC_train:  1.0
RMSE_train:  1.1440822227388621e-10
======================================================
SRCC_test:  0.0
KRCC_test:  0.0
PLCC_test:  0.49999999999993633
RMSE_test:  1.6329931618555562
======================================================
 -- 0.46723175048828125 seconds elapsed...


3 th repeated holdout test
3884-dim features, using LinearSVR
best_params:  {'C': 1.0, 'epsilon': 0.01}
======================================================
params:  {'C': 1.0, 'epsilon': 0.01}
SRCC_train:  0.8660254037844386
KRCC_train:  0.7119335046677415
PLCC_train:  1.0
RMSE_train:  1.300848052214727e-10
======================================================
SRCC_test:  0.6062177826491071
KRCC_test:  0.521749194749951
PLCC_test:  0.7905694150392095
RMSE_test:  1.2171612389114739
======================================================
 -- 0.5133590698242188 seconds elapsed...


4 th repeated holdout test
3884-dim features, using LinearSVR
best_params:  {'C': 1.0, 'epsilon': 0.01}
======================================================
params:  {'C': 1.0, 'epsilon': 0.01}
SRCC_train:  0.8660254037844386
KRCC_train:  0.7119335046677415
PLCC_train:  0.9999999999999998
RMSE_train:  1.245129731678487e-10
======================================================
SRCC_test:  0.8660254037844386
KRCC_test:  0.7453559924999299
PLCC_test:  1.0
RMSE_test:  4.210242295944362e-11
======================================================
 -- 0.45631885528564453 seconds elapsed...


5 th repeated holdout test
3884-dim features, using LinearSVR
best_params:  {'C': 1.0, 'epsilon': 0.01}
======================================================
params:  {'C': 1.0, 'epsilon': 0.01}
SRCC_train:  0.8653749903214641
KRCC_train:  0.7113988192714988
PLCC_train:  1.0
RMSE_train:  1.0566831201209231e-10
======================================================
SRCC_test:  0.8215838362577492
KRCC_test:  0.7071067811865476
PLCC_test:  0.9999999999999998
RMSE_test:  4.041779256628702e-11
======================================================
 -- 0.5267519950866699 seconds elapsed...


6 th repeated holdout test
3884-dim features, using LinearSVR
best_params:  {'C': 1.0, 'epsilon': 0.01}
======================================================
params:  {'C': 1.0, 'epsilon': 0.01}
SRCC_train:  0.8660254037844386
KRCC_train:  0.7119335046677415
PLCC_train:  1.0
RMSE_train:  1.256708983599195e-10
======================================================
SRCC_test:  0.4330127018922193
KRCC_test:  0.37267799624996495
PLCC_test:  0.7905694146900931
RMSE_test:  1.21716124019737
======================================================
 -- 0.443422794342041 seconds elapsed...


7 th repeated holdout test
3884-dim features, using LinearSVR
best_params:  {'C': 1.0, 'epsilon': 0.01}
======================================================
params:  {'C': 1.0, 'epsilon': 0.01}
SRCC_train:  0.864072694639532
KRCC_train:  0.7103282410587813
PLCC_train:  1.0
RMSE_train:  8.484166199986254e-11
======================================================
SRCC_test:  0.7245688373094719
KRCC_test:  0.6236095644623235
PLCC_test:  1.0
RMSE_test:  2.076525547198021e-11
======================================================
 -- 0.4002718925476074 seconds elapsed...


8 th repeated holdout test
3884-dim features, using LinearSVR
best_params:  {'C': 1.0, 'epsilon': 0.01}
======================================================
params:  {'C': 1.0, 'epsilon': 0.01}
SRCC_train:  0.8653749903214641
KRCC_train:  0.7113988192714988
PLCC_train:  1.0
RMSE_train:  1.132787504124273e-10
======================================================
SRCC_test:  0.7302967433402214
KRCC_test:  0.628539361054709
PLCC_test:  0.8344103678345723
RMSE_test:  1.0392464587171726
======================================================
 -- 0.4235830307006836 seconds elapsed...


9 th repeated holdout test
3884-dim features, using LinearSVR
best_params:  {'C': 1.0, 'epsilon': 0.01}
======================================================
params:  {'C': 1.0, 'epsilon': 0.01}
SRCC_train:  0.8660254037844386
KRCC_train:  0.7119335046677415
PLCC_train:  1.0
RMSE_train:  1.6637721506281328e-10
======================================================
SRCC_test:  0.7794228634059948
KRCC_test:  0.6708203932499369
PLCC_test:  0.8362119113259615
RMSE_test:  1.090021432534259
======================================================
 -- 0.4513583183288574 seconds elapsed...


10 th repeated holdout test
3884-dim features, using LinearSVR
best_params:  {'C': 1.0, 'epsilon': 0.01}
======================================================
params:  {'C': 1.0, 'epsilon': 0.01}
SRCC_train:  0.8653749903214641
KRCC_train:  0.7113988192714988
PLCC_train:  1.0
RMSE_train:  1.7896679583535297e-10
======================================================
SRCC_test:  0.8215838362577492
KRCC_test:  0.7071067811865476
PLCC_test:  0.9999999999999999
RMSE_test:  4.172773061633657e-11
======================================================
 -- 0.4374706745147705 seconds elapsed...


11 th repeated holdout test
3884-dim features, using LinearSVR
best_params:  {'C': 1.0, 'epsilon': 0.01}
======================================================
params:  {'C': 1.0, 'epsilon': 0.01}
SRCC_train:  0.8660254037844386
KRCC_train:  0.7119335046677415
PLCC_train:  1.0
RMSE_train:  1.3951812646704385e-10
======================================================
SRCC_test:  0.6928203230275508
KRCC_test:  0.5962847939999439
PLCC_test:  0.790569415042087
RMSE_test:  1.2171612389003994
======================================================
 -- 0.4568150043487549 seconds elapsed...


12 th repeated holdout test
3884-dim features, using LinearSVR
best_params:  {'C': 1.0, 'epsilon': 0.01}
======================================================
params:  {'C': 1.0, 'epsilon': 0.01}
SRCC_train:  0.8653749903214641
KRCC_train:  0.7113988192714988
PLCC_train:  1.0
RMSE_train:  1.2072574850222615e-10
======================================================
SRCC_test:  0.7302967433402214
KRCC_test:  0.628539361054709
PLCC_test:  0.8264913561081645
RMSE_test:  1.06150758750162
======================================================
 -- 0.6333916187286377 seconds elapsed...


13 th repeated holdout test
3884-dim features, using LinearSVR
best_params:  {'C': 1.0, 'epsilon': 0.01}
======================================================
params:  {'C': 1.0, 'epsilon': 0.01}
SRCC_train:  0.8660254037844386
KRCC_train:  0.7119335046677415
PLCC_train:  1.0
RMSE_train:  1.4623066619198446e-10
======================================================
SRCC_test:  0.5196152422706632
KRCC_test:  0.4472135954999579
PLCC_test:  0.8000000000000002
RMSE_test:  1.1925695879998879
======================================================
 -- 0.6100790500640869 seconds elapsed...


14 th repeated holdout test
3884-dim features, using LinearSVR
best_params:  {'C': 1.0, 'epsilon': 0.01}
======================================================
params:  {'C': 1.0, 'epsilon': 0.01}
SRCC_train:  0.8653749903214641
KRCC_train:  0.7113988192714988
PLCC_train:  0.9999999999999999
RMSE_train:  1.5026010179519093e-10
======================================================
SRCC_test:  0.8215838362577492
KRCC_test:  0.7071067811865476
PLCC_test:  0.9999999999999999
RMSE_test:  2.959386819667567e-11
======================================================
 -- 0.5639512538909912 seconds elapsed...


15 th repeated holdout test
3884-dim features, using LinearSVR
best_params:  {'C': 1.0, 'epsilon': 0.01}
======================================================
params:  {'C': 1.0, 'epsilon': 0.01}
SRCC_train:  0.8653749903214641
KRCC_train:  0.7113988192714988
PLCC_train:  0.9999999999999999
RMSE_train:  1.0312143427791711e-10
======================================================
SRCC_test:  0.6390096504226938
KRCC_test:  0.5499719409228704
PLCC_test:  0.7535048440313501
RMSE_test:  1.2396851931300223
======================================================
 -- 0.5455994606018066 seconds elapsed...


16 th repeated holdout test
3884-dim features, using LinearSVR
best_params:  {'C': 1.0, 'epsilon': 0.01}
======================================================
params:  {'C': 1.0, 'epsilon': 0.01}
SRCC_train:  0.864072694639532
KRCC_train:  0.7103282410587813
PLCC_train:  1.0
RMSE_train:  1.33626958524209e-10
======================================================
SRCC_test:  0.20701966780270625
KRCC_test:  0.1781741612749496
PLCC_test:  0.2857142857142858
RMSE_test:  1.5936381457791917
======================================================
 -- 0.6125597953796387 seconds elapsed...


17 th repeated holdout test
3884-dim features, using LinearSVR
best_params:  {'C': 1.0, 'epsilon': 0.01}
======================================================
params:  {'C': 1.0, 'epsilon': 0.01}
SRCC_train:  0.8660254037844386
KRCC_train:  0.7119335046677415
PLCC_train:  1.0
RMSE_train:  1.1149368598184206e-10
======================================================
SRCC_test:  0.6062177826491071
KRCC_test:  0.521749194749951
PLCC_test:  0.7999999999605376
RMSE_test:  1.1925695881393383
======================================================
 -- 0.6259512901306152 seconds elapsed...


18 th repeated holdout test
3884-dim features, using LinearSVR
best_params:  {'C': 1.0, 'epsilon': 0.01}
======================================================
params:  {'C': 1.0, 'epsilon': 0.01}
SRCC_train:  0.864072694639532
KRCC_train:  0.7103282410587813
PLCC_train:  1.0
RMSE_train:  1.527398676386217e-10
======================================================
SRCC_test:  0.7245688373094719
KRCC_test:  0.6236095644623235
PLCC_test:  0.9999999999999998
RMSE_test:  6.134186521147322e-11
======================================================
 -- 0.45334458351135254 seconds elapsed...


19 th repeated holdout test
3884-dim features, using LinearSVR
best_params:  {'C': 1.0, 'epsilon': 0.01}
======================================================
params:  {'C': 1.0, 'epsilon': 0.01}
SRCC_train:  0.8653749903214641
KRCC_train:  0.7113988192714988
PLCC_train:  1.0
RMSE_train:  1.2533870536520006e-10
======================================================
SRCC_test:  0.6390096504226938
KRCC_test:  0.5499719409228704
PLCC_test:  0.6559366867016353
RMSE_test:  1.4232945360358997
======================================================
 -- 0.5500636100769043 seconds elapsed...


======================================================

SRCC Train: 0.8654398113543642 (std: 0.0006476182589288492)
KRCC Train: 0.7114521066980883 (std: 0.0005323875428495317)
PLCC Train: 1.0 (std: 6.080941944488117e-17)
RMSE Train: 1.3060042119582185e-10 (std: 2.2142327323706066e-11)
======================================================

SRCC Test: 0.6301698309466263 (std: 0.20843586057639943)
KRCC Test: 0.5423638356752505 (std: 0.17939302594773474)
PLCC Test: 0.8062136217042484 (std: 0.17848782240378613)
RMSE Test: 0.8873865642469116 (std: 0.6006528584672178)



Overall 11.028052568435669 secs lapsed..
