Namespace(model_name='RAPIQUE', dataset_name='mc_study', feature_file='feat_files/mc_RAPIQUE_feats.mat', mos_file='mos_files/mc_us.csv', out_file='result/mc_RAPIQUE_SVR_corr.mat', log_file='logs/mc_RAPIQUE_LinearSVR_15_using_best_param.log', color_only=False, log_short=False, use_parallel=False, num_iterations=20, max_thread_count=4)
0 th repeated holdout test
3884-dim features, using LinearSVR
======================================================
SRCC_train:  0.8653749903214641
KRCC_train:  0.7113988192714988
PLCC_train:  1.0
RMSE_train:  2.453819097302778e-10
======================================================
SRCC_test:  0.5477225575051662
KRCC_test:  0.47140452079103173
PLCC_test:  0.7905694148034279
RMSE_test:  1.154700539110863
======================================================
 -- 0.38533663749694824 seconds elapsed...


1 th repeated holdout test
3884-dim features, using LinearSVR
======================================================
SRCC_train:  0.8660254037844386
KRCC_train:  0.7119335046677415
PLCC_train:  1.0
RMSE_train:  1.1652606198220662e-10
======================================================
SRCC_test:  0.6928203230275508
KRCC_test:  0.5962847939999439
PLCC_test:  0.6697242208247096
RMSE_test:  1.476023316948581
======================================================
 -- 0.24948835372924805 seconds elapsed...


2 th repeated holdout test
3884-dim features, using LinearSVR
======================================================
SRCC_train:  0.8653749903214641
KRCC_train:  0.7113988192714988
PLCC_train:  0.9999999999999999
RMSE_train:  2.160470945275619e-10
======================================================
SRCC_test:  0.0
KRCC_test:  0.0
PLCC_test:  0.49999999999994366
RMSE_test:  1.632993161855544
======================================================
 -- 0.22220683097839355 seconds elapsed...


3 th repeated holdout test
3884-dim features, using LinearSVR
======================================================
SRCC_train:  0.8660254037844386
KRCC_train:  0.7119335046677415
PLCC_train:  0.9999999999999999
RMSE_train:  1.2132486307225402e-10
======================================================
SRCC_test:  0.6062177826491071
KRCC_test:  0.521749194749951
PLCC_test:  0.6626472170306799
RMSE_test:  1.4885885810062516
======================================================
 -- 0.24607443809509277 seconds elapsed...


4 th repeated holdout test
3884-dim features, using LinearSVR
======================================================
SRCC_train:  0.8660254037844386
KRCC_train:  0.7119335046677415
PLCC_train:  1.0
RMSE_train:  1.0536606112650986e-10
======================================================
SRCC_test:  0.8660254037844386
KRCC_test:  0.7453559924999299
PLCC_test:  1.0
RMSE_test:  4.883140561113003e-11
======================================================
 -- 0.20735406875610352 seconds elapsed...


5 th repeated holdout test
3884-dim features, using LinearSVR
======================================================
SRCC_train:  0.8653749903214641
KRCC_train:  0.7113988192714988
PLCC_train:  1.0
RMSE_train:  1.275271646623e-10
======================================================
SRCC_test:  0.8215838362577492
KRCC_test:  0.7071067811865476
PLCC_test:  0.9999999999999997
RMSE_test:  5.429719603059386e-11
======================================================
 -- 0.20783543586730957 seconds elapsed...


6 th repeated holdout test
3884-dim features, using LinearSVR
======================================================
SRCC_train:  0.8660254037844386
KRCC_train:  0.7119335046677415
PLCC_train:  1.0
RMSE_train:  1.3206330797521454e-10
======================================================
SRCC_test:  0.4330127018922193
KRCC_test:  0.37267799624996495
PLCC_test:  0.7905694146105786
RMSE_test:  1.2171612404611862
======================================================
 -- 0.1984243392944336 seconds elapsed...


7 th repeated holdout test
3884-dim features, using LinearSVR
======================================================
SRCC_train:  0.864072694639532
KRCC_train:  0.7103282410587813
PLCC_train:  0.9999999999999999
RMSE_train:  1.2891423200689797e-10
======================================================
SRCC_test:  0.7245688373094719
KRCC_test:  0.6236095644623235
PLCC_test:  1.0
RMSE_test:  4.6542716289761045e-11
======================================================
 -- 0.19839954376220703 seconds elapsed...


8 th repeated holdout test
3884-dim features, using LinearSVR
======================================================
SRCC_train:  0.8653749903214641
KRCC_train:  0.7113988192714988
PLCC_train:  1.0
RMSE_train:  1.3545090945886649e-10
======================================================
SRCC_test:  0.7302967433402214
KRCC_test:  0.628539361054709
PLCC_test:  0.8344040028508763
RMSE_test:  1.0392646289482248
======================================================
 -- 0.2090320587158203 seconds elapsed...


9 th repeated holdout test
3884-dim features, using LinearSVR
======================================================
SRCC_train:  0.8660254037844386
KRCC_train:  0.7119335046677415
PLCC_train:  1.0
RMSE_train:  8.505714983972159e-11
======================================================
SRCC_test:  0.7794228634059948
KRCC_test:  0.6708203932499369
PLCC_test:  0.8362211199324279
RMSE_test:  1.0899935233243214
======================================================
 -- 0.22039794921875 seconds elapsed...


10 th repeated holdout test
3884-dim features, using LinearSVR
======================================================
SRCC_train:  0.8653749903214641
KRCC_train:  0.7113988192714988
PLCC_train:  0.9999999999999999
RMSE_train:  1.7862010455624612e-10
======================================================
SRCC_test:  0.8215838362577492
KRCC_test:  0.7071067811865476
PLCC_test:  1.0
RMSE_test:  5.383262321076521e-11
======================================================
 -- 0.22964978218078613 seconds elapsed...


11 th repeated holdout test
3884-dim features, using LinearSVR
======================================================
SRCC_train:  0.8660254037844386
KRCC_train:  0.7119335046677415
PLCC_train:  1.0
RMSE_train:  1.166649072362604e-10
======================================================
SRCC_test:  0.6928203230275508
KRCC_test:  0.5962847939999439
PLCC_test:  0.7905694150420949
RMSE_test:  1.217161238900369
======================================================
 -- 0.22964763641357422 seconds elapsed...


12 th repeated holdout test
3884-dim features, using LinearSVR
======================================================
SRCC_train:  0.8653749903214641
KRCC_train:  0.7113988192714988
PLCC_train:  1.0
RMSE_train:  2.1189985749038953e-10
======================================================
SRCC_test:  0.7302967433402214
KRCC_test:  0.628539361054709
PLCC_test:  0.8264997931622902
RMSE_test:  1.0614842303160086
======================================================
 -- 0.2450237274169922 seconds elapsed...


13 th repeated holdout test
3884-dim features, using LinearSVR
======================================================
SRCC_train:  0.8660254037844386
KRCC_train:  0.7119335046677415
PLCC_train:  0.9999999999999999
RMSE_train:  1.1249269298423701e-10
======================================================
SRCC_test:  0.5196152422706632
KRCC_test:  0.4472135954999579
PLCC_test:  0.7999999999999998
RMSE_test:  1.1925695879998879
======================================================
 -- 0.22025346755981445 seconds elapsed...


14 th repeated holdout test
3884-dim features, using LinearSVR
======================================================
SRCC_train:  0.8653749903214641
KRCC_train:  0.7113988192714988
PLCC_train:  0.9999999999999999
RMSE_train:  1.262704684419511e-10
======================================================
SRCC_test:  0.8215838362577492
KRCC_test:  0.7071067811865476
PLCC_test:  0.9999999999999998
RMSE_test:  6.634683727836957e-12
======================================================
 -- 0.21774768829345703 seconds elapsed...


15 th repeated holdout test
3884-dim features, using LinearSVR
======================================================
SRCC_train:  0.8653749903214641
KRCC_train:  0.7113988192714988
PLCC_train:  1.0
RMSE_train:  9.265836820067921e-11
======================================================
SRCC_test:  0.6390096504226938
KRCC_test:  0.5499719409228704
PLCC_test:  0.7534988191406199
RMSE_test:  1.2396982137196382
======================================================
 -- 0.22518348693847656 seconds elapsed...


16 th repeated holdout test
3884-dim features, using LinearSVR
======================================================
SRCC_train:  0.864072694639532
KRCC_train:  0.7103282410587813
PLCC_train:  0.9999999999999999
RMSE_train:  9.964271000569152e-11
======================================================
SRCC_test:  0.20701966780270625
KRCC_test:  0.1781741612749496
PLCC_test:  0.28571428571428575
RMSE_test:  1.5936381457791915
======================================================
 -- 0.22617578506469727 seconds elapsed...


17 th repeated holdout test
3884-dim features, using LinearSVR
======================================================
SRCC_train:  0.8660254037844386
KRCC_train:  0.7119335046677415
PLCC_train:  0.9999999999999999
RMSE_train:  1.179489203806158e-10
======================================================
SRCC_test:  0.6062177826491071
KRCC_test:  0.521749194749951
PLCC_test:  0.7999999999605346
RMSE_test:  1.1925695881393488
======================================================
 -- 0.2618873119354248 seconds elapsed...


18 th repeated holdout test
3884-dim features, using LinearSVR
======================================================
SRCC_train:  0.864072694639532
KRCC_train:  0.7103282410587813
PLCC_train:  0.9999999999999999
RMSE_train:  1.5483120351886351e-10
======================================================
SRCC_test:  0.7245688373094719
KRCC_test:  0.6236095644623235
PLCC_test:  1.0
RMSE_test:  2.5782156559974114e-11
======================================================
 -- 0.21427321434020996 seconds elapsed...


19 th repeated holdout test
3884-dim features, using LinearSVR
======================================================
SRCC_train:  0.8653749903214641
KRCC_train:  0.7113988192714988
PLCC_train:  1.0
RMSE_train:  1.2807653971332415e-10
======================================================
SRCC_test:  0.6390096504226938
KRCC_test:  0.5499719409228704
PLCC_test:  0.655949998370198
RMSE_test:  1.4232727230497058
======================================================
 -- 0.2539520263671875 seconds elapsed...


======================================================

SRCC Train: 0.8654398113543642 (std: 0.0006476182589288492)
KRCC Train: 0.7114521066980883 (std: 0.0005323875428495317)
PLCC Train: 1.0 (std: 7.447602459741819e-17)
RMSE Train: 1.3763822634550347e-10 (std: 4.190836268806741e-11)
======================================================

SRCC Test: 0.6301698309466263 (std: 0.20843586057639943)
KRCC Test: 0.5423638356752505 (std: 0.17939302594773474)
PLCC Test: 0.7998183850721334 (std: 0.1812048725128992)
RMSE Test: 0.9009559359897521 (std: 0.6109280359848083)



Overall 4.726255655288696 secs lapsed..
Namespace(model_name='RAPIQUE', dataset_name='mc_study', feature_file='feat_files/mc_RAPIQUE_feats.mat', mos_file='mos_files/mc_us.csv', out_file='result/mc_RAPIQUE_SVR_corr.mat', log_file='logs/mc_RAPIQUE_LinearSVR_15_using_best_param.log', color_only=False, log_short=False, use_parallel=False, num_iterations=20, max_thread_count=4)
0 th repeated holdout test
3884-dim features, using LinearSVR
======================================================
SRCC_train:  0.8653749903214641
KRCC_train:  0.7113988192714988
PLCC_train:  1.0
RMSE_train:  1.5760418741846914e-10
======================================================
SRCC_test:  0.5477225575051662
KRCC_test:  0.47140452079103173
PLCC_test:  0.7905694148057473
RMSE_test:  1.1547005391039669
======================================================
 -- 0.35683441162109375 seconds elapsed...


1 th repeated holdout test
3884-dim features, using LinearSVR
======================================================
SRCC_train:  0.8660254037844386
KRCC_train:  0.7119335046677415
PLCC_train:  1.0
RMSE_train:  1.4136678288347523e-10
======================================================
SRCC_test:  0.6928203230275508
KRCC_test:  0.5962847939999439
PLCC_test:  0.669730842149579
RMSE_test:  1.4760114411349952
======================================================
 -- 0.2177426815032959 seconds elapsed...


2 th repeated holdout test
3884-dim features, using LinearSVR
======================================================
SRCC_train:  0.8653749903214641
KRCC_train:  0.7113988192714988
PLCC_train:  1.0
RMSE_train:  1.0625802546054469e-10
======================================================
SRCC_test:  0.0
KRCC_test:  0.0
PLCC_test:  0.49999999999994216
RMSE_test:  1.6329931618555464
======================================================
 -- 0.21330475807189941 seconds elapsed...


3 th repeated holdout test
3884-dim features, using LinearSVR
======================================================
SRCC_train:  0.8660254037844386
KRCC_train:  0.7119335046677415
PLCC_train:  1.0
RMSE_train:  1.4007569172362517e-10
======================================================
SRCC_test:  0.6062177826491071
KRCC_test:  0.521749194749951
PLCC_test:  0.6626438848877294
RMSE_test:  1.4885944409619458
======================================================
 -- 0.23262453079223633 seconds elapsed...


4 th repeated holdout test
3884-dim features, using LinearSVR
======================================================
SRCC_train:  0.8660254037844386
KRCC_train:  0.7119335046677415
PLCC_train:  0.9999999999999999
RMSE_train:  9.766466797130157e-11
======================================================
SRCC_test:  0.8660254037844386
KRCC_test:  0.7453559924999299
PLCC_test:  1.0
RMSE_test:  1.8204091636063048e-11
======================================================
 -- 0.20254874229431152 seconds elapsed...


5 th repeated holdout test
3884-dim features, using LinearSVR
======================================================
SRCC_train:  0.8653749903214641
KRCC_train:  0.7113988192714988
PLCC_train:  1.0
RMSE_train:  1.1604334025245151e-10
======================================================
SRCC_test:  0.8215838362577492
KRCC_test:  0.7071067811865476
PLCC_test:  0.9999999999999999
RMSE_test:  4.2115406527274194e-11
======================================================
 -- 0.19244742393493652 seconds elapsed...


6 th repeated holdout test
3884-dim features, using LinearSVR
======================================================
SRCC_train:  0.8660254037844386
KRCC_train:  0.7119335046677415
PLCC_train:  1.0
RMSE_train:  1.2813986971354596e-10
======================================================
SRCC_test:  0.4330127018922193
KRCC_test:  0.37267799624996495
PLCC_test:  0.7905694150420091
RMSE_test:  1.2171612389007
======================================================
 -- 0.18918681144714355 seconds elapsed...


7 th repeated holdout test
3884-dim features, using LinearSVR
======================================================
SRCC_train:  0.864072694639532
KRCC_train:  0.7103282410587813
PLCC_train:  0.9999999999999999
RMSE_train:  1.1213271050685309e-10
======================================================
SRCC_test:  0.7245688373094719
KRCC_test:  0.6236095644623235
PLCC_test:  1.0
RMSE_test:  1.772799198702077e-11
======================================================
 -- 0.1785590648651123 seconds elapsed...


8 th repeated holdout test
3884-dim features, using LinearSVR
======================================================
SRCC_train:  0.8653749903214641
KRCC_train:  0.7113988192714988
PLCC_train:  0.9999999999999999
RMSE_train:  1.301883748145929e-10
======================================================
SRCC_test:  0.7302967433402214
KRCC_test:  0.628539361054709
PLCC_test:  0.8344134700100742
RMSE_test:  1.0392376027167458
======================================================
 -- 0.20785284042358398 seconds elapsed...


9 th repeated holdout test
3884-dim features, using LinearSVR
======================================================
SRCC_train:  0.8660254037844386
KRCC_train:  0.7119335046677415
PLCC_train:  0.9999999999999999
RMSE_train:  1.492198561855632e-10
======================================================
SRCC_test:  0.7794228634059948
KRCC_test:  0.6708203932499369
PLCC_test:  0.8361992377835727
RMSE_test:  1.0900598415652571
======================================================
 -- 0.21116995811462402 seconds elapsed...


10 th repeated holdout test
3884-dim features, using LinearSVR
======================================================
SRCC_train:  0.8653749903214641
KRCC_train:  0.7113988192714988
PLCC_train:  1.0
RMSE_train:  1.1036295542428522e-10
======================================================
SRCC_test:  0.8215838362577492
KRCC_test:  0.7071067811865476
PLCC_test:  0.9999999999999999
RMSE_test:  4.583934164456287e-11
======================================================
 -- 0.19579863548278809 seconds elapsed...


11 th repeated holdout test
3884-dim features, using LinearSVR
======================================================
SRCC_train:  0.8660254037844386
KRCC_train:  0.7119335046677415
PLCC_train:  1.0
RMSE_train:  1.365361852844053e-10
======================================================
SRCC_test:  0.6928203230275508
KRCC_test:  0.5962847939999439
PLCC_test:  0.7905694150352185
RMSE_test:  1.217161238926836
======================================================
 -- 0.23280835151672363 seconds elapsed...


12 th repeated holdout test
3884-dim features, using LinearSVR
======================================================
SRCC_train:  0.8653749903214641
KRCC_train:  0.7113988192714988
PLCC_train:  1.0
RMSE_train:  1.332372796183671e-10
======================================================
SRCC_test:  0.7302967433402214
KRCC_test:  0.628539361054709
PLCC_test:  0.8265162528990749
RMSE_test:  1.0614386609271562
======================================================
 -- 0.23265576362609863 seconds elapsed...


13 th repeated holdout test
3884-dim features, using LinearSVR
======================================================
SRCC_train:  0.8660254037844386
KRCC_train:  0.7119335046677415
PLCC_train:  1.0
RMSE_train:  1.3835393294396418e-10
======================================================
SRCC_test:  0.5196152422706632
KRCC_test:  0.4472135954999579
PLCC_test:  0.7999999999999995
RMSE_test:  1.1925695879998892
======================================================
 -- 0.20784783363342285 seconds elapsed...


14 th repeated holdout test
3884-dim features, using LinearSVR
======================================================
SRCC_train:  0.8653749903214641
KRCC_train:  0.7113988192714988
PLCC_train:  1.0
RMSE_train:  1.0555795536994005e-10
======================================================
SRCC_test:  0.8215838362577492
KRCC_test:  0.7071067811865476
PLCC_test:  1.0
RMSE_test:  3.008392633716281e-11
======================================================
 -- 0.20785021781921387 seconds elapsed...


15 th repeated holdout test
3884-dim features, using LinearSVR
======================================================
SRCC_train:  0.8653749903214641
KRCC_train:  0.7113988192714988
PLCC_train:  1.0
RMSE_train:  1.184657581429611e-10
======================================================
SRCC_test:  0.6390096504226938
KRCC_test:  0.5499719409228704
PLCC_test:  0.7535068102449607
RMSE_test:  1.239680944704874
======================================================
 -- 0.2127823829650879 seconds elapsed...


16 th repeated holdout test
3884-dim features, using LinearSVR
======================================================
SRCC_train:  0.864072694639532
KRCC_train:  0.7103282410587813
PLCC_train:  1.0
RMSE_train:  1.378852817267249e-10
======================================================
SRCC_test:  0.20701966780270625
KRCC_test:  0.1781741612749496
PLCC_test:  0.2857142857142857
RMSE_test:  1.5936381457791915
======================================================
 -- 0.21924400329589844 seconds elapsed...


17 th repeated holdout test
3884-dim features, using LinearSVR
======================================================
SRCC_train:  0.8660254037844386
KRCC_train:  0.7119335046677415
PLCC_train:  0.9999999999999999
RMSE_train:  1.242743309884389e-10
======================================================
SRCC_test:  0.6062177826491071
KRCC_test:  0.521749194749951
PLCC_test:  0.7999999999605176
RMSE_test:  1.1925695881394087
======================================================
 -- 0.24335813522338867 seconds elapsed...


18 th repeated holdout test
3884-dim features, using LinearSVR
======================================================
SRCC_train:  0.864072694639532
KRCC_train:  0.7103282410587813
PLCC_train:  0.9999999999999999
RMSE_train:  1.579310661328348e-10
======================================================
SRCC_test:  0.7245688373094719
KRCC_test:  0.6236095644623235
PLCC_test:  1.0
RMSE_test:  3.4856127417879596e-11
======================================================
 -- 0.20038318634033203 seconds elapsed...


19 th repeated holdout test
3884-dim features, using LinearSVR
======================================================
SRCC_train:  0.8653749903214641
KRCC_train:  0.7113988192714988
PLCC_train:  0.9999999999999998
RMSE_train:  1.1728690173524854e-10
======================================================
SRCC_test:  0.6390096504226938
KRCC_test:  0.5499719409228704
PLCC_test:  0.6559545811525889
RMSE_test:  1.423265213317427
======================================================
 -- 0.2436988353729248 seconds elapsed...


======================================================

SRCC Train: 0.8654398113543642 (std: 0.0006476182589288492)
KRCC Train: 0.7114521066980883 (std: 0.0005323875428495317)
PLCC Train: 1.0 (std: 7.850462293418876e-17)
RMSE Train: 1.2792925771487962e-10 (std: 1.6850698585997475e-11)
======================================================

SRCC Test: 0.6301698309466263 (std: 0.20843586057639943)
KRCC Test: 0.5423638356752505 (std: 0.17939302594773474)
PLCC Test: 0.799819380484265 (std: 0.18120446874803028)
RMSE Test: 0.9009540823111385 (std: 0.6109270807810233)



Overall 4.452954530715942 secs lapsed..
Namespace(model_name='RAPIQUE', dataset_name='mc_study', feature_file='feat_files/mc_RAPIQUE_feats.mat', mos_file='mos_files/mc_us.csv', out_file='result/mc_RAPIQUE_SVR_corr.mat', log_file='logs/mc_RAPIQUE_LinearSVR_15_using_best_param.log', color_only=False, log_short=False, use_parallel=False, num_iterations=20, max_thread_count=4)
0 th repeated holdout test
3884-dim features, using LinearSVR
======================================================
SRCC_train:  0.8653749903214641
KRCC_train:  0.7113988192714988
PLCC_train:  1.0
RMSE_train:  1.505211849631981e-10
======================================================
SRCC_test:  0.5477225575051662
KRCC_test:  0.47140452079103173
PLCC_test:  0.7905694148151677
RMSE_test:  1.1547005390747522
======================================================
 -- 0.34676361083984375 seconds elapsed...


1 th repeated holdout test
3884-dim features, using LinearSVR
======================================================
SRCC_train:  0.8660254037844386
KRCC_train:  0.7119335046677415
PLCC_train:  1.0
RMSE_train:  1.211288499471072e-10
======================================================
SRCC_test:  0.6928203230275508
KRCC_test:  0.5962847939999439
PLCC_test:  0.6697175759645909
RMSE_test:  1.476035224566472
======================================================
 -- 0.21301031112670898 seconds elapsed...


2 th repeated holdout test
3884-dim features, using LinearSVR
======================================================
SRCC_train:  0.8653749903214641
KRCC_train:  0.7113988192714988
PLCC_train:  1.0
RMSE_train:  1.3204429867350773e-10
======================================================
SRCC_test:  0.0
KRCC_test:  0.0
PLCC_test:  0.49999999999994627
RMSE_test:  1.6329931618555398
======================================================
 -- 0.21030330657958984 seconds elapsed...


3 th repeated holdout test
3884-dim features, using LinearSVR
======================================================
SRCC_train:  0.8660254037844386
KRCC_train:  0.7119335046677415
PLCC_train:  0.9999999999999997
RMSE_train:  8.627226234257837e-11
======================================================
SRCC_test:  0.6062177826491071
KRCC_test:  0.521749194749951
PLCC_test:  0.7905694150420738
RMSE_test:  1.2171612389004494
======================================================
 -- 0.24006199836730957 seconds elapsed...


4 th repeated holdout test
3884-dim features, using LinearSVR
======================================================
SRCC_train:  0.8660254037844386
KRCC_train:  0.7119335046677415
PLCC_train:  1.0
RMSE_train:  1.1804544002925055e-10
======================================================
SRCC_test:  0.8660254037844386
KRCC_test:  0.7453559924999299
PLCC_test:  1.0
RMSE_test:  1.3399364872836165e-11
======================================================
 -- 0.19294357299804688 seconds elapsed...


5 th repeated holdout test
3884-dim features, using LinearSVR
======================================================
SRCC_train:  0.8653749903214641
KRCC_train:  0.7113988192714988
PLCC_train:  1.0
RMSE_train:  1.2149408286370808e-10
======================================================
SRCC_test:  0.8215838362577492
KRCC_test:  0.7071067811865476
PLCC_test:  0.9999999999999999
RMSE_test:  1.0994112340389694e-10
======================================================
 -- 0.19301962852478027 seconds elapsed...


6 th repeated holdout test
3884-dim features, using LinearSVR
======================================================
SRCC_train:  0.8660254037844386
KRCC_train:  0.7119335046677415
PLCC_train:  1.0
RMSE_train:  2.1947213263440303e-10
======================================================
SRCC_test:  0.4330127018922193
KRCC_test:  0.37267799624996495
PLCC_test:  0.7905694150308348
RMSE_test:  1.2171612389904705
======================================================
 -- 0.1914961338043213 seconds elapsed...


7 th repeated holdout test
3884-dim features, using LinearSVR
======================================================
SRCC_train:  0.864072694639532
KRCC_train:  0.7103282410587813
PLCC_train:  1.0
RMSE_train:  1.1043259896249263e-10
======================================================
SRCC_test:  0.7245688373094719
KRCC_test:  0.6236095644623235
PLCC_test:  0.9999999999999999
RMSE_test:  4.094468419202058e-11
======================================================
 -- 0.17460918426513672 seconds elapsed...


8 th repeated holdout test
3884-dim features, using LinearSVR
======================================================
SRCC_train:  0.8653749903214641
KRCC_train:  0.7113988192714988
PLCC_train:  1.0
RMSE_train:  1.4037795283407384e-10
======================================================
SRCC_test:  0.7302967433402214
KRCC_test:  0.628539361054709
PLCC_test:  0.834398807507553
RMSE_test:  1.039279459848087
======================================================
 -- 0.17610788345336914 seconds elapsed...


9 th repeated holdout test
3884-dim features, using LinearSVR
======================================================
SRCC_train:  0.8660254037844386
KRCC_train:  0.7119335046677415
PLCC_train:  1.0
RMSE_train:  9.287964687381607e-11
======================================================
SRCC_test:  0.7794228634059948
KRCC_test:  0.6708203932499369
PLCC_test:  0.836219049428315
RMSE_test:  1.0899997986806327
======================================================
 -- 0.2022383213043213 seconds elapsed...


10 th repeated holdout test
3884-dim features, using LinearSVR
======================================================
SRCC_train:  0.8653749903214641
KRCC_train:  0.7113988192714988
PLCC_train:  1.0
RMSE_train:  9.530394486340286e-11
======================================================
SRCC_test:  0.8215838362577492
KRCC_test:  0.7071067811865476
PLCC_test:  0.9999999999999998
RMSE_test:  3.226171605989528e-11
======================================================
 -- 0.19492888450622559 seconds elapsed...


11 th repeated holdout test
3884-dim features, using LinearSVR
======================================================
SRCC_train:  0.8660254037844386
KRCC_train:  0.7119335046677415
PLCC_train:  1.0
RMSE_train:  1.50939550654252e-10
======================================================
SRCC_test:  0.6928203230275508
KRCC_test:  0.5962847939999439
PLCC_test:  0.790569415016982
RMSE_test:  1.2171612389970283
======================================================
 -- 0.22303438186645508 seconds elapsed...


12 th repeated holdout test
3884-dim features, using LinearSVR
======================================================
SRCC_train:  0.8653749903214641
KRCC_train:  0.7113988192714988
PLCC_train:  0.9999999999999997
RMSE_train:  1.8664979730522683e-10
======================================================
SRCC_test:  0.7302967433402214
KRCC_test:  0.628539361054709
PLCC_test:  0.8265237758056037
RMSE_test:  1.061417832529131
======================================================
 -- 0.2215595245361328 seconds elapsed...


13 th repeated holdout test
3884-dim features, using LinearSVR
======================================================
SRCC_train:  0.8660254037844386
KRCC_train:  0.7119335046677415
PLCC_train:  1.0
RMSE_train:  1.3125385000647121e-10
======================================================
SRCC_test:  0.5196152422706632
KRCC_test:  0.4472135954999579
PLCC_test:  0.8000000000000003
RMSE_test:  1.1925695879998879
======================================================
 -- 0.20535516738891602 seconds elapsed...


14 th repeated holdout test
3884-dim features, using LinearSVR
======================================================
SRCC_train:  0.8653749903214641
KRCC_train:  0.7113988192714988
PLCC_train:  1.0
RMSE_train:  1.0685532764139633e-10
======================================================
SRCC_test:  0.8215838362577492
KRCC_test:  0.7071067811865476
PLCC_test:  1.0
RMSE_test:  2.3240181136172986e-11
======================================================
 -- 0.20731568336486816 seconds elapsed...


15 th repeated holdout test
3884-dim features, using LinearSVR
======================================================
SRCC_train:  0.8653749903214641
KRCC_train:  0.7113988192714988
PLCC_train:  1.0
RMSE_train:  1.0687414959771731e-10
======================================================
SRCC_test:  0.6390096504226938
KRCC_test:  0.5499719409228704
PLCC_test:  0.753504227023276
RMSE_test:  1.2396865268763144
======================================================
 -- 0.20385527610778809 seconds elapsed...


16 th repeated holdout test
3884-dim features, using LinearSVR
======================================================
SRCC_train:  0.864072694639532
KRCC_train:  0.7103282410587813
PLCC_train:  0.9999999999999998
RMSE_train:  1.5194415014800781e-10
======================================================
SRCC_test:  0.20701966780270625
KRCC_test:  0.1781741612749496
PLCC_test:  0.2857142855308804
RMSE_test:  1.593638145961044
======================================================
 -- 0.20685553550720215 seconds elapsed...


17 th repeated holdout test
3884-dim features, using LinearSVR
======================================================
SRCC_train:  0.8660254037844386
KRCC_train:  0.7119335046677415
PLCC_train:  0.9999999999999999
RMSE_train:  1.0721891497934511e-10
======================================================
SRCC_test:  0.6062177826491071
KRCC_test:  0.521749194749951
PLCC_test:  0.7999999999125043
RMSE_test:  1.1925695883091103
======================================================
 -- 0.24207854270935059 seconds elapsed...


18 th repeated holdout test
3884-dim features, using LinearSVR
======================================================
SRCC_train:  0.864072694639532
KRCC_train:  0.7103282410587813
PLCC_train:  0.9999999999999999
RMSE_train:  1.2565470896388123e-10
======================================================
SRCC_test:  0.7245688373094719
KRCC_test:  0.6236095644623235
PLCC_test:  1.0
RMSE_test:  7.271924308706724e-11
======================================================
 -- 0.2048475742340088 seconds elapsed...


19 th repeated holdout test
3884-dim features, using LinearSVR
======================================================
SRCC_train:  0.8653749903214641
KRCC_train:  0.7113988192714988
PLCC_train:  0.9999999999999998
RMSE_train:  1.1590955805897365e-10
======================================================
SRCC_test:  0.6390096504226938
KRCC_test:  0.5499719409228704
PLCC_test:  0.6559417646984567
RMSE_test:  1.4232862150900973
======================================================
 -- 0.2277538776397705 seconds elapsed...


======================================================

SRCC Train: 0.8654398113543642 (std: 0.0006476182589288492)
KRCC Train: 0.7114521066980883 (std: 0.0005323875428495317)
PLCC Train: 1.0 (std: 1.3136335981433191e-16)
RMSE Train: 1.2856362011714047e-10 (std: 3.1309228931270055e-11)
======================================================

SRCC Test: 0.6301698309466263 (std: 0.20843586057639943)
KRCC Test: 0.5423638356752505 (std: 0.17939302594773474)
PLCC Test: 0.8062148572888093 (std: 0.17848806697900807)
RMSE Test: 0.8873829898985763 (std: 0.6006519586193446)



Overall 4.3317413330078125 secs lapsed..
