Namespace(color_only=False, dataset_name='mc_study', feature_file='feat_files/mc_RAPIQUE_feats.mat', log_file='logs/mc_RAPIQUE_SVR_feats_cnn.log', log_short=False, max_thread_count=4, model_name='RAPIQUE', mos_file='mos_files/mc_us.csv', num_iterations=11, out_file='result/mc_RAPIQUE_SVR_corr.mat', use_parallel=False)
1 th repeated holdout test
2048-dim features, using SVR
======================================================
params:  {'gamma': 0.00390625, 'C': 16.0}
SRCC_train:  0.9793828945944775
KRCC_train:  0.911489674863774
PLCC_train:  0.9836798076035056
RMSE_train:  0.2510266643365525
======================================================
SRCC_test:  0.5625104298898354
KRCC_test:  0.3955574136329114
PLCC_test:  0.9065663238868954
RMSE_test:  0.6899800541590225
======================================================
 -- 3.0922882556915283 seconds elapsed...


2 th repeated holdout test
2048-dim features, using SVR
======================================================
params:  {'gamma': 0.00390625, 'C': 128.0}
SRCC_train:  0.9896756944561976
KRCC_train:  0.9360274537674843
PLCC_train:  0.9987059464928871
RMSE_train:  0.0718487289919188
======================================================
SRCC_test:  0.5467998398552733
KRCC_test:  0.3738911719637153
PLCC_test:  0.7440021565107902
RMSE_test:  1.028268768150413
======================================================
 -- 1.0798933506011963 seconds elapsed...


3 th repeated holdout test
2048-dim features, using SVR
======================================================
params:  {'gamma': 0.015625, 'C': 32.0}
SRCC_train:  0.9898474730216014
KRCC_train:  0.9383689834066314
PLCC_train:  0.9988294384426089
RMSE_train:  0.06815878038462843
======================================================
SRCC_test:  0.6259576786673614
KRCC_test:  0.46876947062167124
PLCC_test:  0.8120567743219124
RMSE_test:  0.9150713390458205
======================================================
 -- 1.066650390625 seconds elapsed...


4 th repeated holdout test
2048-dim features, using SVR
======================================================
params:  {'gamma': 0.0078125, 'C': 128.0}
SRCC_train:  0.9892324035521561
KRCC_train:  0.9362673362413981
PLCC_train:  0.9988657011704114
RMSE_train:  0.06802252336278536
======================================================
SRCC_test:  0.4310410084725955
KRCC_test:  0.2923317709623162
PLCC_test:  0.7360648633457917
RMSE_test:  0.9259497175557145
======================================================
 -- 1.0607836246490479 seconds elapsed...


5 th repeated holdout test
2048-dim features, using SVR
======================================================
params:  {'gamma': 0.015625, 'C': 128.0}
SRCC_train:  0.9896737879759147
KRCC_train:  0.9381637090536703
PLCC_train:  0.9989570792039928
RMSE_train:  0.06496749845131711
======================================================
SRCC_test:  0.3933297019133821
KRCC_test:  0.2622875673474658
PLCC_test:  0.5921455711795884
RMSE_test:  1.1534770903055354
======================================================
 -- 1.0875730514526367 seconds elapsed...


6 th repeated holdout test
2048-dim features, using SVR
======================================================
params:  {'gamma': 0.015625, 'C': 64.0}
SRCC_train:  0.990724554646025
KRCC_train:  0.9412991819869895
PLCC_train:  0.998925258156551
RMSE_train:  0.0645372671759185
======================================================
SRCC_test:  0.32969399744770506
KRCC_test:  0.2824506918947103
PLCC_test:  0.4435436269266247
RMSE_test:  1.4774874052591838
======================================================
 -- 1.0464131832122803 seconds elapsed...


7 th repeated holdout test
2048-dim features, using SVR
======================================================
params:  {'gamma': 0.00390625, 'C': 32.0}
SRCC_train:  0.9845265831607607
KRCC_train:  0.9240503213361292
PLCC_train:  0.9951416873695258
RMSE_train:  0.13939202739552348
======================================================
SRCC_test:  0.39661451577805035
KRCC_test:  0.2654926410248962
PLCC_test:  0.4828901460797444
RMSE_test:  1.2197096953194442
======================================================
 -- 1.0625324249267578 seconds elapsed...


8 th repeated holdout test
2048-dim features, using SVR
======================================================
params:  {'gamma': 0.0078125, 'C': 8.0}
SRCC_train:  0.9796126782795211
KRCC_train:  0.9098364198610381
PLCC_train:  0.9874696149472036
RMSE_train:  0.23005352893771638
======================================================
SRCC_test:  0.4197448556155664
KRCC_test:  0.2888072211423767
PLCC_test:  0.4742802961563952
RMSE_test:  0.9584647352521244
======================================================
 -- 1.0430448055267334 seconds elapsed...


9 th repeated holdout test
2048-dim features, using SVR
======================================================
params:  {'gamma': 0.015625, 'C': 512.0}
SRCC_train:  0.9897334728580044
KRCC_train:  0.9385302912000051
PLCC_train:  0.9989580676659054
RMSE_train:  0.06433388175319864
======================================================
SRCC_test:  0.4706814495975705
KRCC_test:  0.312530269764209
PLCC_test:  0.7094764460356021
RMSE_test:  1.09194997382424
======================================================
 -- 0.9943869113922119 seconds elapsed...


10 th repeated holdout test
2048-dim features, using SVR
======================================================
params:  {'gamma': 0.015625, 'C': 4.0}
SRCC_train:  0.9831664372761477
KRCC_train:  0.9188388343012274
PLCC_train:  0.9905817225223373
RMSE_train:  0.19463718449659975
======================================================
SRCC_test:  0.6339073877704849
KRCC_test:  0.46738850262271203
PLCC_test:  0.6056633074695275
RMSE_test:  1.0602776233623261
======================================================
 -- 1.07666015625 seconds elapsed...


======================================================
Average training results among all repeated 80-20 holdouts:
SRCC Train: 0.9865575979820808 (std: 0.004244926476308195)
KRCC Train: 0.9292872206018348 (std: 0.011475299406598392)
PLCC Train: 0.995011432357493 (std: 0.005426491591555963)
RMSE Train: 0.12169780852861589 (std: 0.07218644138968297)
======================================================
Average testing results among all repeated 80-20 holdouts:
SRCC Test: 0.4810280865007825 (std: 0.09971059252127557)
KRCC Test: 0.3409506720976984 (std: 0.07588520638208755)
PLCC Test: 0.6506689511912871 (std: 0.14785311774912083)
RMSE Test: 1.0520636402233825 (std: 0.19903184241466595)



Overall 12.62213397026062 secs lapsed..
