Namespace(color_only=False, dataset_name='mc_study', feature_file='feat_files/mc_RAPIQUE_feats.mat', log_file='logs/mc_RAPIQUE_LinearSVR_not_balance_1.log', log_short=False, max_thread_count=4, model_name='RAPIQUE', mos_file='mos_files/mc_us.csv', num_iterations=20, out_file='result/mc_RAPIQUE_SVR_corr.mat', use_parallel=False)
0 th repeated holdout test
3884-dim features, using LinearSVR
best_params:  {'C': 0.9, 'epsilon': 0.9}
======================================================
params:  {'C': 0.9, 'epsilon': 0.9}
SRCC_train:  0.8660565139051715
KRCC_train:  0.7046250780851756
PLCC_train:  0.8797838463294838
RMSE_train:  0.6705252669342129
======================================================
SRCC_test:  0.32980943169424604
KRCC_test:  0.2559508466743423
PLCC_test:  0.5042030859342435
RMSE_test:  1.3423544584934168
======================================================
 -- 0.8527204990386963 seconds elapsed...


1 th repeated holdout test
3884-dim features, using LinearSVR
best_params:  {'C': 0.9, 'epsilon': 0.9}
======================================================
params:  {'C': 0.9, 'epsilon': 0.9}
SRCC_train:  0.8637490131480468
KRCC_train:  0.7031224125288899
PLCC_train:  0.8769217942016513
RMSE_train:  0.6705560707623803
======================================================
SRCC_test:  0.6377207380645207
KRCC_test:  0.5018265695342906
PLCC_test:  0.7808890225426972
RMSE_test:  1.021196590067351
======================================================
 -- 0.8437535762786865 seconds elapsed...


2 th repeated holdout test
3884-dim features, using LinearSVR
best_params:  {'C': 0.9, 'epsilon': 0.9}
======================================================
params:  {'C': 0.9, 'epsilon': 0.9}
SRCC_train:  0.8657011105497472
KRCC_train:  0.7046679542396772
PLCC_train:  0.8766046455679788
RMSE_train:  0.6798362511934692
======================================================
SRCC_test:  0.4901287079935222
KRCC_test:  0.3738911719637153
PLCC_test:  0.6866891409658745
RMSE_test:  1.1187169826584749
======================================================
 -- 0.8976037502288818 seconds elapsed...


3 th repeated holdout test
3884-dim features, using LinearSVR
best_params:  {'C': 0.9, 'epsilon': 0.9}
======================================================
params:  {'C': 0.9, 'epsilon': 0.9}
SRCC_train:  0.8585626002887091
KRCC_train:  0.700189290033732
PLCC_train:  0.8743507596304367
RMSE_train:  0.6838206011824386
======================================================
SRCC_test:  0.5938180423543673
KRCC_test:  0.45747382072717313
PLCC_test:  0.7247018829555687
RMSE_test:  1.0804740822401653
======================================================
 -- 0.8377597332000732 seconds elapsed...


4 th repeated holdout test
3884-dim features, using LinearSVR
best_params:  {'C': 0.9, 'epsilon': 0.9}
======================================================
params:  {'C': 0.9, 'epsilon': 0.9}
SRCC_train:  0.8729314634163028
KRCC_train:  0.7163171119319599
PLCC_train:  0.8855151524834795
RMSE_train:  0.6637219905205599
======================================================
SRCC_test:  0.4097550327455538
KRCC_test:  0.2923317709623162
PLCC_test:  0.7181547474235918
RMSE_test:  0.9519021879534018
======================================================
 -- 0.8597030639648438 seconds elapsed...


5 th repeated holdout test
3884-dim features, using LinearSVR
best_params:  {'C': 0.9, 'epsilon': 0.9}
======================================================
params:  {'C': 0.9, 'epsilon': 0.9}
SRCC_train:  0.8708335217965599
KRCC_train:  0.7093923812595473
PLCC_train:  0.8840236872144918
RMSE_train:  0.6651147427134909
======================================================
SRCC_test:  0.4398279806279487
KRCC_test:  0.30693225966192805
PLCC_test:  0.6312851794378018
RMSE_test:  1.1101335755257056
======================================================
 -- 0.8856337070465088 seconds elapsed...


6 th repeated holdout test
3884-dim features, using LinearSVR
best_params:  {'C': 0.9, 'epsilon': 0.9}
======================================================
params:  {'C': 0.9, 'epsilon': 0.9}
SRCC_train:  0.8680776675013643
KRCC_train:  0.7087011897649965
PLCC_train:  0.8782435468879258
RMSE_train:  0.665858826939128
======================================================
SRCC_test:  0.551317278392362
KRCC_test:  0.4354448166710117
PLCC_test:  0.7107761633931412
RMSE_test:  1.1595965294720996
======================================================
 -- 0.8786559104919434 seconds elapsed...


7 th repeated holdout test
3884-dim features, using LinearSVR
best_params:  {'C': 0.9, 'epsilon': 0.9}
======================================================
params:  {'C': 0.9, 'epsilon': 0.9}
SRCC_train:  0.8680571498195461
KRCC_train:  0.7048909882839143
PLCC_train:  0.8865384761599077
RMSE_train:  0.6550364597050097
======================================================
SRCC_test:  0.3942906025996633
KRCC_test:  0.2654926410248962
PLCC_test:  0.5938264177856734
RMSE_test:  1.120693689720998
======================================================
 -- 0.8058488368988037 seconds elapsed...


8 th repeated holdout test
3884-dim features, using LinearSVR
best_params:  {'C': 0.9, 'epsilon': 0.9}
======================================================
params:  {'C': 0.9, 'epsilon': 0.9}
SRCC_train:  0.8914817133891859
KRCC_train:  0.7349355636699266
PLCC_train:  0.8918701252936645
RMSE_train:  0.6593483926084305
======================================================
SRCC_test:  0.24416038279971908
KRCC_test:  0.1390553286981814
PLCC_test:  0.515941010754985
RMSE_test:  0.9326083003024386
======================================================
 -- 1.1190052032470703 seconds elapsed...


9 th repeated holdout test
3884-dim features, using LinearSVR
best_params:  {'C': 0.9, 'epsilon': 0.9}
======================================================
params:  {'C': 0.9, 'epsilon': 0.9}
SRCC_train:  0.8661780514451917
KRCC_train:  0.7082095218472401
PLCC_train:  0.8854768347324665
RMSE_train:  0.6550514745382817
======================================================
SRCC_test:  0.5261463667350912
KRCC_test:  0.35798921809354856
PLCC_test:  0.5978676859109274
RMSE_test:  1.242039480816106
======================================================
 -- 0.8457422256469727 seconds elapsed...


10 th repeated holdout test
3884-dim features, using LinearSVR
best_params:  {'C': 0.9, 'epsilon': 0.9}
======================================================
params:  {'C': 0.9, 'epsilon': 0.9}
SRCC_train:  0.879356895454176
KRCC_train:  0.7186385179878796
PLCC_train:  0.8820668766793638
RMSE_train:  0.669708009488853
======================================================
SRCC_test:  0.7438865008294607
KRCC_test:  0.5675431817561504
PLCC_test:  0.8377321199609664
RMSE_test:  0.7276392940599694
======================================================
 -- 0.9664168357849121 seconds elapsed...


11 th repeated holdout test
3884-dim features, using LinearSVR
best_params:  {'C': 0.9, 'epsilon': 0.9}
======================================================
params:  {'C': 0.9, 'epsilon': 0.9}
SRCC_train:  0.8803429311241564
KRCC_train:  0.725345326088336
PLCC_train:  0.8877789924653147
RMSE_train:  0.6586856291968624
======================================================
SRCC_test:  0.45904785848954643
KRCC_test:  0.31898963300538824
PLCC_test:  0.6605419683766781
RMSE_test:  1.0360443305411844
======================================================
 -- 0.8098363876342773 seconds elapsed...


12 th repeated holdout test
3884-dim features, using LinearSVR
best_params:  {'C': 0.9, 'epsilon': 0.9}
======================================================
params:  {'C': 0.9, 'epsilon': 0.9}
SRCC_train:  0.8692638718318599
KRCC_train:  0.7111967218214269
PLCC_train:  0.8825578417270965
RMSE_train:  0.6677711234884868
======================================================
SRCC_test:  0.572561355099689
KRCC_test:  0.41608916581162886
PLCC_test:  0.5932120381537773
RMSE_test:  1.1851721614853026
======================================================
 -- 0.9414858818054199 seconds elapsed...


13 th repeated holdout test
3884-dim features, using LinearSVR
best_params:  {'C': 0.9, 'epsilon': 0.9}
======================================================
params:  {'C': 0.9, 'epsilon': 0.9}
SRCC_train:  0.8953138783961059
KRCC_train:  0.7398987197459288
PLCC_train:  0.8949110795046277
RMSE_train:  0.6527231650359945
======================================================
SRCC_test:  0.2935000790122891
KRCC_test:  0.23316595556483038
PLCC_test:  0.46386880196565716
RMSE_test:  0.917545172753343
======================================================
 -- 0.8297863006591797 seconds elapsed...


14 th repeated holdout test
3884-dim features, using LinearSVR
best_params:  {'C': 0.9, 'epsilon': 0.9}
======================================================
params:  {'C': 0.9, 'epsilon': 0.9}
SRCC_train:  0.8740789425912376
KRCC_train:  0.7128697736337853
PLCC_train:  0.8876548784165871
RMSE_train:  0.6568921310157018
======================================================
SRCC_test:  0.19590931665782854
KRCC_test:  0.11582956962657812
PLCC_test:  0.476180772173993
RMSE_test:  1.2406857928046622
======================================================
 -- 0.8158175945281982 seconds elapsed...


15 th repeated holdout test
3884-dim features, using LinearSVR
best_params:  {'C': 0.9, 'epsilon': 0.9}
======================================================
params:  {'C': 0.9, 'epsilon': 0.9}
SRCC_train:  0.8849668375281484
KRCC_train:  0.7300652724431355
PLCC_train:  0.8878251026938278
RMSE_train:  0.6616360065728383
======================================================
SRCC_test:  0.5273958579990309
KRCC_test:  0.35688712648767756
PLCC_test:  0.5346676866561297
RMSE_test:  1.0938617504745465
======================================================
 -- 1.0093028545379639 seconds elapsed...


16 th repeated holdout test
3884-dim features, using LinearSVR
best_params:  {'C': 0.9, 'epsilon': 0.9}
======================================================
params:  {'C': 0.9, 'epsilon': 0.9}
SRCC_train:  0.8627137497033691
KRCC_train:  0.7025768161018703
PLCC_train:  0.8787510494552027
RMSE_train:  0.6793180916623432
======================================================
SRCC_test:  0.506817146748025
KRCC_test:  0.341615237222891
PLCC_test:  0.7074413271008756
RMSE_test:  1.0164848330099912
======================================================
 -- 0.8098366260528564 seconds elapsed...


17 th repeated holdout test
3884-dim features, using LinearSVR
best_params:  {'C': 0.9, 'epsilon': 0.9}
======================================================
params:  {'C': 0.9, 'epsilon': 0.9}
SRCC_train:  0.8745685824122346
KRCC_train:  0.7168088246644502
PLCC_train:  0.8802035077335094
RMSE_train:  0.6770821728492529
======================================================
SRCC_test:  0.6929733024327992
KRCC_test:  0.5359113330932637
PLCC_test:  0.8267505711957596
RMSE_test:  0.7969298359473336
======================================================
 -- 0.9275212287902832 seconds elapsed...


18 th repeated holdout test
3884-dim features, using LinearSVR
best_params:  {'C': 0.9, 'epsilon': 0.9}
======================================================
params:  {'C': 0.9, 'epsilon': 0.9}
SRCC_train:  0.8845817123026005
KRCC_train:  0.7268049847430745
PLCC_train:  0.8891620292708327
RMSE_train:  0.6614276604763377
======================================================
SRCC_test:  0.6382423261490503
KRCC_test:  0.4785168003042052
PLCC_test:  0.5763662716592207
RMSE_test:  0.9731760822796754
======================================================
 -- 1.007307767868042 seconds elapsed...


19 th repeated holdout test
3884-dim features, using LinearSVR
best_params:  {'C': 0.9, 'epsilon': 0.9}
======================================================
params:  {'C': 0.9, 'epsilon': 0.9}
SRCC_train:  0.879497479406934
KRCC_train:  0.7206391334364766
PLCC_train:  0.8913395741478584
RMSE_train:  0.6582819563756406
======================================================
SRCC_test:  0.2775276579025785
KRCC_test:  0.22462783866629302
PLCC_test:  0.4599807425061477
RMSE_test:  1.0315281446498996
======================================================
 -- 0.9085724353790283 seconds elapsed...


======================================================

SRCC Train: 0.8738156843005322 (std: 0.009640687193106645)
KRCC Train: 0.7149947791155712 (std: 0.011198993981676404)
PLCC Train: 0.8840789900297852 (std: 0.005527963212475773)
RMSE Train: 0.6656198011629857 (std: 0.008851512917317872)
======================================================

SRCC Test: 0.47624179826636465 (std: 0.14923624960847592)
KRCC Test: 0.3487782142775155 (std: 0.12170215715384868)
PLCC Test: 0.6300538318426855 (std: 0.11460816399481419)
RMSE Test: 1.0549391637628032 (std: 0.14525745303972887)



Overall 17.862297534942627 secs lapsed..
Namespace(color_only=False, dataset_name='mc_study', feature_file='feat_files/mc_RAPIQUE_feats.mat', log_file='logs/mc_RAPIQUE_LinearSVR_not_balance_1.log', log_short=False, max_thread_count=4, model_name='RAPIQUE', mos_file='mos_files/mc_us.csv', num_iterations=20, out_file='result/mc_RAPIQUE_SVR_corr.mat', use_parallel=False)
0 th repeated holdout test
3884-dim features, using LinearSVR
best_params:  {'C': 0.9, 'epsilon': 0.9}
======================================================
params:  {'C': 0.9, 'epsilon': 0.9}
SRCC_train:  0.8650875603215123
KRCC_train:  0.7031478766636133
PLCC_train:  0.8797621112657819
RMSE_train:  0.6705820027846389
======================================================
SRCC_test:  0.32980943169424604
KRCC_test:  0.2559508466743423
PLCC_test:  0.5042006004078954
RMSE_test:  1.342356714194664
======================================================
 -- 0.8711955547332764 seconds elapsed...


1 th repeated holdout test
3884-dim features, using LinearSVR
best_params:  {'C': 0.9, 'epsilon': 0.9}
======================================================
params:  {'C': 0.9, 'epsilon': 0.9}
SRCC_train:  0.8637350614425653
KRCC_train:  0.7029885864130678
PLCC_train:  0.8769125183058055
RMSE_train:  0.6705796817715179
======================================================
SRCC_test:  0.6377207380645207
KRCC_test:  0.5018265695342906
PLCC_test:  0.7808890225147579
RMSE_test:  1.0211965901644635
======================================================
 -- 1.055185079574585 seconds elapsed...


2 th repeated holdout test
3884-dim features, using LinearSVR
best_params:  {'C': 0.9, 'epsilon': 0.9}
======================================================
params:  {'C': 0.9, 'epsilon': 0.9}
SRCC_train:  0.8658621973949681
KRCC_train:  0.7048019979821614
PLCC_train:  0.8766217261428549
RMSE_train:  0.6797922912377722
======================================================
SRCC_test:  0.4901287079935222
KRCC_test:  0.3738911719637153
PLCC_test:  0.6867132797835646
RMSE_test:  1.1186818912860619
======================================================
 -- 1.092081069946289 seconds elapsed...


3 th repeated holdout test
3884-dim features, using LinearSVR
best_params:  {'C': 0.9, 'epsilon': 0.9}
======================================================
params:  {'C': 0.9, 'epsilon': 0.9}
SRCC_train:  0.8585626002887091
KRCC_train:  0.700189290033732
PLCC_train:  0.8743667103467869
RMSE_train:  0.6837801049937393
======================================================
SRCC_test:  0.5938180423543673
KRCC_test:  0.45747382072717313
PLCC_test:  0.7247018829555666
RMSE_test:  1.0804740822401688
======================================================
 -- 0.8806498050689697 seconds elapsed...


4 th repeated holdout test
3884-dim features, using LinearSVR
best_params:  {'C': 0.9, 'epsilon': 0.9}
======================================================
params:  {'C': 0.9, 'epsilon': 0.9}
SRCC_train:  0.8729314634163028
KRCC_train:  0.7163171119319599
PLCC_train:  0.8855025746702001
RMSE_train:  0.6637562353510269
======================================================
SRCC_test:  0.4097550327455538
KRCC_test:  0.2923317709623162
PLCC_test:  0.7181547474235919
RMSE_test:  0.9519021879534018
======================================================
 -- 0.8587050437927246 seconds elapsed...


5 th repeated holdout test
3884-dim features, using LinearSVR
best_params:  {'C': 0.9, 'epsilon': 0.9}
======================================================
params:  {'C': 0.9, 'epsilon': 0.9}
SRCC_train:  0.8711278776474137
KRCC_train:  0.7096607347232354
PLCC_train:  0.8840262127643341
RMSE_train:  0.6651079465533545
======================================================
SRCC_test:  0.4398279806279487
KRCC_test:  0.30693225966192805
PLCC_test:  0.6312851794378018
RMSE_test:  1.1101335755257056
======================================================
 -- 0.8859267234802246 seconds elapsed...


6 th repeated holdout test
3884-dim features, using LinearSVR
best_params:  {'C': 0.9, 'epsilon': 0.9}
======================================================
params:  {'C': 0.9, 'epsilon': 0.9}
SRCC_train:  0.8680862532127501
KRCC_train:  0.7088350206005672
PLCC_train:  0.8782431145015251
RMSE_train:  0.665859932607314
======================================================
SRCC_test:  0.551317278392362
KRCC_test:  0.4354448166710117
PLCC_test:  0.7107761633930496
RMSE_test:  1.1595965294722823
======================================================
 -- 0.918546199798584 seconds elapsed...


7 th repeated holdout test
3884-dim features, using LinearSVR
best_params:  {'C': 0.9, 'epsilon': 0.9}
======================================================
params:  {'C': 0.9, 'epsilon': 0.9}
SRCC_train:  0.8680571498195461
KRCC_train:  0.7048909882839143
PLCC_train:  0.8865405491897722
RMSE_train:  0.6550308355573491
======================================================
SRCC_test:  0.3942906025996633
KRCC_test:  0.2654926410248962
PLCC_test:  0.5938264177857082
RMSE_test:  1.120693689720962
======================================================
 -- 0.8936138153076172 seconds elapsed...


8 th repeated holdout test
3884-dim features, using LinearSVR
best_params:  {'C': 0.9, 'epsilon': 0.9}
======================================================
params:  {'C': 0.9, 'epsilon': 0.9}
SRCC_train:  0.8914817133891859
KRCC_train:  0.7349355636699266
PLCC_train:  0.8918844533051018
RMSE_train:  0.6593072034875437
======================================================
SRCC_test:  0.24416038279971908
KRCC_test:  0.1390553286981814
PLCC_test:  0.5159410107534337
RMSE_test:  0.9326083003034559
======================================================
 -- 0.8786487579345703 seconds elapsed...


9 th repeated holdout test
3884-dim features, using LinearSVR
best_params:  {'C': 0.9, 'epsilon': 0.9}
======================================================
params:  {'C': 0.9, 'epsilon': 0.9}
SRCC_train:  0.8665121243708873
KRCC_train:  0.7086121805349197
PLCC_train:  0.8858496464329881
RMSE_train:  0.6540490505158466
======================================================
SRCC_test:  0.5492567488757247
KRCC_test:  0.3693539551758834
PLCC_test:  0.5981223783093498
RMSE_test:  1.241745044971282
======================================================
 -- 0.9015893936157227 seconds elapsed...


10 th repeated holdout test
3884-dim features, using LinearSVR
best_params:  {'C': 0.9, 'epsilon': 0.9}
======================================================
params:  {'C': 0.9, 'epsilon': 0.9}
SRCC_train:  0.879356895454176
KRCC_train:  0.7186385179878796
PLCC_train:  0.8820580889723143
RMSE_train:  0.6697313968907658
======================================================
SRCC_test:  0.7438865008294607
KRCC_test:  0.5675431817561504
PLCC_test:  0.8377321199609666
RMSE_test:  0.7276392940599687
======================================================
 -- 0.9185469150543213 seconds elapsed...


11 th repeated holdout test
3884-dim features, using LinearSVR
best_params:  {'C': 0.9, 'epsilon': 0.9}
======================================================
params:  {'C': 0.9, 'epsilon': 0.9}
SRCC_train:  0.8803483053540858
KRCC_train:  0.725479798710896
PLCC_train:  0.8877641203794029
RMSE_train:  0.65872667913013
======================================================
SRCC_test:  0.45904785848954643
KRCC_test:  0.31898963300538824
PLCC_test:  0.6605419683767011
RMSE_test:  1.0360443305411564
======================================================
 -- 0.9235363006591797 seconds elapsed...


12 th repeated holdout test
3884-dim features, using LinearSVR
best_params:  {'C': 0.9, 'epsilon': 0.9}
======================================================
params:  {'C': 0.9, 'epsilon': 0.9}
SRCC_train:  0.8692638718318599
KRCC_train:  0.7111967218214269
PLCC_train:  0.8825591363683294
RMSE_train:  0.6677676724537104
======================================================
SRCC_test:  0.572561355099689
KRCC_test:  0.41608916581162886
PLCC_test:  0.5931576052566984
RMSE_test:  1.1852312064270076
======================================================
 -- 0.9514570236206055 seconds elapsed...


13 th repeated holdout test
3884-dim features, using LinearSVR
best_params:  {'C': 0.9, 'epsilon': 0.9}
======================================================
params:  {'C': 0.9, 'epsilon': 0.9}
SRCC_train:  0.8953300257140369
KRCC_train:  0.7400338240497261
PLCC_train:  0.8948834776676353
RMSE_train:  0.6528041244771181
======================================================
SRCC_test:  0.2935000790122891
KRCC_test:  0.23316595556483038
PLCC_test:  0.4638688019652112
RMSE_test:  0.9175451727535849
======================================================
 -- 0.9514577388763428 seconds elapsed...


14 th repeated holdout test
3884-dim features, using LinearSVR
best_params:  {'C': 0.9, 'epsilon': 0.9}
======================================================
params:  {'C': 0.9, 'epsilon': 0.9}
SRCC_train:  0.8740789425912376
KRCC_train:  0.7128697736337853
PLCC_train:  0.8876651520569672
RMSE_train:  0.656863882371978
======================================================
SRCC_test:  0.19590931665782854
KRCC_test:  0.11582956962657812
PLCC_test:  0.5321094286574362
RMSE_test:  1.1945885794010098
======================================================
 -- 0.9624290466308594 seconds elapsed...


15 th repeated holdout test
3884-dim features, using LinearSVR
best_params:  {'C': 0.9, 'epsilon': 0.9}
======================================================
params:  {'C': 0.9, 'epsilon': 0.9}
SRCC_train:  0.8843504747186627
KRCC_train:  0.7292561864374726
PLCC_train:  0.8875971004340251
RMSE_train:  0.662268076463629
======================================================
SRCC_test:  0.5273958579990309
KRCC_test:  0.35688712648767756
PLCC_test:  0.5346763986380282
RMSE_test:  1.0938546153460447
======================================================
 -- 0.8936145305633545 seconds elapsed...


16 th repeated holdout test
3884-dim features, using LinearSVR
best_params:  {'C': 0.9, 'epsilon': 0.9}
======================================================
params:  {'C': 0.9, 'epsilon': 0.9}
SRCC_train:  0.862682563689763
KRCC_train:  0.702442093797728
PLCC_train:  0.8787457442302289
RMSE_train:  0.6793319940650224
======================================================
SRCC_test:  0.506817146748025
KRCC_test:  0.341615237222891
PLCC_test:  0.7074413271032485
RMSE_test:  1.0164848330062766
======================================================
 -- 0.9803793430328369 seconds elapsed...


17 th repeated holdout test
3884-dim features, using LinearSVR
best_params:  {'C': 0.9, 'epsilon': 0.9}
======================================================
params:  {'C': 0.9, 'epsilon': 0.9}
SRCC_train:  0.8745685824122346
KRCC_train:  0.7168088246644502
PLCC_train:  0.8801945015872902
RMSE_train:  0.6771060017848545
======================================================
SRCC_test:  0.6929733024327992
KRCC_test:  0.5359113330932637
PLCC_test:  0.8268212215711878
RMSE_test:  0.7967827346032684
======================================================
 -- 1.0372309684753418 seconds elapsed...


18 th repeated holdout test
3884-dim features, using LinearSVR
best_params:  {'C': 0.9, 'epsilon': 0.9}
======================================================
params:  {'C': 0.9, 'epsilon': 0.9}
SRCC_train:  0.884438680339695
KRCC_train:  0.7266703538299054
PLCC_train:  0.8891641814368907
RMSE_train:  0.6614216156507419
======================================================
SRCC_test:  0.6382423261490503
KRCC_test:  0.4785168003042052
PLCC_test:  0.5764543632746388
RMSE_test:  0.9731020831529266
======================================================
 -- 1.0122957229614258 seconds elapsed...


19 th repeated holdout test
3884-dim features, using LinearSVR
best_params:  {'C': 0.9, 'epsilon': 0.9}
======================================================
params:  {'C': 0.9, 'epsilon': 0.9}
SRCC_train:  0.8792993691693758
KRCC_train:  0.7203686232512526
PLCC_train:  0.8913391836151059
RMSE_train:  0.6582830713662936
======================================================
SRCC_test:  0.2775276579025785
KRCC_test:  0.22462783866629302
PLCC_test:  0.4599801387824591
RMSE_test:  1.0315285079804406
======================================================
 -- 1.0761241912841797 seconds elapsed...


======================================================

SRCC Train: 0.8737580856289485 (std: 0.009613845048900786)
KRCC Train: 0.7149072034510812 (std: 0.011212927156389932)
PLCC Train: 0.884084015183667 (std: 0.005523541117834623)
RMSE Train: 0.6656074899757173 (std: 0.00889413198545421)
======================================================

SRCC Test: 0.4773973173733963 (std: 0.14970690974607181)
KRCC Test: 0.34934645113163226 (std: 0.12177034979373506)
PLCC Test: 0.6328697028175647 (std: 0.1114598952018299)
RMSE Test: 1.0526094981552068 (std: 0.14263164640854994)



Overall 18.958168268203735 secs lapsed..
Namespace(color_only=False, dataset_name='mc_study', feature_file='feat_files/mc_RAPIQUE_feats.mat', log_file='logs/mc_RAPIQUE_LinearSVR_not_balance_1.log', log_short=False, max_thread_count=4, model_name='RAPIQUE', mos_file='mos_files/mc_us.csv', num_iterations=20, out_file='result/mc_RAPIQUE_SVR_corr.mat', use_parallel=False)
0 th repeated holdout test
3884-dim features, using LinearSVR
best_params:  {'C': 0.9, 'epsilon': 0.9}
======================================================
params:  {'C': 0.9, 'epsilon': 0.9}
SRCC_train:  0.8663207739734419
KRCC_train:  0.705027951200147
PLCC_train:  0.8797964002422478
RMSE_train:  0.6704924941598407
======================================================
SRCC_test:  0.32980943169424604
KRCC_test:  0.2559508466743423
PLCC_test:  0.5042002668403835
RMSE_test:  1.3423570169146635
======================================================
 -- 0.8676924705505371 seconds elapsed...


1 th repeated holdout test
3884-dim features, using LinearSVR
best_params:  {'C': 0.9, 'epsilon': 0.9}
======================================================
params:  {'C': 0.9, 'epsilon': 0.9}
SRCC_train:  0.8637350614425653
KRCC_train:  0.7029885864130678
PLCC_train:  0.8769530700813885
RMSE_train:  0.6704764526840254
======================================================
SRCC_test:  0.6377207380645207
KRCC_test:  0.5018265695342906
PLCC_test:  0.7808890206372392
RMSE_test:  1.0211965942758827
======================================================
 -- 0.8796486854553223 seconds elapsed...


2 th repeated holdout test
3884-dim features, using LinearSVR
best_params:  {'C': 0.9, 'epsilon': 0.9}
======================================================
params:  {'C': 0.9, 'epsilon': 0.9}
SRCC_train:  0.8657011105497472
KRCC_train:  0.7046679542396772
PLCC_train:  0.8766590245844501
RMSE_train:  0.6796962840762321
======================================================
SRCC_test:  0.4901287079935222
KRCC_test:  0.3738911719637153
PLCC_test:  0.6867206610539284
RMSE_test:  1.1186711606781934
======================================================
 -- 0.8786540031433105 seconds elapsed...


3 th repeated holdout test
3884-dim features, using LinearSVR
best_params:  {'C': 0.9, 'epsilon': 0.9}
======================================================
params:  {'C': 0.9, 'epsilon': 0.9}
SRCC_train:  0.858493865877828
KRCC_train:  0.7000551798460221
PLCC_train:  0.8743689117502358
RMSE_train:  0.6837745157539122
======================================================
SRCC_test:  0.5938180423543673
KRCC_test:  0.45747382072717313
PLCC_test:  0.7247018829555687
RMSE_test:  1.0804740822401653
======================================================
 -- 0.9763929843902588 seconds elapsed...


4 th repeated holdout test
3884-dim features, using LinearSVR
best_params:  {'C': 0.9, 'epsilon': 0.9}
======================================================
params:  {'C': 0.9, 'epsilon': 0.9}
SRCC_train:  0.8727981930780113
KRCC_train:  0.7161826680295704
PLCC_train:  0.8855122077668607
RMSE_train:  0.6637300081193735
======================================================
SRCC_test:  0.4097550327455538
KRCC_test:  0.2923317709623162
PLCC_test:  0.7360648633456448
RMSE_test:  0.9259497175559329
======================================================
 -- 0.9664206504821777 seconds elapsed...


5 th repeated holdout test
3884-dim features, using LinearSVR
best_params:  {'C': 0.9, 'epsilon': 0.9}
======================================================
params:  {'C': 0.9, 'epsilon': 0.9}
SRCC_train:  0.8706863438711331
KRCC_train:  0.7092582045277033
PLCC_train:  0.8840066278248495
RMSE_train:  0.6651606465656612
======================================================
SRCC_test:  0.4398279806279487
KRCC_test:  0.30693225966192805
PLCC_test:  0.6312851794377891
RMSE_test:  1.1101335755257202
======================================================
 -- 0.8816409111022949 seconds elapsed...


6 th repeated holdout test
3884-dim features, using LinearSVR
best_params:  {'C': 0.9, 'epsilon': 0.9}
======================================================
params:  {'C': 0.9, 'epsilon': 0.9}
SRCC_train:  0.8683363120568585
KRCC_train:  0.7091026822717088
PLCC_train:  0.8782151376001694
RMSE_train:  0.6659314681153883
======================================================
SRCC_test:  0.551317278392362
KRCC_test:  0.4354448166710117
PLCC_test:  0.7107761633933173
RMSE_test:  1.1595965294717474
======================================================
 -- 0.8098368644714355 seconds elapsed...


7 th repeated holdout test
3884-dim features, using LinearSVR
best_params:  {'C': 0.9, 'epsilon': 0.9}
======================================================
params:  {'C': 0.9, 'epsilon': 0.9}
SRCC_train:  0.8680571498195461
KRCC_train:  0.7048909882839143
PLCC_train:  0.8865493472482449
RMSE_train:  0.6550069656661207
======================================================
SRCC_test:  0.3942906025996633
KRCC_test:  0.2654926410248962
PLCC_test:  0.5938264177857082
RMSE_test:  1.120693689720962
======================================================
 -- 0.8975944519042969 seconds elapsed...


8 th repeated holdout test
3884-dim features, using LinearSVR
best_params:  {'C': 0.9, 'epsilon': 0.9}
======================================================
params:  {'C': 0.9, 'epsilon': 0.9}
SRCC_train:  0.8914817133891859
KRCC_train:  0.7349355636699266
PLCC_train:  0.8918853419656962
RMSE_train:  0.6593046487244248
======================================================
SRCC_test:  0.24416038279971908
KRCC_test:  0.1390553286981814
PLCC_test:  0.515941010754985
RMSE_test:  0.9326083003024387
======================================================
 -- 0.8307797908782959 seconds elapsed...


9 th repeated holdout test
3884-dim features, using LinearSVR
best_params:  {'C': 0.9, 'epsilon': 0.9}
======================================================
params:  {'C': 0.9, 'epsilon': 0.9}
SRCC_train:  0.8665121243708873
KRCC_train:  0.7086121805349197
PLCC_train:  0.8858536903235525
RMSE_train:  0.6540381664788572
======================================================
SRCC_test:  0.5492567488757247
KRCC_test:  0.3693539551758834
PLCC_test:  0.5981531207332287
RMSE_test:  1.2417094921143685
======================================================
 -- 0.8102686405181885 seconds elapsed...


10 th repeated holdout test
3884-dim features, using LinearSVR
best_params:  {'C': 0.9, 'epsilon': 0.9}
======================================================
params:  {'C': 0.9, 'epsilon': 0.9}
SRCC_train:  0.8796609819488361
KRCC_train:  0.7190416058730743
PLCC_train:  0.8817337649107122
RMSE_train:  0.6705938121869764
======================================================
SRCC_test:  0.7438865008294607
KRCC_test:  0.5675431817561504
PLCC_test:  0.8377321199609657
RMSE_test:  0.7276392940599705
======================================================
 -- 0.8923602104187012 seconds elapsed...


11 th repeated holdout test
3884-dim features, using LinearSVR
best_params:  {'C': 0.9, 'epsilon': 0.9}
======================================================
params:  {'C': 0.9, 'epsilon': 0.9}
SRCC_train:  0.8803966734234505
KRCC_train:  0.7256142713334559
PLCC_train:  0.8877634118197735
RMSE_train:  0.6587286348154964
======================================================
SRCC_test:  0.45904785848954643
KRCC_test:  0.31898963300538824
PLCC_test:  0.6605419683767011
RMSE_test:  1.0360443305411564
======================================================
 -- 0.8577094078063965 seconds elapsed...


12 th repeated holdout test
3884-dim features, using LinearSVR
best_params:  {'C': 0.9, 'epsilon': 0.9}
======================================================
params:  {'C': 0.9, 'epsilon': 0.9}
SRCC_train:  0.8692638718318599
KRCC_train:  0.7111967218214269
PLCC_train:  0.8825294599426285
RMSE_train:  0.667846773077969
======================================================
SRCC_test:  0.572561355099689
KRCC_test:  0.41608916581162886
PLCC_test:  0.5931845296631679
RMSE_test:  1.1852020020727603
======================================================
 -- 0.9933459758758545 seconds elapsed...


13 th repeated holdout test
3884-dim features, using LinearSVR
best_params:  {'C': 0.9, 'epsilon': 0.9}
======================================================
params:  {'C': 0.9, 'epsilon': 0.9}
SRCC_train:  0.8953300257140369
KRCC_train:  0.7400338240497261
PLCC_train:  0.894883743505799
RMSE_train:  0.6528033448022449
======================================================
SRCC_test:  0.2935000790122891
KRCC_test:  0.23316595556483038
PLCC_test:  0.46386880196577185
RMSE_test:  0.9175451727532808
======================================================
 -- 0.8297829627990723 seconds elapsed...


14 th repeated holdout test
3884-dim features, using LinearSVR
best_params:  {'C': 0.9, 'epsilon': 0.9}
======================================================
params:  {'C': 0.9, 'epsilon': 0.9}
SRCC_train:  0.8740789425912376
KRCC_train:  0.7128697736337853
PLCC_train:  0.8876542918296026
RMSE_train:  0.6568937438625729
======================================================
SRCC_test:  0.19590931665782854
KRCC_test:  0.11582956962657812
PLCC_test:  0.532098565566866
RMSE_test:  1.1945982117553453
======================================================
 -- 0.8696765899658203 seconds elapsed...


15 th repeated holdout test
3884-dim features, using LinearSVR
best_params:  {'C': 0.9, 'epsilon': 0.9}
======================================================
params:  {'C': 0.9, 'epsilon': 0.9}
SRCC_train:  0.8843504747186627
KRCC_train:  0.7292561864374726
PLCC_train:  0.8876047157810603
RMSE_train:  0.6622469774885027
======================================================
SRCC_test:  0.5273958579990309
KRCC_test:  0.35688712648767756
PLCC_test:  0.5347802259831053
RMSE_test:  1.093769571988216
======================================================
 -- 0.9813807010650635 seconds elapsed...


16 th repeated holdout test
3884-dim features, using LinearSVR
best_params:  {'C': 0.9, 'epsilon': 0.9}
======================================================
params:  {'C': 0.9, 'epsilon': 0.9}
SRCC_train:  0.8628632274927228
KRCC_train:  0.7027115384060125
PLCC_train:  0.8787681171088009
RMSE_train:  0.6792733631814577
======================================================
SRCC_test:  0.506817146748025
KRCC_test:  0.341615237222891
PLCC_test:  0.707441327103576
RMSE_test:  1.0164848330058052
======================================================
 -- 0.9295141696929932 seconds elapsed...


17 th repeated holdout test
3884-dim features, using LinearSVR
best_params:  {'C': 0.9, 'epsilon': 0.9}
======================================================
params:  {'C': 0.9, 'epsilon': 0.9}
SRCC_train:  0.8745685824122346
KRCC_train:  0.7168088246644502
PLCC_train:  0.8801837169587636
RMSE_train:  0.6771345348984609
======================================================
SRCC_test:  0.6929733024327992
KRCC_test:  0.5359113330932637
PLCC_test:  0.8267977911958628
RMSE_test:  0.7968315234559726
======================================================
 -- 0.8896236419677734 seconds elapsed...


18 th repeated holdout test
3884-dim features, using LinearSVR
best_params:  {'C': 0.9, 'epsilon': 0.9}
======================================================
params:  {'C': 0.9, 'epsilon': 0.9}
SRCC_train:  0.884438680339695
KRCC_train:  0.7266703538299054
PLCC_train:  0.8891624536478698
RMSE_train:  0.6614264685268303
======================================================
SRCC_test:  0.6382423261490503
KRCC_test:  0.4785168003042052
PLCC_test:  0.5763978449978338
RMSE_test:  0.973149561889902
======================================================
 -- 0.9205398559570312 seconds elapsed...


19 th repeated holdout test
3884-dim features, using LinearSVR
best_params:  {'C': 0.9, 'epsilon': 0.9}
======================================================
params:  {'C': 0.9, 'epsilon': 0.9}
SRCC_train:  0.8795965345257132
KRCC_train:  0.7207743885290885
PLCC_train:  0.8913587112490958
RMSE_train:  0.6582273160764581
======================================================
SRCC_test:  0.2775276579025785
KRCC_test:  0.22462783866629302
PLCC_test:  0.45998068724636626
RMSE_test:  1.0315281779089132
======================================================
 -- 0.889620304107666 seconds elapsed...


======================================================

SRCC Train: 0.8738335321713826 (std: 0.009583154294077013)
KRCC Train: 0.7150349723797528 (std: 0.011146992147645342)
PLCC Train: 0.8840721073070901 (std: 0.005526038904022922)
RMSE Train: 0.6656393309630403 (std: 0.008904499502919543)
======================================================

SRCC Test: 0.4773973173733963 (std: 0.14970690974607181)
KRCC Test: 0.34934645113163226 (std: 0.12177034979373506)
PLCC Test: 0.6337691224499005 (std: 0.11220543816638484)
RMSE Test: 1.0513091419115699 (std: 0.143645996783412)



Overall 17.87642550468445 secs lapsed..
Namespace(color_only=False, dataset_name='mc_study', feature_file='feat_files/mc_RAPIQUE_feats.mat', log_file='logs/mc_RAPIQUE_LinearSVR_not_balance_1.log', log_short=False, max_thread_count=4, model_name='RAPIQUE', mos_file='mos_files/mc_us.csv', num_iterations=20, out_file='result/mc_RAPIQUE_SVR_corr.mat', use_parallel=False)
0 th repeated holdout test
3884-dim features, using LinearSVR
best_params:  {'C': 0.9, 'epsilon': 0.9}
======================================================
params:  {'C': 0.9, 'epsilon': 0.9}
SRCC_train:  0.8664335679050208
KRCC_train:  0.7052965332767946
PLCC_train:  0.8798025124626273
RMSE_train:  0.6704765370771746
======================================================
SRCC_test:  0.32980943169424604
KRCC_test:  0.2559508466743423
PLCC_test:  0.5042134790040873
RMSE_test:  1.3423450263137044
======================================================
 -- 0.9404881000518799 seconds elapsed...


1 th repeated holdout test
3884-dim features, using LinearSVR
best_params:  {'C': 0.9, 'epsilon': 0.9}
======================================================
params:  {'C': 0.9, 'epsilon': 0.9}
SRCC_train:  0.8637350614425653
KRCC_train:  0.7029885864130678
PLCC_train:  0.8768902258613891
RMSE_train:  0.6706364208845347
======================================================
SRCC_test:  0.6377207380645207
KRCC_test:  0.5018265695342906
PLCC_test:  0.7808890228005658
RMSE_test:  1.0211965895383066
======================================================
 -- 1.0521886348724365 seconds elapsed...


2 th repeated holdout test
3884-dim features, using LinearSVR
best_params:  {'C': 0.9, 'epsilon': 0.9}
======================================================
params:  {'C': 0.9, 'epsilon': 0.9}
SRCC_train:  0.8658621973949681
KRCC_train:  0.7048019979821614
PLCC_train:  0.8766259029986898
RMSE_train:  0.6797815407791987
======================================================
SRCC_test:  0.4901287079935222
KRCC_test:  0.3738911719637153
PLCC_test:  0.6866270732790997
RMSE_test:  1.1188072017261808
======================================================
 -- 0.9985113143920898 seconds elapsed...


3 th repeated holdout test
3884-dim features, using LinearSVR
best_params:  {'C': 0.9, 'epsilon': 0.9}
======================================================
params:  {'C': 0.9, 'epsilon': 0.9}
SRCC_train:  0.8584068738890571
KRCC_train:  0.7000551798460221
PLCC_train:  0.8743525190904402
RMSE_train:  0.6838161343630522
======================================================
SRCC_test:  0.5938180423543673
KRCC_test:  0.45747382072717313
PLCC_test:  0.7247018829555646
RMSE_test:  1.0804740822401722
======================================================
 -- 0.9863646030426025 seconds elapsed...


4 th repeated holdout test
3884-dim features, using LinearSVR
best_params:  {'C': 0.9, 'epsilon': 0.9}
======================================================
params:  {'C': 0.9, 'epsilon': 0.9}
SRCC_train:  0.8728024921211821
KRCC_train:  0.7163171119319599
PLCC_train:  0.8855392517745883
RMSE_train:  0.6636563705828991
======================================================
SRCC_test:  0.4097550327455538
KRCC_test:  0.2923317709623162
PLCC_test:  0.736064863345826
RMSE_test:  0.9259497175556632
======================================================
 -- 1.0152876377105713 seconds elapsed...


5 th repeated holdout test
3884-dim features, using LinearSVR
best_params:  {'C': 0.9, 'epsilon': 0.9}
======================================================
params:  {'C': 0.9, 'epsilon': 0.9}
SRCC_train:  0.8705391659457062
KRCC_train:  0.7091240277958591
PLCC_train:  0.8840106953066644
RMSE_train:  0.6651497020471745
======================================================
SRCC_test:  0.4398279806279487
KRCC_test:  0.30693225966192805
PLCC_test:  0.6312851794378018
RMSE_test:  1.1101335755257056
======================================================
 -- 0.9364974498748779 seconds elapsed...


6 th repeated holdout test
3884-dim features, using LinearSVR
best_params:  {'C': 0.9, 'epsilon': 0.9}
======================================================
params:  {'C': 0.9, 'epsilon': 0.9}
SRCC_train:  0.8682375763759229
KRCC_train:  0.7089688514361381
PLCC_train:  0.8782447145911523
RMSE_train:  0.6658558409588321
======================================================
SRCC_test:  0.551317278392362
KRCC_test:  0.4354448166710117
PLCC_test:  0.7107761633931673
RMSE_test:  1.1595965294720472
======================================================
 -- 0.8447437286376953 seconds elapsed...


7 th repeated holdout test
3884-dim features, using LinearSVR
best_params:  {'C': 0.9, 'epsilon': 0.9}
======================================================
params:  {'C': 0.9, 'epsilon': 0.9}
SRCC_train:  0.8680571498195461
KRCC_train:  0.7048909882839143
PLCC_train:  0.886527954136165
RMSE_train:  0.6550650050976365
======================================================
SRCC_test:  0.3942906025996633
KRCC_test:  0.2654926410248962
PLCC_test:  0.5938264177857082
RMSE_test:  1.120693689720962
======================================================
 -- 0.9155540466308594 seconds elapsed...


8 th repeated holdout test
3884-dim features, using LinearSVR
best_params:  {'C': 0.9, 'epsilon': 0.9}
======================================================
params:  {'C': 0.9, 'epsilon': 0.9}
SRCC_train:  0.8914817133891859
KRCC_train:  0.7349355636699266
PLCC_train:  0.8918708934007945
RMSE_train:  0.659346184592206
======================================================
SRCC_test:  0.24416038279971908
KRCC_test:  0.1390553286981814
PLCC_test:  0.5159410107548147
RMSE_test:  0.9326083003025504
======================================================
 -- 0.9035866260528564 seconds elapsed...


9 th repeated holdout test
3884-dim features, using LinearSVR
best_params:  {'C': 0.9, 'epsilon': 0.9}
======================================================
params:  {'C': 0.9, 'epsilon': 0.9}
SRCC_train:  0.8665121243708873
KRCC_train:  0.7086121805349197
PLCC_train:  0.8858539025620278
RMSE_train:  0.6540375952375836
======================================================
SRCC_test:  0.5492567488757247
KRCC_test:  0.3693539551758834
PLCC_test:  0.598077893427492
RMSE_test:  1.241796485520544
======================================================
 -- 0.8886263370513916 seconds elapsed...


10 th repeated holdout test
3884-dim features, using LinearSVR
best_params:  {'C': 0.9, 'epsilon': 0.9}
======================================================
params:  {'C': 0.9, 'epsilon': 0.9}
SRCC_train:  0.87952881714727
KRCC_train:  0.7190416058730743
PLCC_train:  0.8818660222240349
RMSE_train:  0.6702422969370987
======================================================
SRCC_test:  0.7438865008294607
KRCC_test:  0.5675431817561504
PLCC_test:  0.8377321199609662
RMSE_test:  0.7276392940599699
======================================================
 -- 0.8597023487091064 seconds elapsed...


11 th repeated holdout test
3884-dim features, using LinearSVR
best_params:  {'C': 0.9, 'epsilon': 0.9}
======================================================
params:  {'C': 0.9, 'epsilon': 0.9}
SRCC_train:  0.8801387103868383
KRCC_train:  0.7252108534657762
PLCC_train:  0.8877516171490201
RMSE_train:  0.6587611880367492
======================================================
SRCC_test:  0.45904785848954643
KRCC_test:  0.31898963300538824
PLCC_test:  0.6605419683767011
RMSE_test:  1.0360443305411562
======================================================
 -- 0.7868976593017578 seconds elapsed...


12 th repeated holdout test
3884-dim features, using LinearSVR
best_params:  {'C': 0.9, 'epsilon': 0.9}
======================================================
params:  {'C': 0.9, 'epsilon': 0.9}
SRCC_train:  0.8694089199783155
KRCC_train:  0.7113309985554629
PLCC_train:  0.8825728018145899
RMSE_train:  0.667731244030878
======================================================
SRCC_test:  0.572561355099689
KRCC_test:  0.41608916581162886
PLCC_test:  0.5932267769535425
RMSE_test:  1.1851561725270212
======================================================
 -- 0.9085724353790283 seconds elapsed...


13 th repeated holdout test
3884-dim features, using LinearSVR
best_params:  {'C': 0.9, 'epsilon': 0.9}
======================================================
params:  {'C': 0.9, 'epsilon': 0.9}
SRCC_train:  0.8953138783961059
KRCC_train:  0.7398987197459288
PLCC_train:  0.8948958285628636
RMSE_train:  0.6527678993956584
======================================================
SRCC_test:  0.2935000790122891
KRCC_test:  0.23316595556483038
PLCC_test:  0.46386880166850997
RMSE_test:  0.9175451729144897
======================================================
 -- 0.8567111492156982 seconds elapsed...


14 th repeated holdout test
3884-dim features, using LinearSVR
best_params:  {'C': 0.9, 'epsilon': 0.9}
======================================================
params:  {'C': 0.9, 'epsilon': 0.9}
SRCC_train:  0.8740789425912376
KRCC_train:  0.7128697736337853
PLCC_train:  0.8876511834711072
RMSE_train:  0.6569022903479285
======================================================
SRCC_test:  0.19590931665782854
KRCC_test:  0.11582956962657812
PLCC_test:  0.5321094498142445
RMSE_test:  1.194588560640893
======================================================
 -- 0.978386640548706 seconds elapsed...


15 th repeated holdout test
3884-dim features, using LinearSVR
best_params:  {'C': 0.9, 'epsilon': 0.9}
======================================================
params:  {'C': 0.9, 'epsilon': 0.9}
SRCC_train:  0.8847215832165206
KRCC_train:  0.7297955771079145
PLCC_train:  0.8878155028675776
RMSE_train:  0.6616626347477
======================================================
SRCC_test:  0.5273958579990309
KRCC_test:  0.35688712648767756
PLCC_test:  0.5347162686227512
RMSE_test:  1.0938219606669086
======================================================
 -- 0.9763913154602051 seconds elapsed...


16 th repeated holdout test
3884-dim features, using LinearSVR
best_params:  {'C': 0.9, 'epsilon': 0.9}
======================================================
params:  {'C': 0.9, 'epsilon': 0.9}
SRCC_train:  0.862682563689763
KRCC_train:  0.702442093797728
PLCC_train:  0.8787547847986683
RMSE_train:  0.6793083029310596
======================================================
SRCC_test:  0.506817146748025
KRCC_test:  0.341615237222891
PLCC_test:  0.7074413271035773
RMSE_test:  1.0164848330058032
======================================================
 -- 0.911566972732544 seconds elapsed...


17 th repeated holdout test
3884-dim features, using LinearSVR
best_params:  {'C': 0.9, 'epsilon': 0.9}
======================================================
params:  {'C': 0.9, 'epsilon': 0.9}
SRCC_train:  0.8745685824122346
KRCC_train:  0.7168088246644502
PLCC_train:  0.8801976742223871
RMSE_train:  0.6770976075834518
======================================================
SRCC_test:  0.6929733024327992
KRCC_test:  0.5359113330932637
PLCC_test:  0.8268773860852754
RMSE_test:  0.7966657659621427
======================================================
 -- 0.8726718425750732 seconds elapsed...


18 th repeated holdout test
3884-dim features, using LinearSVR
best_params:  {'C': 0.9, 'epsilon': 0.9}
======================================================
params:  {'C': 0.9, 'epsilon': 0.9}
SRCC_train:  0.884438680339695
KRCC_train:  0.7266703538299054
PLCC_train:  0.8891689065371291
RMSE_train:  0.6614083439358106
======================================================
SRCC_test:  0.6382423261490503
KRCC_test:  0.4785168003042052
PLCC_test:  0.5764184653184452
RMSE_test:  0.9731322403649271
======================================================
 -- 0.9165525436401367 seconds elapsed...


19 th repeated holdout test
3884-dim features, using LinearSVR
best_params:  {'C': 0.9, 'epsilon': 0.9}
======================================================
params:  {'C': 0.9, 'epsilon': 0.9}
SRCC_train:  0.879497479406934
KRCC_train:  0.7206391334364766
PLCC_train:  0.8913426412088854
RMSE_train:  0.6582731996794797
======================================================
SRCC_test:  0.2775276579025785
KRCC_test:  0.22462783866629302
PLCC_test:  0.4599793411771572
RMSE_test:  1.0315289879895573
======================================================
 -- 0.9354984760284424 seconds elapsed...


======================================================

SRCC Train: 0.8738223040109476 (std: 0.009594624273227917)
KRCC Train: 0.7150349477640634 (std: 0.01114727356714573)
PLCC Train: 0.8840867767520401 (std: 0.005534506207184321)
RMSE Train: 0.6655988169623053 (std: 0.008916176383874819)
======================================================

SRCC Test: 0.4773973173733963 (std: 0.14970690974607181)
KRCC Test: 0.34934645113163226 (std: 0.12177034979373506)
PLCC Test: 0.6337657445632648 (std: 0.11221165454130133)
RMSE Test: 1.0513104258294352 (std: 0.1436670511685898)



Overall 18.50773811340332 secs lapsed..
Namespace(color_only=False, dataset_name='mc_study', feature_file='feat_files/mc_RAPIQUE_feats.mat', log_file='logs/mc_RAPIQUE_LinearSVR_not_balance_1.log', log_short=False, max_thread_count=4, model_name='RAPIQUE', mos_file='mos_files/mc_us.csv', num_iterations=20, out_file='result/mc_RAPIQUE_SVR_corr.mat', use_parallel=False)
0 th repeated holdout test
3884-dim features, using LinearSVR
best_params:  {'C': 0.9, 'epsilon': 0.9}
======================================================
params:  {'C': 0.9, 'epsilon': 0.9}
SRCC_train:  0.865993134457903
KRCC_train:  0.7046250780851756
PLCC_train:  0.8798121561896541
RMSE_train:  0.6704513593449488
======================================================
SRCC_test:  0.32980943169424604
KRCC_test:  0.2559508466743423
PLCC_test:  0.5041986682159123
RMSE_test:  1.3423584676952145
======================================================
 -- 0.9394898414611816 seconds elapsed...


1 th repeated holdout test
3884-dim features, using LinearSVR
best_params:  {'C': 0.9, 'epsilon': 0.9}
======================================================
params:  {'C': 0.9, 'epsilon': 0.9}
SRCC_train:  0.8637490131480468
KRCC_train:  0.7031224125288899
PLCC_train:  0.8769050094466566
RMSE_train:  0.6705987941462789
======================================================
SRCC_test:  0.6377207380645207
KRCC_test:  0.5018265695342906
PLCC_test:  0.7808890228005648
RMSE_test:  1.0211965895383086
======================================================
 -- 0.9664175510406494 seconds elapsed...


2 th repeated holdout test
3884-dim features, using LinearSVR
best_params:  {'C': 0.9, 'epsilon': 0.9}
======================================================
params:  {'C': 0.9, 'epsilon': 0.9}
SRCC_train:  0.8658621973949681
KRCC_train:  0.7048019979821614
PLCC_train:  0.8765964600885944
RMSE_train:  0.6798573166974006
======================================================
SRCC_test:  0.4901287079935222
KRCC_test:  0.3738911719637153
PLCC_test:  0.6866174700524534
RMSE_test:  1.1188211595655482
======================================================
 -- 0.9354977607727051 seconds elapsed...


3 th repeated holdout test
3884-dim features, using LinearSVR
best_params:  {'C': 0.9, 'epsilon': 0.9}
======================================================
params:  {'C': 0.9, 'epsilon': 0.9}
SRCC_train:  0.8581738212771638
KRCC_train:  0.6996528492828922
PLCC_train:  0.8743859731545176
RMSE_train:  0.6837311957793626
======================================================
SRCC_test:  0.5938180423543673
KRCC_test:  0.45747382072717313
PLCC_test:  0.7247018829555673
RMSE_test:  1.0804740822401677
======================================================
 -- 0.9115626811981201 seconds elapsed...


4 th repeated holdout test
3884-dim features, using LinearSVR
best_params:  {'C': 0.9, 'epsilon': 0.9}
======================================================
params:  {'C': 0.9, 'epsilon': 0.9}
SRCC_train:  0.8729314634163028
KRCC_train:  0.7163171119319599
PLCC_train:  0.8855096528703359
RMSE_train:  0.6637369642526594
======================================================
SRCC_test:  0.4097550327455538
KRCC_test:  0.2923317709623162
PLCC_test:  0.7181547474235919
RMSE_test:  0.9519021879534018
======================================================
 -- 0.8158230781555176 seconds elapsed...


5 th repeated holdout test
3884-dim features, using LinearSVR
best_params:  {'C': 0.9, 'epsilon': 0.9}
======================================================
params:  {'C': 0.9, 'epsilon': 0.9}
SRCC_train:  0.8712750555728406
KRCC_train:  0.7097949114550796
PLCC_train:  0.8840099107819639
RMSE_train:  0.6651518130137225
======================================================
SRCC_test:  0.4398279806279487
KRCC_test:  0.30693225966192805
PLCC_test:  0.6312851794378016
RMSE_test:  1.1101335755257058
======================================================
 -- 1.005310297012329 seconds elapsed...


6 th repeated holdout test
3884-dim features, using LinearSVR
best_params:  {'C': 0.9, 'epsilon': 0.9}
======================================================
params:  {'C': 0.9, 'epsilon': 0.9}
SRCC_train:  0.8681506460481427
KRCC_train:  0.7089688514361381
PLCC_train:  0.878211517198713
RMSE_train:  0.6659407245689272
======================================================
SRCC_test:  0.551317278392362
KRCC_test:  0.4354448166710117
PLCC_test:  0.710776163393199
RMSE_test:  1.1595965294719837
======================================================
 -- 0.9315159320831299 seconds elapsed...


7 th repeated holdout test
3884-dim features, using LinearSVR
best_params:  {'C': 0.9, 'epsilon': 0.9}
======================================================
params:  {'C': 0.9, 'epsilon': 0.9}
SRCC_train:  0.8680571498195461
KRCC_train:  0.7048909882839143
PLCC_train:  0.8865324497037419
RMSE_train:  0.6550528091829452
======================================================
SRCC_test:  0.3942906025996633
KRCC_test:  0.2654926410248962
PLCC_test:  0.5938264177857082
RMSE_test:  1.120693689720962
======================================================
 -- 1.0192739963531494 seconds elapsed...


8 th repeated holdout test
3884-dim features, using LinearSVR
best_params:  {'C': 0.9, 'epsilon': 0.9}
======================================================
params:  {'C': 0.9, 'epsilon': 0.9}
SRCC_train:  0.8914817133891859
KRCC_train:  0.7349355636699266
PLCC_train:  0.8918793586192288
RMSE_train:  0.6593218496890411
======================================================
SRCC_test:  0.24416038279971908
KRCC_test:  0.1390553286981814
PLCC_test:  0.515941010754985
RMSE_test:  0.9326083003024387
======================================================
 -- 0.9155564308166504 seconds elapsed...


9 th repeated holdout test
3884-dim features, using LinearSVR
best_params:  {'C': 0.9, 'epsilon': 0.9}
======================================================
params:  {'C': 0.9, 'epsilon': 0.9}
SRCC_train:  0.8664809728762084
KRCC_train:  0.7084779609723599
PLCC_train:  0.8858334845180764
RMSE_train:  0.6540925476278867
======================================================
SRCC_test:  0.5492567488757247
KRCC_test:  0.3693539551758834
PLCC_test:  0.5978277091780175
RMSE_test:  1.2420856779486886
======================================================
 -- 0.8906204700469971 seconds elapsed...


10 th repeated holdout test
3884-dim features, using LinearSVR
best_params:  {'C': 0.9, 'epsilon': 0.9}
======================================================
params:  {'C': 0.9, 'epsilon': 0.9}
SRCC_train:  0.8796899937345457
KRCC_train:  0.7193103311298706
PLCC_train:  0.881883617091964
RMSE_train:  0.6701955151925623
======================================================
SRCC_test:  0.7438865008294607
KRCC_test:  0.5675431817561504
PLCC_test:  0.8377321199609661
RMSE_test:  0.7276392940599699
======================================================
 -- 0.9105706214904785 seconds elapsed...


11 th repeated holdout test
3884-dim features, using LinearSVR
best_params:  {'C': 0.9, 'epsilon': 0.9}
======================================================
params:  {'C': 0.9, 'epsilon': 0.9}
SRCC_train:  0.8801978269160621
KRCC_train:  0.7252108534657762
PLCC_train:  0.8877688919767271
RMSE_train:  0.6587135089202707
======================================================
SRCC_test:  0.45904785848954643
KRCC_test:  0.31898963300538824
PLCC_test:  0.6605419683767011
RMSE_test:  1.0360443305411562
======================================================
 -- 0.9424827098846436 seconds elapsed...


12 th repeated holdout test
3884-dim features, using LinearSVR
best_params:  {'C': 0.9, 'epsilon': 0.9}
======================================================
params:  {'C': 0.9, 'epsilon': 0.9}
SRCC_train:  0.8692638718318599
KRCC_train:  0.7111967218214269
PLCC_train:  0.8825573724417461
RMSE_train:  0.6677723744240371
======================================================
SRCC_test:  0.572561355099689
KRCC_test:  0.41608916581162886
PLCC_test:  0.5931143248202155
RMSE_test:  1.1852781474525589
======================================================
 -- 0.8746631145477295 seconds elapsed...


13 th repeated holdout test
3884-dim features, using LinearSVR
best_params:  {'C': 0.9, 'epsilon': 0.9}
======================================================
params:  {'C': 0.9, 'epsilon': 0.9}
SRCC_train:  0.8953300257140369
KRCC_train:  0.7400338240497261
PLCC_train:  0.8948926858290172
RMSE_train:  0.6527771172481538
======================================================
SRCC_test:  0.2935000790122891
KRCC_test:  0.23316595556483038
PLCC_test:  0.4638688019657718
RMSE_test:  0.9175451727532808
======================================================
 -- 0.9305157661437988 seconds elapsed...


14 th repeated holdout test
3884-dim features, using LinearSVR
best_params:  {'C': 0.9, 'epsilon': 0.9}
======================================================
params:  {'C': 0.9, 'epsilon': 0.9}
SRCC_train:  0.8740789425912376
KRCC_train:  0.7128697736337853
PLCC_train:  0.8876492869193953
RMSE_train:  0.6569075048802895
======================================================
SRCC_test:  0.19590931665782854
KRCC_test:  0.11582956962657812
PLCC_test:  0.5321095558816336
RMSE_test:  1.194588466589075
======================================================
 -- 0.9215407371520996 seconds elapsed...


15 th repeated holdout test
3884-dim features, using LinearSVR
best_params:  {'C': 0.9, 'epsilon': 0.9}
======================================================
params:  {'C': 0.9, 'epsilon': 0.9}
SRCC_train:  0.8843504747186627
KRCC_train:  0.7292561864374726
PLCC_train:  0.8876117151179115
RMSE_train:  0.6622275844701503
======================================================
SRCC_test:  0.5273958579990309
KRCC_test:  0.35688712648767756
PLCC_test:  0.5347288884259266
RMSE_test:  1.0938116238803535
======================================================
 -- 0.9873607158660889 seconds elapsed...


16 th repeated holdout test
3884-dim features, using LinearSVR
best_params:  {'C': 0.9, 'epsilon': 0.9}
======================================================
params:  {'C': 0.9, 'epsilon': 0.9}
SRCC_train:  0.862682563689763
KRCC_train:  0.702442093797728
PLCC_train:  0.8787512351685816
RMSE_train:  0.6793176049916378
======================================================
SRCC_test:  0.506817146748025
KRCC_test:  0.341615237222891
PLCC_test:  0.7074413267108267
RMSE_test:  1.016484833614938
======================================================
 -- 1.0442302227020264 seconds elapsed...


17 th repeated holdout test
3884-dim features, using LinearSVR
best_params:  {'C': 0.9, 'epsilon': 0.9}
======================================================
params:  {'C': 0.9, 'epsilon': 0.9}
SRCC_train:  0.8745685824122346
KRCC_train:  0.7168088246644502
PLCC_train:  0.880180275695029
RMSE_train:  0.6771436391941297
======================================================
SRCC_test:  0.6929733024327992
KRCC_test:  0.5359113330932637
PLCC_test:  0.8267974686802657
RMSE_test:  0.7968321949967133
======================================================
 -- 0.9005937576293945 seconds elapsed...


18 th repeated holdout test
3884-dim features, using LinearSVR
best_params:  {'C': 0.9, 'epsilon': 0.9}
======================================================
params:  {'C': 0.9, 'epsilon': 0.9}
SRCC_train:  0.8847247442655058
KRCC_train:  0.7269396156562435
PLCC_train:  0.8891584081647084
RMSE_train:  0.6614378309813216
======================================================
SRCC_test:  0.6382423261490503
KRCC_test:  0.4785168003042052
PLCC_test:  0.5764217381890746
RMSE_test:  0.9731294910031004
======================================================
 -- 0.9893577098846436 seconds elapsed...


19 th repeated holdout test
3884-dim features, using LinearSVR
best_params:  {'C': 0.9, 'epsilon': 0.9}
======================================================
params:  {'C': 0.9, 'epsilon': 0.9}
SRCC_train:  0.879497479406934
KRCC_train:  0.7206391334364766
PLCC_train:  0.8913502728757358
RMSE_train:  0.658251410044756
======================================================
SRCC_test:  0.2775276579025785
KRCC_test:  0.22462783866629302
PLCC_test:  0.45997919616864885
RMSE_test:  1.031529075260067
======================================================
 -- 0.8636882305145264 seconds elapsed...


======================================================

SRCC Train: 0.8738269836340574 (std: 0.009629407810391948)
KRCC Train: 0.7150147541860727 (std: 0.011186388787575708)
PLCC Train: 0.8840739866926149 (std: 0.005528141637886026)
RMSE Train: 0.6656339732325242 (std: 0.00890155617538965)
======================================================

SRCC Test: 0.4773973173733963 (std: 0.14970690974607181)
KRCC Test: 0.34934645113163226 (std: 0.12177034979373506)
PLCC Test: 0.6328476830588914 (std: 0.11145959174897507)
RMSE Test: 1.0526376445056818 (std: 0.1426540067673231)



Overall 18.706040143966675 secs lapsed..
