Namespace(color_only=False, dataset_name='mc_study', feature_file='feat_files/mc_RAPIQUE_feats.mat', log_file='logs/mc_RAPIQUE_SVR_default.log', log_short=False, max_thread_count=4, model_name='RAPIQUE', mos_file='mos_files/mc_us.csv', num_iterations=20, out_file='result/mc_RAPIQUE_SVR_corr.mat', use_parallel=False)
1 th repeated holdout test
3884-dim features, using SVR
======================================================
params:  {'gamma': 0.0078125, 'C': 16.0}
SRCC_train:  0.9903595755828662
KRCC_train:  0.939603387917118
PLCC_train:  0.9985833540393787
RMSE_train:  0.07449333221086527
======================================================
SRCC_test:  0.4374069027905836
KRCC_test:  0.3133076677482807
PLCC_test:  0.5325576049323781
RMSE_test:  1.2894456971164792
======================================================
 -- 2.7331504821777344 seconds elapsed...


2 th repeated holdout test
3884-dim features, using SVR
======================================================
params:  {'gamma': 0.0078125, 'C': 512.0}
SRCC_train:  0.9898470557859007
KRCC_train:  0.9382312474986223
PLCC_train:  0.9989966430064504
RMSE_train:  0.0634211074631154
======================================================
SRCC_test:  0.5431474419681637
KRCC_test:  0.3756739438644288
PLCC_test:  0.6544680410530546
RMSE_test:  1.1069996064311363
======================================================
 -- 0.6965994834899902 seconds elapsed...


3 th repeated holdout test
3884-dim features, using SVR
======================================================
params:  {'gamma': 0.0078125, 'C': 64.0}
SRCC_train:  0.9899923000052541
KRCC_train:  0.9394269705330407
PLCC_train:  0.9989255672903705
RMSE_train:  0.06424142935727768
======================================================
SRCC_test:  0.4391903343189919
KRCC_test:  0.32092480219573316
PLCC_test:  0.6107582933748807
RMSE_test:  1.1904663643405422
======================================================
 -- 0.6747109889984131 seconds elapsed...


4 th repeated holdout test
3884-dim features, using SVR
======================================================
params:  {'gamma': 0.00390625, 'C': 1024.0}
SRCC_train:  0.9880301849440949
KRCC_train:  0.9334375332966269
PLCC_train:  0.9989447228978702
RMSE_train:  0.06674600987026831
======================================================
SRCC_test:  0.38795984970928865
KRCC_test:  0.2664411258294155
PLCC_test:  0.5248837813021727
RMSE_test:  1.0978992887053227
======================================================
 -- 0.6793859004974365 seconds elapsed...


5 th repeated holdout test
3884-dim features, using SVR
======================================================
params:  {'gamma': 0.0078125, 'C': 32.0}
SRCC_train:  0.9894710766814657
KRCC_train:  0.938685719575166
PLCC_train:  0.999090269185043
RMSE_train:  0.060804690936725025
======================================================
SRCC_test:  0.5253818323860251
KRCC_test:  0.36421208244080694
PLCC_test:  0.7149228347522032
RMSE_test:  0.9570965654585393
======================================================
 -- 0.6974537372589111 seconds elapsed...


6 th repeated holdout test
3884-dim features, using SVR
======================================================
params:  {'gamma': 0.0078125, 'C': 16.0}
SRCC_train:  0.9889352303220226
KRCC_train:  0.9366235104194055
PLCC_train:  0.9981882008095915
RMSE_train:  0.08631148973360211
======================================================
SRCC_test:  0.3339952237371877
KRCC_test:  0.2518167405821412
PLCC_test:  0.34837251934646013
RMSE_test:  1.3046089698051442
======================================================
 -- 0.6995651721954346 seconds elapsed...


7 th repeated holdout test
3884-dim features, using SVR
======================================================
params:  {'gamma': 0.00390625, 'C': 8.0}
SRCC_train:  0.9836161616973895
KRCC_train:  0.9217411182837448
PLCC_train:  0.9874652776298247
RMSE_train:  0.22375240027292911
======================================================
SRCC_test:  0.37821478253278834
KRCC_test:  0.25008680972678304
PLCC_test:  0.5337909845822539
RMSE_test:  1.2281120094854148
======================================================
 -- 0.6490488052368164 seconds elapsed...


8 th repeated holdout test
3884-dim features, using SVR
======================================================
params:  {'gamma': 0.015625, 'C': 256.0}
SRCC_train:  0.9864629700009676
KRCC_train:  0.9302113408071331
PLCC_train:  0.9991991182058815
RMSE_train:  0.05831799726540249
======================================================
SRCC_test:  0.49041785987364095
KRCC_test:  0.3541925831279492
PLCC_test:  0.51757790503302
RMSE_test:  1.078957347901942
======================================================
 -- 0.6663985252380371 seconds elapsed...


9 th repeated holdout test
3884-dim features, using SVR
======================================================
params:  {'gamma': 0.0078125, 'C': 256.0}
SRCC_train:  0.989341263621095
KRCC_train:  0.9379669454943558
PLCC_train:  0.9991358147107303
RMSE_train:  0.059671753059550275
======================================================
SRCC_test:  0.6169990937298785
KRCC_test:  0.43431177997894466
PLCC_test:  0.6198714614067122
RMSE_test:  1.0878599775392441
======================================================
 -- 0.7145886421203613 seconds elapsed...


10 th repeated holdout test
3884-dim features, using SVR
======================================================
params:  {'gamma': 0.0078125, 'C': 128.0}
SRCC_train:  0.9886237593210193
KRCC_train:  0.9352173471190285
PLCC_train:  0.999039022502201
RMSE_train:  0.06320889374500098
======================================================
SRCC_test:  0.4313982012678706
KRCC_test:  0.29400411064176507
PLCC_test:  0.5711532315289111
RMSE_test:  1.0796781611072532
======================================================
 -- 0.6600520610809326 seconds elapsed...


11 th repeated holdout test
3884-dim features, using SVR
======================================================
params:  {'gamma': 0.00390625, 'C': 64.0}
SRCC_train:  0.9887973628996553
KRCC_train:  0.9364917283805606
PLCC_train:  0.9990598113150793
RMSE_train:  0.06295512290740862
======================================================
SRCC_test:  0.4962851185959125
KRCC_test:  0.3707856717680568
PLCC_test:  0.5635866120459323
RMSE_test:  1.0651767759019495
======================================================
 -- 0.7119736671447754 seconds elapsed...


12 th repeated holdout test
3884-dim features, using SVR
======================================================
params:  {'gamma': 0.00390625, 'C': 256.0}
SRCC_train:  0.9899607307582104
KRCC_train:  0.938657477918124
PLCC_train:  0.999004356274922
RMSE_train:  0.06260260573551388
======================================================
SRCC_test:  0.6045898130700719
KRCC_test:  0.4404373846531057
PLCC_test:  0.6547124474890222
RMSE_test:  1.1413182285395416
======================================================
 -- 0.708184003829956 seconds elapsed...


13 th repeated holdout test
3884-dim features, using SVR
======================================================
params:  {'gamma': 0.00390625, 'C': 256.0}
SRCC_train:  0.989216588480325
KRCC_train:  0.9368400485799045
PLCC_train:  0.999001556773913
RMSE_train:  0.06421778636520568
======================================================
SRCC_test:  0.4927005090408485
KRCC_test:  0.3642568750368362
PLCC_test:  0.5712659035071009
RMSE_test:  1.1300527623488037
======================================================
 -- 0.6487362384796143 seconds elapsed...


14 th repeated holdout test
3884-dim features, using SVR
======================================================
params:  {'gamma': 0.0078125, 'C': 32.0}
SRCC_train:  0.9883526441125174
KRCC_train:  0.9347658243690514
PLCC_train:  0.9990036532020297
RMSE_train:  0.06367060645504723
======================================================
SRCC_test:  0.24948870348117266
KRCC_test:  0.1839663812038756
PLCC_test:  0.4099973080688205
RMSE_test:  1.298147566678204
======================================================
 -- 0.6612303256988525 seconds elapsed...


15 th repeated holdout test
3884-dim features, using SVR
======================================================
params:  {'gamma': 0.00390625, 'C': 1024.0}
SRCC_train:  0.9892788808949631
KRCC_train:  0.9366235104194055
PLCC_train:  0.999095558420249
RMSE_train:  0.060810952610641046
======================================================
SRCC_test:  0.5766861949677983
KRCC_test:  0.4150506177883674
PLCC_test:  0.652650410184783
RMSE_test:  1.0636471441908293
======================================================
 -- 0.6874406337738037 seconds elapsed...


16 th repeated holdout test
3884-dim features, using SVR
======================================================
params:  {'gamma': 0.0078125, 'C': 512.0}
SRCC_train:  0.9884496430242811
KRCC_train:  0.9345514421667995
PLCC_train:  0.9990206576086943
RMSE_train:  0.0628952184279744
======================================================
SRCC_test:  0.520918791085696
KRCC_test:  0.37363235887853663
PLCC_test:  0.5413179802932021
RMSE_test:  1.2112378105036639
======================================================
 -- 0.7624807357788086 seconds elapsed...


17 th repeated holdout test
3884-dim features, using SVR
======================================================
params:  {'gamma': 0.00390625, 'C': 8.0}
SRCC_train:  0.977975290481885
KRCC_train:  0.9065032730683834
PLCC_train:  0.9832604655418503
RMSE_train:  0.2606774803259876
======================================================
SRCC_test:  0.4791545781961844
KRCC_test:  0.3522819383711917
PLCC_test:  0.6531142446368403
RMSE_test:  1.0588030864769482
======================================================
 -- 0.6829659938812256 seconds elapsed...


18 th repeated holdout test
3884-dim features, using SVR
======================================================
params:  {'gamma': 0.00390625, 'C': 64.0}
SRCC_train:  0.9886913702278782
KRCC_train:  0.9350384958463741
PLCC_train:  0.998957298003111
RMSE_train:  0.06578857619455802
======================================================
SRCC_test:  0.40822659534289474
KRCC_test:  0.30455012863691894
PLCC_test:  0.4760054705317576
RMSE_test:  1.1901735566760778
======================================================
 -- 0.6672203540802002 seconds elapsed...


19 th repeated holdout test
3884-dim features, using SVR
======================================================
params:  {'gamma': 0.0078125, 'C': 1024.0}
SRCC_train:  0.9892097289444726
KRCC_train:  0.9355110556693003
PLCC_train:  0.9990978734183609
RMSE_train:  0.05982114600216793
======================================================
SRCC_test:  0.5369122057891942
KRCC_test:  0.3984486115053981
PLCC_test:  0.6037117945204431
RMSE_test:  1.1731391400095843
======================================================
 -- 0.681999921798706 seconds elapsed...


======================================================
Average training results among all repeated 80-20 holdouts:
SRCC Train: 0.9881374640940139 (std: 0.0028074739352184027)
KRCC Train: 0.9340067356506391 (std: 0.007584375338750207)
PLCC Train: 0.9975299589913447 (std: 0.004234301850803433)
RMSE Train: 0.08338992625996007 (std: 0.0551421126631074)
======================================================
Average testing results among all repeated 80-20 holdouts:
SRCC Test: 0.4710038964149575 (std: 0.09115509241473323)
KRCC Test: 0.33833587441992297 (std: 0.06606366326701836)
PLCC Test: 0.5660378330836816 (std: 0.08764678658891543)
RMSE Test: 1.1448852662745592 (std: 0.0910491183031368)



Overall 15.10889458656311 secs lapsed..
