Namespace(color_only=False, dataset_name='mc_study', feature_file='feat_files/mc_RAPIQUE_feats.mat', log_file='logs/mc_RAPIQUE_LinearSVR_not_balance.log', log_short=False, max_thread_count=4, model_name='RAPIQUE', mos_file='mos_files/mc_us.csv', num_iterations=20, out_file='result/mc_RAPIQUE_SVR_corr.mat', use_parallel=False)
0 th repeated holdout test
3884-dim features, using LinearSVR
best_params:  {'epsilon': 1.0, 'C': 2.5}
======================================================
params:  {'epsilon': 1.0, 'C': 2.5}
SRCC_train:  0.8430734075610649
KRCC_train:  0.6779011614587319
PLCC_train:  0.8567080862512586
RMSE_train:  0.7275493092550918
======================================================
SRCC_test:  0.29927152135218626
KRCC_test:  0.23369425131135602
PLCC_test:  0.4966338045972896
RMSE_test:  1.3491550417196478
======================================================
 -- 63.034574031829834 seconds elapsed...


1 th repeated holdout test
3884-dim features, using LinearSVR
best_params:  {'epsilon': 1.0, 'C': 5.0}
======================================================
params:  {'epsilon': 1.0, 'C': 5.0}
SRCC_train:  0.835216702230381
KRCC_train:  0.6710041447316051
PLCC_train:  0.851460393033393
RMSE_train:  0.731643940244935
======================================================
SRCC_test:  0.6095168724990137
KRCC_test:  0.47821120155620633
PLCC_test:  0.7808890228005071
RMSE_test:  1.0211965895384265
======================================================
 -- 45.744871854782104 seconds elapsed...


2 th repeated holdout test
3884-dim features, using LinearSVR
best_params:  {'epsilon': 1.0, 'C': 2.5}
======================================================
params:  {'epsilon': 1.0, 'C': 2.5}
SRCC_train:  0.8437288648616443
KRCC_train:  0.6771889870304069
PLCC_train:  0.8525907983202534
RMSE_train:  0.7382790911457917
======================================================
SRCC_test:  0.4809387947186437
KRCC_test:  0.35123110093561133
PLCC_test:  0.6722391279075719
RMSE_test:  1.1393121440978176
======================================================
 -- 48.11154317855835 seconds elapsed...


3 th repeated holdout test
3884-dim features, using LinearSVR
best_params:  {'epsilon': 1.0, 'C': 10.0}
======================================================
params:  {'epsilon': 1.0, 'C': 10.0}
SRCC_train:  0.8359887161901778
KRCC_train:  0.6724284811777691
PLCC_train:  0.8522289601922597
RMSE_train:  0.7371889440589978
======================================================
SRCC_test:  0.5938180423543673
KRCC_test:  0.45747382072717313
PLCC_test:  0.7165580822718257
RMSE_test:  1.0937473275268177
======================================================
 -- 70.4368040561676 seconds elapsed...


4 th repeated holdout test
3884-dim features, using LinearSVR
best_params:  {'epsilon': 0.001, 'C': 0.01}
======================================================
params:  {'epsilon': 0.001, 'C': 0.01}
SRCC_train:  0.7758117791472704
KRCC_train:  0.6208619412353212
PLCC_train:  0.7767279351101679
RMSE_train:  0.8997562007951198
======================================================
SRCC_test:  0.427239941378481
KRCC_test:  0.3033631585457998
PLCC_test:  0.7181547474137882
RMSE_test:  0.9519021879672411
======================================================
 -- 41.57093119621277 seconds elapsed...


5 th repeated holdout test
3884-dim features, using LinearSVR
best_params:  {'epsilon': 1.0, 'C': 2.5}
======================================================
params:  {'epsilon': 1.0, 'C': 2.5}
SRCC_train:  0.8455683360287555
KRCC_train:  0.6790684398627896
PLCC_train:  0.8617366923596489
RMSE_train:  0.7219071556214226
======================================================
SRCC_test:  0.4398279806279487
KRCC_test:  0.30693225966192805
PLCC_test:  0.6312851794378018
RMSE_test:  1.1101335755257056
======================================================
 -- 53.08117938041687 seconds elapsed...


6 th repeated holdout test
3884-dim features, using LinearSVR
best_params:  {'epsilon': 1.0, 'C': 0.1}
======================================================
params:  {'epsilon': 1.0, 'C': 0.1}
SRCC_train:  0.8380491419298942
KRCC_train:  0.6735036800098848
PLCC_train:  0.8526862588833627
RMSE_train:  0.7274158906932939
======================================================
SRCC_test:  0.5583653685990825
KRCC_test:  0.447213595499958
PLCC_test:  0.7107761633933374
RMSE_test:  1.159596529471707
======================================================
 -- 69.98003053665161 seconds elapsed...


7 th repeated holdout test
3884-dim features, using LinearSVR
best_params:  {'epsilon': 1.0, 'C': 2.5}
======================================================
params:  {'epsilon': 1.0, 'C': 2.5}
SRCC_train:  0.8526868800146569
KRCC_train:  0.6865159401638693
PLCC_train:  0.8671469264085389
RMSE_train:  0.7051530430042446
======================================================
SRCC_test:  0.41752973438353347
KRCC_test:  0.31166527424661733
PLCC_test:  0.48312606852431755
RMSE_test:  1.219528427426464
======================================================
 -- 79.30542325973511 seconds elapsed...


8 th repeated holdout test
3884-dim features, using LinearSVR
best_params:  {'epsilon': 1.0, 'C': 0.01}
======================================================
params:  {'epsilon': 1.0, 'C': 0.01}
SRCC_train:  0.7288568556600966
KRCC_train:  0.5640958728702494
PLCC_train:  0.7328662555990624
RMSE_train:  0.9918439314497225
======================================================
SRCC_test:  0.2637534999379681
KRCC_test:  0.17114501993622325
PLCC_test:  0.4197046631199576
RMSE_test:  0.988171957588896
======================================================
 -- 67.53607487678528 seconds elapsed...


9 th repeated holdout test
3884-dim features, using LinearSVR
best_params:  {'epsilon': 0.001, 'C': 0.01}
======================================================
params:  {'epsilon': 0.001, 'C': 0.01}
SRCC_train:  0.7815286985075457
KRCC_train:  0.6237854169970717
PLCC_train:  0.7844564891659551
RMSE_train:  0.8742559855945168
======================================================
SRCC_test:  0.464518681026735
KRCC_test:  0.2557065843525347
PLCC_test:  0.7094764460356021
RMSE_test:  1.0919499738242402
======================================================
 -- 51.411216259002686 seconds elapsed...


10 th repeated holdout test
3884-dim features, using LinearSVR
best_params:  {'epsilon': 0.01, 'C': 0.001}
======================================================
params:  {'epsilon': 0.01, 'C': 0.001}
SRCC_train:  0.45338544196430713
KRCC_train:  0.3253591046662897
PLCC_train:  0.47834779197949834
RMSE_train:  1.2483285423174777
======================================================
SRCC_test:  0.7209741856088407
KRCC_test:  0.5564148840746572
PLCC_test:  0.7312701296251876
RMSE_test:  0.9088645181537347
======================================================
 -- 14.711694240570068 seconds elapsed...


11 th repeated holdout test
3884-dim features, using LinearSVR
best_params:  {'epsilon': 1.0, 'C': 5.0}
======================================================
params:  {'epsilon': 1.0, 'C': 5.0}
SRCC_train:  0.8603669184765081
KRCC_train:  0.6997955278019468
PLCC_train:  0.8718134566784583
RMSE_train:  0.7010000242521183
======================================================
SRCC_test:  0.4711879671438154
KRCC_test:  0.32998927552281543
PLCC_test:  0.6605419683767011
RMSE_test:  1.0360443305411564
======================================================
 -- 14.657842874526978 seconds elapsed...


12 th repeated holdout test
3884-dim features, using LinearSVR
best_params:  {'epsilon': 1.0, 'C': 0.1}
======================================================
params:  {'epsilon': 1.0, 'C': 0.1}
SRCC_train:  0.8404659053914977
KRCC_train:  0.6797759660570137
PLCC_train:  0.8616202569873974
RMSE_train:  0.7208140884775216
======================================================
SRCC_test:  0.5459128877745706
KRCC_test:  0.3938977436350087
PLCC_test:  0.5647966934036319
RMSE_test:  1.2148863683625428
======================================================
 -- 59.92519235610962 seconds elapsed...


13 th repeated holdout test
3884-dim features, using LinearSVR
best_params:  {'epsilon': 1.0, 'C': 10.0}
======================================================
params:  {'epsilon': 1.0, 'C': 10.0}
SRCC_train:  0.8588930645586774
KRCC_train:  0.6980163855687649
PLCC_train:  0.8762004977231301
RMSE_train:  0.7049449695358168
======================================================
SRCC_test:  0.20726551971486398
KRCC_test:  0.17894131473580005
PLCC_test:  0.30299552534064944
RMSE_test:  0.9870293851414227
======================================================
 -- 50.03837013244629 seconds elapsed...


14 th repeated holdout test
3884-dim features, using LinearSVR
best_params:  {'epsilon': 0.01, 'C': 0.01}
======================================================
params:  {'epsilon': 0.01, 'C': 0.01}
SRCC_train:  0.7912410304582457
KRCC_train:  0.6360061524238843
PLCC_train:  0.7918852632734336
RMSE_train:  0.871088276038469
======================================================
SRCC_test:  0.2513410225338808
KRCC_test:  0.19304928271096353
PLCC_test:  0.4079117984555231
RMSE_test:  1.2881968911770225
======================================================
 -- 37.928661823272705 seconds elapsed...


15 th repeated holdout test
3884-dim features, using LinearSVR
best_params:  {'epsilon': 1.0, 'C': 5.0}
======================================================
params:  {'epsilon': 1.0, 'C': 5.0}
SRCC_train:  0.870215005819094
KRCC_train:  0.7080851026226274
PLCC_train:  0.8663858347326452
RMSE_train:  0.7179883199561213
======================================================
SRCC_test:  0.5591302792539868
KRCC_test:  0.40014617212254755
PLCC_test:  0.5486552810390353
RMSE_test:  1.082194239237442
======================================================
 -- 58.04693245887756 seconds elapsed...


16 th repeated holdout test
3884-dim features, using LinearSVR
best_params:  {'epsilon': 1.0, 'C': 0.1}
======================================================
params:  {'epsilon': 1.0, 'C': 0.1}
SRCC_train:  0.8440526843893269
KRCC_train:  0.6814254143515359
PLCC_train:  0.8545424437215982
RMSE_train:  0.7392410935192222
======================================================
SRCC_test:  0.49698338121410807
KRCC_test:  0.31992538089127887
PLCC_test:  0.7074413271030194
RMSE_test:  1.0164848330066065
======================================================
 -- 58.287283182144165 seconds elapsed...


17 th repeated holdout test
3884-dim features, using LinearSVR
best_params:  {'epsilon': 1.0, 'C': 5.0}
======================================================
params:  {'epsilon': 1.0, 'C': 5.0}
SRCC_train:  0.8509680225194715
KRCC_train:  0.6893685919319399
PLCC_train:  0.854944596358254
RMSE_train:  0.7400300007092097
======================================================
SRCC_test:  0.6944896553921708
KRCC_test:  0.5468482990747588
PLCC_test:  0.8141354515649336
RMSE_test:  0.822579137301505
======================================================
 -- 62.81218504905701 seconds elapsed...


18 th repeated holdout test
3884-dim features, using LinearSVR
best_params:  {'epsilon': 1.0, 'C': 5.0}
======================================================
params:  {'epsilon': 1.0, 'C': 5.0}
SRCC_train:  0.8649691265318801
KRCC_train:  0.7024367894594779
PLCC_train:  0.8678616898754365
RMSE_train:  0.7181087152163222
======================================================
SRCC_test:  0.6092313113240935
KRCC_test:  0.4451319072597258
PLCC_test:  0.5506516364247076
RMSE_test:  0.9940684674526393
======================================================
 -- 42.335933446884155 seconds elapsed...


19 th repeated holdout test
3884-dim features, using LinearSVR
best_params:  {'epsilon': 1.0, 'C': 0.1}
======================================================
params:  {'epsilon': 1.0, 'C': 0.1}
SRCC_train:  0.8614016165664918
KRCC_train:  0.6999451042668479
PLCC_train:  0.871474222393946
RMSE_train:  0.7121615787971833
======================================================
SRCC_test:  0.26998614545957367
KRCC_test:  0.21393127492027905
PLCC_test:  0.46001044382304623
RMSE_test:  1.0315102691620126
======================================================
 -- 42.63708472251892 seconds elapsed...


======================================================

SRCC Train: 0.8138234099403494 (std: 0.08977667193174477)
KRCC Train: 0.6533284102344014 (std: 0.0825535245264056)
PLCC Train: 0.8241842424523849 (std: 0.08787706174353488)
RMSE Train: 0.7864349550341299 (std: 0.13157184328031393)
======================================================

SRCC Test: 0.46906413961489324 (std: 0.14559643086493249)
KRCC Test: 0.34474559008606215 (std: 0.11518628630686802)
PLCC Test: 0.6043626780329217 (std: 0.13720476336742907)
RMSE Test: 1.0753276097111524 (std: 0.12496236955698128)



Overall 1031.6077847480774 secs lapsed..
Namespace(color_only=False, dataset_name='mc_study', feature_file='feat_files/mc_RAPIQUE_feats.mat', log_file='logs/mc_RAPIQUE_LinearSVR_not_balance.log', log_short=False, max_thread_count=4, model_name='RAPIQUE', mos_file='mos_files/mc_us.csv', num_iterations=20, out_file='result/mc_RAPIQUE_SVR_corr.mat', use_parallel=False)
0 th repeated holdout test
3884-dim features, using LinearSVR
best_params:  {'epsilon': 1.0, 'C': 0.1}
======================================================
params:  {'epsilon': 1.0, 'C': 0.1}
SRCC_train:  0.8431851272647239
KRCC_train:  0.6776325793820842
PLCC_train:  0.8566324924115496
RMSE_train:  0.7277263790098427
======================================================
SRCC_test:  0.29927152135218626
KRCC_test:  0.23369425131135602
PLCC_test:  0.4966338044121563
RMSE_test:  1.3491550418853644
======================================================
 -- 56.54295063018799 seconds elapsed...


1 th repeated holdout test
3884-dim features, using LinearSVR
best_params:  {'epsilon': 1.0, 'C': 1.0}
======================================================
params:  {'epsilon': 1.0, 'C': 1.0}
SRCC_train:  0.8334222982638446
KRCC_train:  0.669532057457563
PLCC_train:  0.8514555350823015
RMSE_train:  0.7316549443864722
======================================================
SRCC_test:  0.6095168724990137
KRCC_test:  0.47821120155620633
PLCC_test:  0.7808890227989066
RMSE_test:  1.0211965895419206
======================================================
 -- 80.6845281124115 seconds elapsed...


2 th repeated holdout test
3884-dim features, using LinearSVR
best_params:  {'epsilon': 1.0, 'C': 2.5}
======================================================
params:  {'epsilon': 1.0, 'C': 2.5}
SRCC_train:  0.841103149284547
KRCC_train:  0.6747761996656905
PLCC_train:  0.8527465706529788
RMSE_train:  0.7379199271775253
======================================================
SRCC_test:  0.4809387947186437
KRCC_test:  0.35123110093561133
PLCC_test:  0.6722989226442538
RMSE_test:  1.1392285820323604
======================================================
 -- 60.912437200546265 seconds elapsed...


3 th repeated holdout test
3884-dim features, using LinearSVR
best_params:  {'epsilon': 1.0, 'C': 0.1}
======================================================
params:  {'epsilon': 1.0, 'C': 0.1}
SRCC_train:  0.8387423885260947
KRCC_train:  0.6761835664336481
PLCC_train:  0.8520076165537855
RMSE_train:  0.7376967668471744
======================================================
SRCC_test:  0.5938180423543673
KRCC_test:  0.45747382072717313
PLCC_test:  0.7138241149474117
RMSE_test:  1.0981340463558975
======================================================
 -- 59.70150184631348 seconds elapsed...


4 th repeated holdout test
3884-dim features, using LinearSVR
best_params:  {'epsilon': 1.0, 'C': 0.1}
======================================================
params:  {'epsilon': 1.0, 'C': 0.1}
SRCC_train:  0.8550033786337374
KRCC_train:  0.6931927607209433
PLCC_train:  0.8650664572412925
RMSE_train:  0.7166453806725817
======================================================
SRCC_test:  0.39150991069380375
KRCC_test:  0.28130038337883256
PLCC_test:  0.7181547474235915
RMSE_test:  0.9519021879534019
======================================================
 -- 78.70619225502014 seconds elapsed...


5 th repeated holdout test
3884-dim features, using LinearSVR
best_params:  {'epsilon': 1.0, 'C': 1.0}
======================================================
params:  {'epsilon': 1.0, 'C': 1.0}
SRCC_train:  0.8460614357935068
KRCC_train:  0.6798735002538541
PLCC_train:  0.8617344449115485
RMSE_train:  0.7219125871016517
======================================================
SRCC_test:  0.4398279806279487
KRCC_test:  0.30693225966192805
PLCC_test:  0.6312851794341744
RMSE_test:  1.1101335755299317
======================================================
 -- 41.590041637420654 seconds elapsed...


6 th repeated holdout test
3884-dim features, using LinearSVR
best_params:  {'epsilon': 1.0, 'C': 0.1}
======================================================
params:  {'epsilon': 1.0, 'C': 0.1}
SRCC_train:  0.8365595210044761
KRCC_train:  0.6708270632984694
PLCC_train:  0.8519855076281992
RMSE_train:  0.7290060398813465
======================================================
SRCC_test:  0.5583653685990825
KRCC_test:  0.447213595499958
PLCC_test:  0.7107761631892484
RMSE_test:  1.1595965298795363
======================================================
 -- 97.36088013648987 seconds elapsed...


7 th repeated holdout test
3884-dim features, using LinearSVR
best_params:  {'epsilon': 1.0, 'C': 0.1}
======================================================
params:  {'epsilon': 1.0, 'C': 0.1}
SRCC_train:  0.8484479168716533
KRCC_train:  0.6815533359270689
PLCC_train:  0.8671515036099984
RMSE_train:  0.7051417598474964
======================================================
SRCC_test:  0.41752973438353347
KRCC_test:  0.31166527424661733
PLCC_test:  0.48691434536029987
RMSE_test:  1.2166019037792275
======================================================
 -- 102.96104550361633 seconds elapsed...


8 th repeated holdout test
3884-dim features, using LinearSVR
best_params:  {'epsilon': 1.0, 'C': 0.5}
======================================================
params:  {'epsilon': 1.0, 'C': 0.5}
SRCC_train:  0.8649960012220282
KRCC_train:  0.7037999623355956
PLCC_train:  0.8713440724784418
RMSE_train:  0.7152999015396844
======================================================
SRCC_test:  0.2532033599404494
KRCC_test:  0.17114501993622325
PLCC_test:  0.515941010754985
RMSE_test:  0.9326083003024387
======================================================
 -- 83.47998309135437 seconds elapsed...


9 th repeated holdout test
3884-dim features, using LinearSVR
best_params:  {'epsilon': 1.5, 'C': 1.0}
======================================================
params:  {'epsilon': 1.5, 'C': 1.0}
SRCC_train:  0.7115968155215348
KRCC_train:  0.5435221185862595
PLCC_train:  0.7448158252906425
RMSE_train:  0.9406321565519654
======================================================
SRCC_test:  0.5284574049491545
KRCC_test:  0.3352597439288788
PLCC_test:  0.7374928474611442
RMSE_test:  1.0464358041702468
======================================================
 -- 60.94517946243286 seconds elapsed...


10 th repeated holdout test
3884-dim features, using LinearSVR
best_params:  {'epsilon': 1.0, 'C': 5.0}
======================================================
params:  {'epsilon': 1.0, 'C': 5.0}
SRCC_train:  0.8501721135408683
KRCC_train:  0.6877351134562889
PLCC_train:  0.8588747366839453
RMSE_train:  0.7280773358684722
======================================================
SRCC_test:  0.7446502446701481
KRCC_test:  0.5675431817561504
PLCC_test:  0.837732119960966
RMSE_test:  0.7276392940599704
======================================================
 -- 48.96425461769104 seconds elapsed...


11 th repeated holdout test
3884-dim features, using LinearSVR
best_params:  {'epsilon': 1.0, 'C': 0.1}
======================================================
params:  {'epsilon': 1.0, 'C': 0.1}
SRCC_train:  0.863602204894018
KRCC_train:  0.7038297064787451
PLCC_train:  0.8714957430283929
RMSE_train:  0.7018086413504964
======================================================
SRCC_test:  0.4711879671438154
KRCC_test:  0.32998927552281543
PLCC_test:  0.6605419683767013
RMSE_test:  1.0360443305411564
======================================================
 -- 37.81299591064453 seconds elapsed...


12 th repeated holdout test
3884-dim features, using LinearSVR
best_params:  {'epsilon': 1.0, 'C': 2.5}
======================================================
params:  {'epsilon': 1.0, 'C': 2.5}
SRCC_train:  0.8460540195375382
KRCC_train:  0.6838042680780924
PLCC_train:  0.8616296362844029
RMSE_train:  0.7207914756424078
======================================================
SRCC_test:  0.5375376551866761
KRCC_test:  0.38280203254669853
PLCC_test:  0.5623924645468027
RMSE_test:  1.2173012549876392
======================================================
 -- 75.6115357875824 seconds elapsed...


13 th repeated holdout test
3884-dim features, using LinearSVR
best_params:  {'epsilon': 1.0, 'C': 2.5}
======================================================
params:  {'epsilon': 1.0, 'C': 2.5}
SRCC_train:  0.8627318202748204
KRCC_train:  0.7019344103788867
PLCC_train:  0.8761992162522713
RMSE_train:  0.7049483772874388
======================================================
SRCC_test:  0.20726551971486398
KRCC_test:  0.17894131473580005
PLCC_test:  0.30294858885439707
RMSE_test:  0.9870448399250441
======================================================
 -- 82.71653485298157 seconds elapsed...


14 th repeated holdout test
3884-dim features, using LinearSVR
best_params:  {'epsilon': 1.0, 'C': 2.5}
======================================================
params:  {'epsilon': 1.0, 'C': 2.5}
SRCC_train:  0.8585870041232077
KRCC_train:  0.692041344809424
PLCC_train:  0.8693905055426008
RMSE_train:  0.7048440586528487
======================================================
SRCC_test:  0.20502137789772754
KRCC_test:  0.11582956962657812
PLCC_test:  0.5311609846931653
RMSE_test:  1.1954285363875303
======================================================
 -- 72.09341859817505 seconds elapsed...


15 th repeated holdout test
3884-dim features, using LinearSVR
best_params:  {'epsilon': 1.5, 'C': 2.5}
======================================================
params:  {'epsilon': 1.5, 'C': 2.5}
SRCC_train:  0.7346980148462341
KRCC_train:  0.5619102309328676
PLCC_train:  0.7610748058593724
RMSE_train:  0.9326319489284715
======================================================
SRCC_test:  0.6127765628040316
KRCC_test:  0.42177569493998257
PLCC_test:  0.6076425116250719
RMSE_test:  1.0280384781556837
======================================================
 -- 69.44949626922607 seconds elapsed...


16 th repeated holdout test
3884-dim features, using LinearSVR
best_params:  {'epsilon': 1.0, 'C': 1.0}
======================================================
params:  {'epsilon': 1.0, 'C': 1.0}
SRCC_train:  0.8411900234162398
KRCC_train:  0.6791351351811176
PLCC_train:  0.8549663206068339
RMSE_train:  0.7382475519296003
======================================================
SRCC_test:  0.50303492923498
KRCC_test:  0.33077030905708493
PLCC_test:  0.7074413271035795
RMSE_test:  1.0164848330058
======================================================
 -- 65.04028129577637 seconds elapsed...


17 th repeated holdout test
3884-dim features, using LinearSVR
best_params:  {'epsilon': 1.5, 'C': 1.0}
======================================================
params:  {'epsilon': 1.5, 'C': 1.0}
SRCC_train:  0.7180462554684821
KRCC_train:  0.5471905233130012
PLCC_train:  0.7445625244059851
RMSE_train:  0.9523629143793326
======================================================
SRCC_test:  0.6641625962047397
KRCC_test:  0.5140374011302734
PLCC_test:  0.8185744599321695
RMSE_test:  0.8136906225318848
======================================================
 -- 61.56057858467102 seconds elapsed...


18 th repeated holdout test
3884-dim features, using LinearSVR
best_params:  {'epsilon': 0.001, 'C': 0.01}
======================================================
params:  {'epsilon': 0.001, 'C': 0.01}
SRCC_train:  0.7716821747253678
KRCC_train:  0.6153305886391075
PLCC_train:  0.7632392399152989
RMSE_train:  0.9339291906450066
======================================================
SRCC_test:  0.0870330444748705
KRCC_test:  0.044513190725972575
PLCC_test:  0.4251561854178385
RMSE_test:  1.0778882981400684
======================================================
 -- 56.994739294052124 seconds elapsed...


19 th repeated holdout test
3884-dim features, using LinearSVR
best_params:  {'epsilon': 1.0, 'C': 0.1}
======================================================
params:  {'epsilon': 1.0, 'C': 0.1}
SRCC_train:  0.8524565086663077
KRCC_train:  0.6916945436175189
PLCC_train:  0.869556622628574
RMSE_train:  0.7170869579382175
======================================================
SRCC_test:  0.2549031205735639
KRCC_test:  0.20323471117426511
PLCC_test:  0.46002871875459395
RMSE_test:  1.031499269821985
======================================================
 -- 106.26961827278137 seconds elapsed...


======================================================

SRCC Train: 0.8259169085939616 (std: 0.04790161493878916)
KRCC Train: 0.6617749504473114 (std: 0.05006931368937424)
PLCC Train: 0.8402964688534208 (std: 0.044189578972035265)
RMSE Train: 0.7649182147819016 (std: 0.0882211474226677)
======================================================

SRCC Test: 0.44300060040117994 (std: 0.1715924753372369)
KRCC Test: 0.3231781666199203 (std: 0.13360768818237934)
PLCC Test: 0.6188914743845728 (std: 0.13866031735567502)
RMSE Test: 1.0578026159493543 (std: 0.13819662788137213)



Overall 1399.4101526737213 secs lapsed..
Namespace(color_only=False, dataset_name='mc_study', feature_file='feat_files/mc_RAPIQUE_feats.mat', log_file='logs/mc_RAPIQUE_LinearSVR_not_balance.log', log_short=False, max_thread_count=4, model_name='RAPIQUE', mos_file='mos_files/mc_us.csv', num_iterations=20, out_file='result/mc_RAPIQUE_SVR_corr.mat', use_parallel=False)
0 th repeated holdout test
3884-dim features, using LinearSVR
best_params:  {'epsilon': 0.9, 'C': 5.0}
======================================================
params:  {'epsilon': 0.9, 'C': 5.0}
SRCC_train:  0.865993134457903
KRCC_train:  0.7046250780851756
PLCC_train:  0.8797765776702076
RMSE_train:  0.6705442412778765
======================================================
SRCC_test:  0.32980943169424604
KRCC_test:  0.2559508466743423
PLCC_test:  0.5042024239607514
RMSE_test:  1.34235505925556
======================================================
 -- 38.03438591957092 seconds elapsed...


1 th repeated holdout test
3884-dim features, using LinearSVR
best_params:  {'epsilon': 1.0, 'C': 0.9}
======================================================
params:  {'epsilon': 1.0, 'C': 0.9}
SRCC_train:  0.8293752304661121
KRCC_train:  0.6660525784461905
PLCC_train:  0.85145400171741
RMSE_train:  0.7316584176890462
======================================================
SRCC_test:  0.6095168724990137
KRCC_test:  0.47821120155620633
PLCC_test:  0.7808890228005424
RMSE_test:  1.0211965895383546
======================================================
 -- 43.3272705078125 seconds elapsed...


2 th repeated holdout test
3884-dim features, using LinearSVR
best_params:  {'epsilon': 0.9, 'C': 3}
======================================================
params:  {'epsilon': 0.9, 'C': 3}
SRCC_train:  0.8652951716997911
KRCC_train:  0.7038636917847717
PLCC_train:  0.875838119491815
RMSE_train:  0.6818052481198905
======================================================
SRCC_test:  0.4901287079935222
KRCC_test:  0.3738911719637153
PLCC_test:  0.6856066985957175
RMSE_test:  1.1202881679483923
======================================================
 -- 42.301981687545776 seconds elapsed...


3 th repeated holdout test
3884-dim features, using LinearSVR
best_params:  {'epsilon': 1.0, 'C': 0.9}
======================================================
params:  {'epsilon': 1.0, 'C': 0.9}
SRCC_train:  0.8332006766488206
KRCC_train:  0.6694780570481498
PLCC_train:  0.8521989968283541
RMSE_train:  0.7372577163953972
======================================================
SRCC_test:  0.5938180423543673
KRCC_test:  0.45747382072717313
PLCC_test:  0.7163657555810335
RMSE_test:  1.0940570449303495
======================================================
 -- 31.985280752182007 seconds elapsed...


4 th repeated holdout test
3884-dim features, using LinearSVR
best_params:  {'epsilon': 0.9, 'C': 2.0}
======================================================
params:  {'epsilon': 0.9, 'C': 2.0}
SRCC_train:  0.8729314634163028
KRCC_train:  0.7163171119319599
PLCC_train:  0.8855027768476041
RMSE_train:  0.6637556849130366
======================================================
SRCC_test:  0.4097550327455538
KRCC_test:  0.2923317709623162
PLCC_test:  0.7181547474235883
RMSE_test:  0.9519021879534066
======================================================
 -- 46.412999391555786 seconds elapsed...


5 th repeated holdout test
3884-dim features, using LinearSVR
best_params:  {'epsilon': 0.9, 'C': 2.5}
======================================================
params:  {'epsilon': 0.9, 'C': 2.5}
SRCC_train:  0.8708335217965599
KRCC_train:  0.7093923812595473
PLCC_train:  0.8840223987233518
RMSE_train:  0.665118209960709
======================================================
SRCC_test:  0.4398279806279487
KRCC_test:  0.30693225966192805
PLCC_test:  0.6312851794378016
RMSE_test:  1.1101335755257056
======================================================
 -- 35.956934452056885 seconds elapsed...


6 th repeated holdout test
3884-dim features, using LinearSVR
best_params:  {'epsilon': 1.0, 'C': 3}
======================================================
params:  {'epsilon': 1.0, 'C': 3}
SRCC_train:  0.8393015825782825
KRCC_train:  0.6740390033521679
PLCC_train:  0.8526804986733538
RMSE_train:  0.7274289813023179
======================================================
SRCC_test:  0.5583653685990825
KRCC_test:  0.447213595499958
PLCC_test:  0.7107761633933374
RMSE_test:  1.1595965294717072
======================================================
 -- 50.5664324760437 seconds elapsed...


7 th repeated holdout test
3884-dim features, using LinearSVR
best_params:  {'epsilon': 1.0, 'C': 0.9}
======================================================
params:  {'epsilon': 1.0, 'C': 0.9}
SRCC_train:  0.8513462246668442
KRCC_train:  0.6857111935308746
PLCC_train:  0.8671302839109263
RMSE_train:  0.7051940660287265
======================================================
SRCC_test:  0.41752973438353347
KRCC_test:  0.31166527424661733
PLCC_test:  0.4832884939351107
RMSE_test:  1.2194035628820816
======================================================
 -- 39.87646293640137 seconds elapsed...


8 th repeated holdout test
3884-dim features, using LinearSVR
best_params:  {'epsilon': 0.9, 'C': 1.0}
======================================================
params:  {'epsilon': 0.9, 'C': 1.0}
SRCC_train:  0.8914817133891859
KRCC_train:  0.7349355636699266
PLCC_train:  0.8918668952520021
RMSE_train:  0.6593576776495043
======================================================
SRCC_test:  0.24416038279971908
KRCC_test:  0.1390553286981814
PLCC_test:  0.515941010754985
RMSE_test:  0.9326083003024387
======================================================
 -- 39.870625257492065 seconds elapsed...


9 th repeated holdout test
3884-dim features, using LinearSVR
best_params:  {'epsilon': 0.9, 'C': 3}
======================================================
params:  {'epsilon': 0.9, 'C': 3}
SRCC_train:  0.8665121243708873
KRCC_train:  0.7086121805349197
PLCC_train:  0.8858382897805464
RMSE_train:  0.6540796154464058
======================================================
SRCC_test:  0.5492567488757247
KRCC_test:  0.3693539551758834
PLCC_test:  0.5980381059040142
RMSE_test:  1.2418424895262672
======================================================
 -- 39.13346815109253 seconds elapsed...


10 th repeated holdout test
3884-dim features, using LinearSVR
best_params:  {'epsilon': 0.9, 'C': 0.9}
======================================================
params:  {'epsilon': 0.9, 'C': 0.9}
SRCC_train:  0.8797104094356009
KRCC_train:  0.7191759685014725
PLCC_train:  0.8817337968346686
RMSE_train:  0.6705937273676523
======================================================
SRCC_test:  0.7438865008294607
KRCC_test:  0.5675431817561504
PLCC_test:  0.837732119960966
RMSE_test:  0.7276392940599702
======================================================
 -- 42.321110248565674 seconds elapsed...


11 th repeated holdout test
3884-dim features, using LinearSVR
best_params:  {'epsilon': 0.9, 'C': 1.5}
======================================================
params:  {'epsilon': 0.9, 'C': 1.5}
SRCC_train:  0.8801924526861324
KRCC_train:  0.7252108534657762
PLCC_train:  0.8877353935768395
RMSE_train:  0.6588059616651875
======================================================
SRCC_test:  0.45904785848954643
KRCC_test:  0.31898963300538824
PLCC_test:  0.6605419683767011
RMSE_test:  1.0360443305411564
======================================================
 -- 35.27576541900635 seconds elapsed...


12 th repeated holdout test
3884-dim features, using LinearSVR
best_params:  {'epsilon': 0.9, 'C': 5.0}
======================================================
params:  {'epsilon': 0.9, 'C': 5.0}
SRCC_train:  0.8692638718318599
KRCC_train:  0.7111967218214269
PLCC_train:  0.8825423124811886
RMSE_train:  0.6678125169310092
======================================================
SRCC_test:  0.572561355099689
KRCC_test:  0.41608916581162886
PLCC_test:  0.5931830287072762
RMSE_test:  1.1852036299292532
======================================================
 -- 45.27711248397827 seconds elapsed...


13 th repeated holdout test
3884-dim features, using LinearSVR
best_params:  {'epsilon': 0.9, 'C': 1.5}
======================================================
params:  {'epsilon': 0.9, 'C': 1.5}
SRCC_train:  0.8953300257140369
KRCC_train:  0.7400338240497261
PLCC_train:  0.8948898008366601
RMSE_train:  0.6527855789842145
======================================================
SRCC_test:  0.2935000790122891
KRCC_test:  0.23316595556483038
PLCC_test:  0.35684486441845664
RMSE_test:  0.9675285867987312
======================================================
 -- 34.437010049819946 seconds elapsed...


14 th repeated holdout test
3884-dim features, using LinearSVR
best_params:  {'epsilon': 1.0, 'C': 0.9}
======================================================
params:  {'epsilon': 1.0, 'C': 0.9}
SRCC_train:  0.8510656647726269
KRCC_train:  0.686397512482823
PLCC_train:  0.8675803959532171
RMSE_train:  0.7093677634268856
======================================================
SRCC_test:  0.20502137789772754
KRCC_test:  0.11582956962657812
PLCC_test:  0.3676266230359965
RMSE_test:  1.3121149419255047
======================================================
 -- 35.75449514389038 seconds elapsed...


15 th repeated holdout test
3884-dim features, using LinearSVR
best_params:  {'epsilon': 0.9, 'C': 1.0}
======================================================
params:  {'epsilon': 0.9, 'C': 1.0}
SRCC_train:  0.8843504747186627
KRCC_train:  0.7292561864374726
PLCC_train:  0.8876162067954265
RMSE_train:  0.6622151390279353
======================================================
SRCC_test:  0.5273958579990309
KRCC_test:  0.35688712648767756
PLCC_test:  0.5348838465840029
RMSE_test:  1.0936846713519763
======================================================
 -- 38.142102003097534 seconds elapsed...


16 th repeated holdout test
3884-dim features, using LinearSVR
best_params:  {'epsilon': 0.9, 'C': 1.0}
======================================================
params:  {'epsilon': 0.9, 'C': 1.0}
SRCC_train:  0.862682563689763
KRCC_train:  0.702442093797728
PLCC_train:  0.8787438119922308
RMSE_train:  0.6793370574252477
======================================================
SRCC_test:  0.506817146748025
KRCC_test:  0.341615237222891
PLCC_test:  0.7074413271034383
RMSE_test:  1.0164848330060037
======================================================
 -- 37.83292746543884 seconds elapsed...


17 th repeated holdout test
3884-dim features, using LinearSVR
best_params:  {'epsilon': 0.9, 'C': 2.0}
======================================================
params:  {'epsilon': 0.9, 'C': 2.0}
SRCC_train:  0.8745685824122346
KRCC_train:  0.7168088246644502
PLCC_train:  0.880182430146797
RMSE_train:  0.6771379393397262
======================================================
SRCC_test:  0.6929733024327992
KRCC_test:  0.5359113330932637
PLCC_test:  0.8268523333954525
RMSE_test:  0.7967179439863185
======================================================
 -- 46.455899238586426 seconds elapsed...


18 th repeated holdout test
3884-dim features, using LinearSVR
best_params:  {'epsilon': 0.9, 'C': 1.0}
======================================================
params:  {'epsilon': 0.9, 'C': 1.0}
SRCC_train:  0.8847247442655058
KRCC_train:  0.7269396156562435
PLCC_train:  0.8891545364988145
RMSE_train:  0.6614487050080956
======================================================
SRCC_test:  0.6382423261490503
KRCC_test:  0.4785168003042052
PLCC_test:  0.5764119716844222
RMSE_test:  0.9731376953346473
======================================================
 -- 53.6855788230896 seconds elapsed...


19 th repeated holdout test
3884-dim features, using LinearSVR
best_params:  {'epsilon': 1.1, 'C': 0.9}
======================================================
params:  {'epsilon': 1.1, 'C': 0.9}
SRCC_train:  0.844185406248251
KRCC_train:  0.6784395445415476
PLCC_train:  0.8539293070259402
RMSE_train:  0.755648152092708
======================================================
SRCC_test:  0.22624537329014552
KRCC_test:  0.17114501993622325
PLCC_test:  0.4600537868693472
RMSE_test:  1.0314841808902981
======================================================
 -- 36.3957576751709 seconds elapsed...


======================================================

SRCC Train: 0.8656172519632681 (std: 0.01843130506926266)
KRCC Train: 0.7054463992531175 (std: 0.021570546311534614)
PLCC Train: 0.8765208415518677 (std: 0.013719997866853961)
RMSE Train: 0.6845676200025786 (std: 0.030635786074706992)
======================================================

SRCC Test: 0.4753929740260238 (std: 0.15095801544250662)
KRCC Test: 0.34838861239875796 (std: 0.12301472002894631)
PLCC Test: 0.613305973596147 (std: 0.13562185924616746)
RMSE Test: 1.0666711807579061 (std: 0.15223133670993796)



Overall 813.0545864105225 secs lapsed..
Namespace(color_only=False, dataset_name='mc_study', feature_file='feat_files/mc_RAPIQUE_feats.mat', log_file='logs/mc_RAPIQUE_LinearSVR_not_balance.log', log_short=False, max_thread_count=4, model_name='RAPIQUE', mos_file='mos_files/mc_us.csv', num_iterations=20, out_file='result/mc_RAPIQUE_SVR_corr.mat', use_parallel=False)
0 th repeated holdout test
3884-dim features, using LinearSVR
best_params:  {'C': 0.9, 'epsilon': 0.9}
======================================================
params:  {'C': 0.9, 'epsilon': 0.9}
SRCC_train:  0.8651251582987052
KRCC_train:  0.7031478766636133
PLCC_train:  0.8795576275933416
RMSE_train:  0.6711154707721366
======================================================
SRCC_test:  0.32980943169424604
KRCC_test:  0.2559508466743423
PLCC_test:  0.5042559118360401
RMSE_test:  1.3423065138800998
======================================================
 -- 0.8936100006103516 seconds elapsed...


1 th repeated holdout test
3884-dim features, using LinearSVR
best_params:  {'C': 0.9, 'epsilon': 0.9}
======================================================
params:  {'C': 0.9, 'epsilon': 0.9}
SRCC_train:  0.8638724320811518
KRCC_train:  0.7032562386447119
PLCC_train:  0.876931726620541
RMSE_train:  0.6705307874306459
======================================================
SRCC_test:  0.6377207380645207
KRCC_test:  0.5018265695342906
PLCC_test:  0.7808890224673832
RMSE_test:  1.021196590268003
======================================================
 -- 0.890618085861206 seconds elapsed...


2 th repeated holdout test
3884-dim features, using LinearSVR
best_params:  {'C': 0.9, 'epsilon': 0.9}
======================================================
params:  {'C': 0.9, 'epsilon': 0.9}
SRCC_train:  0.8657011105497472
KRCC_train:  0.7046679542396772
PLCC_train:  0.8765946860175653
RMSE_train:  0.6798618821946351
======================================================
SRCC_test:  0.4901287079935222
KRCC_test:  0.3738911719637153
PLCC_test:  0.6866435767386522
RMSE_test:  1.1187832147959673
======================================================
 -- 0.8856375217437744 seconds elapsed...


3 th repeated holdout test
3884-dim features, using LinearSVR
best_params:  {'C': 0.9, 'epsilon': 0.9}
======================================================
params:  {'C': 0.9, 'epsilon': 0.9}
SRCC_train:  0.8585260851329286
KRCC_train:  0.7000551798460221
PLCC_train:  0.874365623846391
RMSE_train:  0.6837828635352521
======================================================
SRCC_test:  0.5938180423543673
KRCC_test:  0.45747382072717313
PLCC_test:  0.7247018829555688
RMSE_test:  1.0804740822401653
======================================================
 -- 0.9684109687805176 seconds elapsed...


4 th repeated holdout test
3884-dim features, using LinearSVR
best_params:  {'C': 0.9, 'epsilon': 0.9}
======================================================
params:  {'C': 0.9, 'epsilon': 0.9}
SRCC_train:  0.8729314634163028
KRCC_train:  0.7163171119319599
PLCC_train:  0.8855052923443842
RMSE_train:  0.663748836299295
======================================================
SRCC_test:  0.4097550327455538
KRCC_test:  0.2923317709623162
PLCC_test:  0.736064863345826
RMSE_test:  0.9259497175556632
======================================================
 -- 0.9355008602142334 seconds elapsed...


5 th repeated holdout test
3884-dim features, using LinearSVR
best_params:  {'C': 0.9, 'epsilon': 0.9}
======================================================
params:  {'C': 0.9, 'epsilon': 0.9}
SRCC_train:  0.8712750555728406
KRCC_train:  0.7097949114550796
PLCC_train:  0.884030802313018
RMSE_train:  0.6650955960220872
======================================================
SRCC_test:  0.4398279806279487
KRCC_test:  0.30693225966192805
PLCC_test:  0.6312851794377266
RMSE_test:  1.110133575525793
======================================================
 -- 0.9813766479492188 seconds elapsed...


6 th repeated holdout test
3884-dim features, using LinearSVR
best_params:  {'C': 0.9, 'epsilon': 0.9}
======================================================
params:  {'C': 0.9, 'epsilon': 0.9}
SRCC_train:  0.8684532923744885
KRCC_train:  0.7092365131072795
PLCC_train:  0.8782318028455192
RMSE_train:  0.6658888571339049
======================================================
SRCC_test:  0.551317278392362
KRCC_test:  0.4354448166710117
PLCC_test:  0.7107761633931495
RMSE_test:  1.1595965294720825
======================================================
 -- 0.8636934757232666 seconds elapsed...


7 th repeated holdout test
3884-dim features, using LinearSVR
best_params:  {'C': 0.9, 'epsilon': 0.9}
======================================================
params:  {'C': 0.9, 'epsilon': 0.9}
SRCC_train:  0.8680571498195461
KRCC_train:  0.7048909882839143
PLCC_train:  0.8865489859961743
RMSE_train:  0.6550079457959248
======================================================
SRCC_test:  0.3942906025996633
KRCC_test:  0.2654926410248962
PLCC_test:  0.5938264177855614
RMSE_test:  1.1206936897211128
======================================================
 -- 0.8766570091247559 seconds elapsed...


8 th repeated holdout test
3884-dim features, using LinearSVR
best_params:  {'C': 0.9, 'epsilon': 0.9}
======================================================
params:  {'C': 0.9, 'epsilon': 0.9}
SRCC_train:  0.8914817133891859
KRCC_train:  0.7349355636699266
PLCC_train:  0.8918870335848921
RMSE_train:  0.6592997855438981
======================================================
SRCC_test:  0.24416038279971908
KRCC_test:  0.1390553286981814
PLCC_test:  0.5159410107549849
RMSE_test:  0.9326083003024387
======================================================
 -- 0.8539831638336182 seconds elapsed...


9 th repeated holdout test
3884-dim features, using LinearSVR
best_params:  {'C': 0.9, 'epsilon': 0.9}
======================================================
params:  {'C': 0.9, 'epsilon': 0.9}
SRCC_train:  0.8665121243708873
KRCC_train:  0.7086121805349197
PLCC_train:  0.8858467723725005
RMSE_train:  0.6540567858422018
======================================================
SRCC_test:  0.5492567488757247
KRCC_test:  0.3693539551758834
PLCC_test:  0.5981822967612127
RMSE_test:  1.2416757482155358
======================================================
 -- 0.8417477607727051 seconds elapsed...


10 th repeated holdout test
3884-dim features, using LinearSVR
best_params:  {'C': 0.9, 'epsilon': 0.9}
======================================================
params:  {'C': 0.9, 'epsilon': 0.9}
SRCC_train:  0.8796899937345457
KRCC_train:  0.7193103311298706
PLCC_train:  0.881862170447429
RMSE_train:  0.6702525375921478
======================================================
SRCC_test:  0.7438865008294607
KRCC_test:  0.5675431817561504
PLCC_test:  0.8377321199609662
RMSE_test:  0.7276392940599699
======================================================
 -- 0.8417510986328125 seconds elapsed...


11 th repeated holdout test
3884-dim features, using LinearSVR
best_params:  {'C': 0.9, 'epsilon': 0.9}
======================================================
params:  {'C': 0.9, 'epsilon': 0.9}
SRCC_train:  0.8802623176752149
KRCC_train:  0.725345326088336
PLCC_train:  0.8877547064481002
RMSE_train:  0.6587526617869327
======================================================
SRCC_test:  0.45904785848954643
KRCC_test:  0.31898963300538824
PLCC_test:  0.6605419683767011
RMSE_test:  1.0360443305411562
======================================================
 -- 0.8447449207305908 seconds elapsed...


12 th repeated holdout test
3884-dim features, using LinearSVR
best_params:  {'C': 0.9, 'epsilon': 0.9}
======================================================
params:  {'C': 0.9, 'epsilon': 0.9}
SRCC_train:  0.8692638718318599
KRCC_train:  0.7111967218214269
PLCC_train:  0.8825249718788764
RMSE_train:  0.6678587346792173
======================================================
SRCC_test:  0.572561355099689
KRCC_test:  0.41608916581162886
PLCC_test:  0.593310410451328
RMSE_test:  1.1850654338711268
======================================================
 -- 0.9015886783599854 seconds elapsed...


13 th repeated holdout test
3884-dim features, using LinearSVR
best_params:  {'C': 0.9, 'epsilon': 0.9}
======================================================
params:  {'C': 0.9, 'epsilon': 0.9}
SRCC_train:  0.8953300257140369
KRCC_train:  0.7400338240497261
PLCC_train:  0.8948939528429657
RMSE_train:  0.6527734010294728
======================================================
SRCC_test:  0.2935000790122891
KRCC_test:  0.23316595556483038
PLCC_test:  0.3570289679302133
RMSE_test:  0.9674557270345854
======================================================
 -- 0.9743969440460205 seconds elapsed...


14 th repeated holdout test
3884-dim features, using LinearSVR
best_params:  {'C': 0.9, 'epsilon': 0.9}
======================================================
params:  {'C': 0.9, 'epsilon': 0.9}
SRCC_train:  0.8738790327428229
KRCC_train:  0.712601019713471
PLCC_train:  0.8874022427435679
RMSE_train:  0.6575862994304486
======================================================
SRCC_test:  0.19590931665782854
KRCC_test:  0.11582956962657812
PLCC_test:  0.5321089140787831
RMSE_test:  1.1945890356865452
======================================================
 -- 0.8507280349731445 seconds elapsed...


15 th repeated holdout test
3884-dim features, using LinearSVR
best_params:  {'C': 0.9, 'epsilon': 0.9}
======================================================
params:  {'C': 0.9, 'epsilon': 0.9}
SRCC_train:  0.8848162427753946
KRCC_train:  0.729930424775525
PLCC_train:  0.8878088906741097
RMSE_train:  0.6616809749810276
======================================================
SRCC_test:  0.5273958579990309
KRCC_test:  0.35688712648767756
PLCC_test:  0.5347225686926207
RMSE_test:  1.0938168004526343
======================================================
 -- 0.8866326808929443 seconds elapsed...


16 th repeated holdout test
3884-dim features, using LinearSVR
best_params:  {'C': 0.9, 'epsilon': 0.9}
======================================================
params:  {'C': 0.9, 'epsilon': 0.9}
SRCC_train:  0.8627137497033691
KRCC_train:  0.7025768161018703
PLCC_train:  0.8787813296308162
RMSE_train:  0.6792387350623084
======================================================
SRCC_test:  0.506817146748025
KRCC_test:  0.341615237222891
PLCC_test:  0.6924987596101697
RMSE_test:  1.0375502402880277
======================================================
 -- 0.9089140892028809 seconds elapsed...


17 th repeated holdout test
3884-dim features, using LinearSVR
best_params:  {'C': 0.9, 'epsilon': 0.9}
======================================================
params:  {'C': 0.9, 'epsilon': 0.9}
SRCC_train:  0.8745685824122346
KRCC_train:  0.7168088246644502
PLCC_train:  0.8801859024559937
RMSE_train:  0.6771287528088524
======================================================
SRCC_test:  0.6929733024327992
KRCC_test:  0.5359113330932637
PLCC_test:  0.8268549888481671
RMSE_test:  0.7967124136283328
======================================================
 -- 0.8616921901702881 seconds elapsed...


18 th repeated holdout test
3884-dim features, using LinearSVR
best_params:  {'C': 0.9, 'epsilon': 0.9}
======================================================
params:  {'C': 0.9, 'epsilon': 0.9}
SRCC_train:  0.8844505100509127
KRCC_train:  0.7266703538299054
PLCC_train:  0.8891652077939614
RMSE_train:  0.6614187328794853
======================================================
SRCC_test:  0.6382423261490503
KRCC_test:  0.4785168003042052
PLCC_test:  0.5764316652671738
RMSE_test:  0.9731211516580204
======================================================
 -- 0.9065792560577393 seconds elapsed...


19 th repeated holdout test
3884-dim features, using LinearSVR
best_params:  {'C': 0.9, 'epsilon': 0.9}
======================================================
params:  {'C': 0.9, 'epsilon': 0.9}
SRCC_train:  0.8796955896444922
KRCC_train:  0.7209096436217004
PLCC_train:  0.8913619040537274
RMSE_train:  0.6582181994170145
======================================================
SRCC_test:  0.2775276579025785
KRCC_test:  0.22462783866629302
PLCC_test:  0.459981138089192
RMSE_test:  1.031527906578841
======================================================
 -- 0.9315106868743896 seconds elapsed...


======================================================

SRCC Train: 0.8738302750645334 (std: 0.009645599947478987)
KRCC Train: 0.7150148902086695 (std: 0.01125858514260455)
PLCC Train: 0.8840620816251938 (std: 0.0055371198554549665)
RMSE Train: 0.6656648920118444 (std: 0.008905606334283504)
======================================================

SRCC Test: 0.4773973173733963 (std: 0.14970690974607181)
KRCC Test: 0.34934645113163226 (std: 0.12177034979373506)
PLCC Test: 0.627688891339071 (std: 0.1218184927468806)
RMSE Test: 1.054847014788805 (std: 0.14151873947926566)



Overall 17.914735078811646 secs lapsed..
