Namespace(model_name='RAPIQUE', dataset_name='mc_study', feature_file='feat_files/mc_RAPIQUE_feats.mat', mos_file='mos_files/mc_us.csv', out_file='result/mc_RAPIQUE_SVR_corr.mat', log_file='logs/McRAPIQUELinearSVRAllUsingBestParam.log', color_only=False, log_short=False, use_parallel=False, num_iterations=20, max_thread_count=4)
0 th repeated holdout test
3884-dim features, using LinearSVR
======================================================
SRCC_train:  0.8159249908745232
KRCC_train:  0.6707474581702704
PLCC_train:  0.9195679470120212
RMSE_train:  0.785198160356235
======================================================
SRCC_test:  0.09128709291752768
KRCC_test:  0.07856742013183862
PLCC_test:  0.3779644730092272
RMSE_test:  1.7457431218879391
======================================================
 -- 0.19882464408874512 seconds elapsed...


1 th repeated holdout test
3884-dim features, using LinearSVR
======================================================
SRCC_train:  0.8140118660196075
KRCC_train:  0.669174735618628
PLCC_train:  0.9451951951951952
RMSE_train:  0.6529503444914855
======================================================
SRCC_test:  0.5196152422706632
KRCC_test:  0.4472135954999579
PLCC_test:  0.6176338202262353
RMSE_test:  1.563192004237803
======================================================
 -- 0.0853123664855957 seconds elapsed...


2 th repeated holdout test
3884-dim features, using LinearSVR
======================================================
SRCC_train:  0.8185276224243623
KRCC_train:  0.6728870034913876
PLCC_train:  0.9462671429400896
RMSE_train:  0.6462255781986194
======================================================
SRCC_test:  0.4564354645876384
KRCC_test:  0.3928371006591931
PLCC_test:  0.594768622697264
RMSE_test:  1.5158426019312006
======================================================
 -- 0.0969381332397461 seconds elapsed...


3 th repeated holdout test
3884-dim features, using LinearSVR
======================================================
SRCC_train:  0.8127115275754867
KRCC_train:  0.6681057663924
PLCC_train:  0.9253209696832918
RMSE_train:  0.7582984166819395
======================================================
SRCC_test:  0.5196152422706632
KRCC_test:  0.4472135954999579
PLCC_test:  0.6332467827314252
RMSE_test:  1.5383152720578437
======================================================
 -- 0.08928132057189941 seconds elapsed...


4 th repeated holdout test
3884-dim features, using LinearSVR
======================================================
SRCC_train:  0.8140118660196075
KRCC_train:  0.669174735618628
PLCC_train:  0.9161795938024782
RMSE_train:  0.8014606967477914
======================================================
SRCC_test:  0.7794228634059948
KRCC_test:  0.6708203932499369
PLCC_test:  0.8169262494376324
RMSE_test:  1.146341905741183
======================================================
 -- 0.08485078811645508 seconds elapsed...


5 th repeated holdout test
3884-dim features, using LinearSVR
======================================================
SRCC_train:  0.8107197277748452
KRCC_train:  0.6664683675280358
PLCC_train:  0.9451127819548857
RMSE_train:  0.6529365123774313
======================================================
SRCC_test:  0.8215838362577492
KRCC_test:  0.7071067811865476
PLCC_test:  0.9999999999999998
RMSE_test:  4.53100892494203e-11
======================================================
 -- 0.07836723327636719 seconds elapsed...


6 th repeated holdout test
3884-dim features, using LinearSVR
======================================================
SRCC_train:  0.8634247268961971
KRCC_train:  0.7097955662152858
PLCC_train:  0.959541517062384
RMSE_train:  0.5630815213857743
======================================================
SRCC_test:  0.4330127018922193
KRCC_test:  0.37267799624996495
PLCC_test:  0.7905694148652144
RMSE_test:  1.2171612395811933
======================================================
 -- 0.06599760055541992 seconds elapsed...


7 th repeated holdout test
3884-dim features, using LinearSVR
======================================================
SRCC_train:  0.818457997335786
KRCC_train:  0.672829766794743
PLCC_train:  0.9465787848804739
RMSE_train:  0.6434306833255502
======================================================
SRCC_test:  0.7245688373094719
KRCC_test:  0.6236095644623235
PLCC_test:  1.0
RMSE_test:  3.048131109870338e-11
======================================================
 -- 0.06993627548217773 seconds elapsed...


8 th repeated holdout test
3884-dim features, using LinearSVR
======================================================
SRCC_train:  0.8198289381992818
KRCC_train:  0.6739567761519463
PLCC_train:  0.9410772135422075
RMSE_train:  0.6758121503056942
======================================================
SRCC_test:  0.8215838362577492
KRCC_test:  0.7071067811865476
PLCC_test:  0.9999999999999997
RMSE_test:  2.158253156767988e-11
======================================================
 -- 0.06596899032592773 seconds elapsed...


9 th repeated holdout test
3884-dim features, using LinearSVR
======================================================
SRCC_train:  0.8140118660196075
KRCC_train:  0.669174735618628
PLCC_train:  0.9248001513602759
RMSE_train:  0.7608351157711486
======================================================
SRCC_test:  0.8660254037844386
KRCC_test:  0.7453559924999299
PLCC_test:  1.0
RMSE_test:  3.174205786521665e-11
======================================================
 -- 0.07333159446716309 seconds elapsed...


10 th repeated holdout test
3884-dim features, using LinearSVR
======================================================
SRCC_train:  0.8120210435497648
KRCC_train:  0.6675381401885945
PLCC_train:  0.9229307781982046
RMSE_train:  0.7692814565705539
======================================================
SRCC_test:  0.6390096504226938
KRCC_test:  0.5499719409228704
PLCC_test:  0.7905694150417347
RMSE_test:  1.154700538380128
======================================================
 -- 0.08779239654541016 seconds elapsed...


11 th repeated holdout test
3884-dim features, using LinearSVR
======================================================
SRCC_train:  0.8153122044637282
KRCC_train:  0.6702437048448557
PLCC_train:  0.9211230058682839
RMSE_train:  0.7784702245555161
======================================================
SRCC_test:  0.8660254037844386
KRCC_test:  0.7453559924999299
PLCC_test:  1.0
RMSE_test:  0.0
======================================================
 -- 0.07207226753234863 seconds elapsed...


12 th repeated holdout test
3884-dim features, using LinearSVR
======================================================
SRCC_train:  0.8133223593246843
KRCC_train:  0.6686079128491531
PLCC_train:  0.9451127819548872
RMSE_train:  0.6529365123774227
======================================================
SRCC_test:  0.5477225575051662
KRCC_test:  0.47140452079103173
PLCC_test:  0.7559289459937344
RMSE_test:  1.2344267998035439
======================================================
 -- 0.07435464859008789 seconds elapsed...


13 th repeated holdout test
3884-dim features, using LinearSVR
======================================================
SRCC_train:  0.8608240500079556
KRCC_train:  0.7076576277628301
PLCC_train:  0.9529876273590545
RMSE_train:  0.6059615594001478
======================================================
SRCC_test:  0.5196152422706632
KRCC_test:  0.4472135954999579
PLCC_test:  0.7999999999678494
RMSE_test:  1.1925695881134923
======================================================
 -- 0.06700825691223145 seconds elapsed...


14 th repeated holdout test
3884-dim features, using LinearSVR
======================================================
SRCC_train:  0.8133223593246843
KRCC_train:  0.6686079128491531
PLCC_train:  0.9451127819548875
RMSE_train:  0.6529365123774223
======================================================
SRCC_test:  0.7302967433402214
KRCC_test:  0.628539361054709
PLCC_test:  0.8293591568849616
RMSE_test:  1.0535246896424666
======================================================
 -- 0.06698489189147949 seconds elapsed...


15 th repeated holdout test
3884-dim features, using LinearSVR
======================================================
SRCC_train:  0.8185276224243623
KRCC_train:  0.6728870034913876
PLCC_train:  0.9310803130207838
RMSE_train:  0.7290121525202622
======================================================
SRCC_test:  0.7302967433402214
KRCC_test:  0.628539361054709
PLCC_test:  0.7352060553082678
RMSE_test:  1.2781543092475856
======================================================
 -- 0.0952608585357666 seconds elapsed...


16 th repeated holdout test
3884-dim features, using LinearSVR
======================================================
SRCC_train:  0.8119416120066794
KRCC_train:  0.6674728418998804
PLCC_train:  0.9449472096530863
RMSE_train:  0.6529087220860667
======================================================
SRCC_test:  0.3105295017040594
KRCC_test:  0.2672612419124244
PLCC_test:  0.478091443191427
RMSE_test:  1.4605934874391588
======================================================
 -- 0.07334065437316895 seconds elapsed...


17 th repeated holdout test
3884-dim features, using LinearSVR
======================================================
SRCC_train:  0.816612542907849
KRCC_train:  0.6713126740710836
PLCC_train:  0.9451951951951753
RMSE_train:  0.6529503444915996
======================================================
SRCC_test:  0.3464101615137754
KRCC_test:  0.29814239699997197
PLCC_test:  0.47809144373373447
RMSE_test:  1.7457431218879946
======================================================
 -- 0.07142376899719238 seconds elapsed...


18 th repeated holdout test
3884-dim features, using LinearSVR
======================================================
SRCC_train:  0.8080317808092154
KRCC_train:  0.664258686962963
PLCC_train:  0.9449472096530914
RMSE_train:  0.6529087220860357
======================================================
SRCC_test:  0.7245688373094719
KRCC_test:  0.6236095644623235
PLCC_test:  0.9999999999999999
RMSE_test:  6.154939455124021e-11
======================================================
 -- 0.0838472843170166 seconds elapsed...


19 th repeated holdout test
3884-dim features, using LinearSVR
======================================================
SRCC_train:  0.8133223593246843
KRCC_train:  0.6686079128491531
PLCC_train:  0.9444616187126144
RMSE_train:  0.6566882537937049
======================================================
SRCC_test:  0.6390096504226938
KRCC_test:  0.5499719409228704
PLCC_test:  0.6959599619728379
RMSE_test:  1.3540257427890225
======================================================
 -- 0.09870409965515137 seconds elapsed...


======================================================

SRCC Train: 0.8192434531641457 (std: 0.01457753809408907)
KRCC Train: 0.6734754664684504 (std: 0.011983756757481425)
PLCC Train: 0.9383769909501687 (std: 0.0121274307361052)
RMSE Train: 0.6872141819950202 (std: 0.0651276980123348)
======================================================

SRCC Test: 0.6043317506283759 (std: 0.20212511905715944)
KRCC Test: 0.5201259568373497 (std: 0.17396160443523778)
PLCC Test: 0.7697157892530773 (std: 0.1908529152074544)
RMSE Test: 0.9600167211465612 (std: 0.6540495392294743)



Overall 1.7544963359832764 secs lapsed..
