Namespace(model_name='RAPIQUE', dataset_name='mc_study', feature_file='feat_files/mc_RAPIQUE_feats.mat', mos_file='mos_files/mc_us.csv', out_file='result/mc_RAPIQUE_SVR_corr.mat', log_file='logs/mc_RAPIQUE_LinearSVR_15_default.log', color_only=False, log_short=False, use_parallel=False, num_iterations=20, max_thread_count=4)
0 th repeated holdout test
3884-dim features, using LinearSVR
best_params:  {'epsilon': 0.001, 'C': 0.1}
======================================================
params:  {'epsilon': 0.001, 'C': 0.1}
SRCC_train:  0.8653749903214641
KRCC_train:  0.7113988192714988
PLCC_train:  1.0
RMSE_train:  1.2046875133695138e-10
======================================================
SRCC_test:  0.5477225575051662
KRCC_test:  0.47140452079103173
PLCC_test:  0.7905694148899973
RMSE_test:  1.154700538842073
======================================================
 -- 4.395813226699829 seconds elapsed...


1 th repeated holdout test
3884-dim features, using LinearSVR
best_params:  {'epsilon': 1.0, 'C': 10.0}
======================================================
params:  {'epsilon': 1.0, 'C': 10.0}
SRCC_train:  0.8660254037844386
KRCC_train:  0.7119335046677415
PLCC_train:  1.0
RMSE_train:  4.004839735066478e-11
======================================================
SRCC_test:  0.6062177826491071
KRCC_test:  0.521749194749951
PLCC_test:  0.6240116674806452
RMSE_test:  1.5531529875889634
======================================================
 -- 7.661987543106079 seconds elapsed...


2 th repeated holdout test
3884-dim features, using LinearSVR
best_params:  {'epsilon': 0.1, 'C': 0.1}
======================================================
params:  {'epsilon': 0.1, 'C': 0.1}
SRCC_train:  0.8653749903214641
KRCC_train:  0.7113988192714988
PLCC_train:  1.0
RMSE_train:  2.6634492511275672e-11
======================================================
SRCC_test:  0.18257418583505536
KRCC_test:  0.15713484026367724
PLCC_test:  0.4999999997748046
RMSE_test:  1.6329931622235356
======================================================
 -- 6.102713346481323 seconds elapsed...


3 th repeated holdout test
3884-dim features, using LinearSVR
best_params:  {'epsilon': 1.0, 'C': 1.0}
======================================================
params:  {'epsilon': 1.0, 'C': 1.0}
SRCC_train:  0.8660254037844386
KRCC_train:  0.7119335046677415
PLCC_train:  1.0
RMSE_train:  1.3683956719592675e-11
======================================================
SRCC_test:  0.5196152422706632
KRCC_test:  0.4472135954999579
PLCC_test:  0.6075244931865881
RMSE_test:  1.5787652502143494
======================================================
 -- 4.255300045013428 seconds elapsed...


4 th repeated holdout test
3884-dim features, using LinearSVR
best_params:  {'epsilon': 1.0, 'C': 2.5}
======================================================
params:  {'epsilon': 1.0, 'C': 2.5}
SRCC_train:  0.8660254037844386
KRCC_train:  0.7119335046677415
PLCC_train:  0.9999999999999999
RMSE_train:  3.2818701231129394e-11
======================================================
SRCC_test:  0.8660254037844386
KRCC_test:  0.7453559924999299
PLCC_test:  1.0
RMSE_test:  3.273195527445282e-11
======================================================
 -- 6.355548143386841 seconds elapsed...


5 th repeated holdout test
3884-dim features, using LinearSVR
best_params:  {'epsilon': 0.1, 'C': 0.1}
======================================================
params:  {'epsilon': 0.1, 'C': 0.1}
SRCC_train:  0.8653749903214641
KRCC_train:  0.7113988192714988
PLCC_train:  1.0
RMSE_train:  2.984730702781953e-11
======================================================
SRCC_test:  0.8215838362577492
KRCC_test:  0.7071067811865476
PLCC_test:  1.0
RMSE_test:  2.1701211352244606e-11
======================================================
 -- 5.733240365982056 seconds elapsed...


6 th repeated holdout test
3884-dim features, using LinearSVR
best_params:  {'epsilon': 0.1, 'C': 0.1}
======================================================
params:  {'epsilon': 0.1, 'C': 0.1}
SRCC_train:  0.8660254037844386
KRCC_train:  0.7119335046677415
PLCC_train:  1.0
RMSE_train:  2.8264309527410062e-11
======================================================
SRCC_test:  0.4330127018922193
KRCC_test:  0.37267799624996495
PLCC_test:  0.7905694150420949
RMSE_test:  1.2171612389003692
======================================================
 -- 6.8735620975494385 seconds elapsed...


7 th repeated holdout test
3884-dim features, using LinearSVR
best_params:  {'epsilon': 1.0, 'C': 0.01}
======================================================
params:  {'epsilon': 1.0, 'C': 0.01}
SRCC_train:  0.818457997335786
KRCC_train:  0.672829766794743
PLCC_train:  0.9465787848771228
RMSE_train:  0.6434306833457247
======================================================
SRCC_test:  0.7245688373094719
KRCC_test:  0.6236095644623235
PLCC_test:  1.0
RMSE_test:  2.282980592043841e-11
======================================================
 -- 6.024514436721802 seconds elapsed...


8 th repeated holdout test
3884-dim features, using LinearSVR
best_params:  {'epsilon': 1.0, 'C': 5.0}
======================================================
params:  {'epsilon': 1.0, 'C': 5.0}
SRCC_train:  0.8653749903214641
KRCC_train:  0.7113988192714988
PLCC_train:  1.0
RMSE_train:  5.1989702025743536e-11
======================================================
SRCC_test:  0.7302967433402214
KRCC_test:  0.628539361054709
PLCC_test:  0.805684654891132
RMSE_test:  1.116935867050556
======================================================
 -- 3.52842378616333 seconds elapsed...


9 th repeated holdout test
3884-dim features, using LinearSVR
best_params:  {'epsilon': 0.1, 'C': 0.01}
======================================================
params:  {'epsilon': 0.1, 'C': 0.01}
SRCC_train:  0.7919061124695541
KRCC_train:  0.6510022587727546
PLCC_train:  0.8654401611248398
RMSE_train:  1.001930584904754
======================================================
SRCC_test:  0.8660254037844386
KRCC_test:  0.7453559924999299
PLCC_test:  1.0
RMSE_test:  2.1081696486048953e-11
======================================================
 -- 7.252728700637817 seconds elapsed...


10 th repeated holdout test
3884-dim features, using LinearSVR
best_params:  {'epsilon': 0.01, 'C': 0.01}
======================================================
params:  {'epsilon': 0.01, 'C': 0.01}
SRCC_train:  0.7859947280513748
KRCC_train:  0.6461426869774215
PLCC_train:  0.8587678324704086
RMSE_train:  1.0238641528652745
======================================================
SRCC_test:  0.7302967433402214
KRCC_test:  0.628539361054709
PLCC_test:  0.7866072366593828
RMSE_test:  1.164281837182617
======================================================
 -- 3.1564764976501465 seconds elapsed...


11 th repeated holdout test
3884-dim features, using LinearSVR
best_params:  {'epsilon': 0.1, 'C': 0.01}
======================================================
params:  {'epsilon': 0.1, 'C': 0.01}
SRCC_train:  0.7841040818048296
KRCC_train:  0.6445884434153877
PLCC_train:  0.8501266769475901
RMSE_train:  1.0530576433427212
======================================================
SRCC_test:  0.8660254037844386
KRCC_test:  0.7453559924999299
PLCC_test:  1.0
RMSE_test:  5.548515327478955e-11
======================================================
 -- 9.729907751083374 seconds elapsed...


12 th repeated holdout test
3884-dim features, using LinearSVR
best_params:  {'epsilon': 0.01, 'C': 0.01}
======================================================
params:  {'epsilon': 0.01, 'C': 0.01}
SRCC_train:  0.7859947280513748
KRCC_train:  0.6461426869774215
PLCC_train:  0.8520074323989248
RMSE_train:  1.0461748293844952
======================================================
SRCC_test:  0.4564354645876384
KRCC_test:  0.3928371006591931
PLCC_test:  0.7559289459741416
RMSE_test:  1.234426799823628
======================================================
 -- 8.22398066520691 seconds elapsed...


13 th repeated holdout test
3884-dim features, using LinearSVR
best_params:  {'epsilon': 1.0, 'C': 0.01}
======================================================
params:  {'epsilon': 1.0, 'C': 0.01}
SRCC_train:  0.8608240500079556
KRCC_train:  0.7076576277628301
PLCC_train:  0.9529440922562362
RMSE_train:  0.606235308211562
======================================================
SRCC_test:  0.5196152422706632
KRCC_test:  0.4472135954999579
PLCC_test:  0.799999999611966
RMSE_test:  1.192569589370984
======================================================
 -- 1.6409475803375244 seconds elapsed...


14 th repeated holdout test
3884-dim features, using LinearSVR
best_params:  {'epsilon': 0.1, 'C': 5.0}
======================================================
params:  {'epsilon': 0.1, 'C': 5.0}
SRCC_train:  0.8653749903214641
KRCC_train:  0.7113988192714988
PLCC_train:  1.0
RMSE_train:  7.495476239162644e-11
======================================================
SRCC_test:  0.8215838362577492
KRCC_test:  0.7071067811865476
PLCC_test:  0.9999999999999999
RMSE_test:  7.851836732875309e-12
======================================================
 -- 7.525365591049194 seconds elapsed...


15 th repeated holdout test
3884-dim features, using LinearSVR
best_params:  {'epsilon': 1.0, 'C': 2.5}
======================================================
params:  {'epsilon': 1.0, 'C': 2.5}
SRCC_train:  0.8653749903214641
KRCC_train:  0.7113988192714988
PLCC_train:  1.0
RMSE_train:  1.8034807325953158e-11
======================================================
SRCC_test:  0.6390096504226938
KRCC_test:  0.5499719409228704
PLCC_test:  0.7679284388432218
RMSE_test:  1.2078055995338142
======================================================
 -- 4.078188419342041 seconds elapsed...


16 th repeated holdout test
3884-dim features, using LinearSVR
best_params:  {'epsilon': 1.0, 'C': 2.5}
======================================================
params:  {'epsilon': 1.0, 'C': 2.5}
SRCC_train:  0.864072694639532
KRCC_train:  0.7103282410587813
PLCC_train:  1.0
RMSE_train:  1.661205529611218e-11
======================================================
SRCC_test:  0.10350983390135313
KRCC_test:  0.0890870806374748
PLCC_test:  0.2857142857142857
RMSE_test:  1.5936381457791917
======================================================
 -- 6.685049533843994 seconds elapsed...


17 th repeated holdout test
3884-dim features, using LinearSVR
best_params:  {'epsilon': 0.001, 'C': 0.1}
======================================================
params:  {'epsilon': 0.001, 'C': 0.1}
SRCC_train:  0.8660254037844386
KRCC_train:  0.7119335046677415
PLCC_train:  0.9999999999999999
RMSE_train:  8.831405336831231e-11
======================================================
SRCC_test:  0.6062177826491071
KRCC_test:  0.521749194749951
PLCC_test:  0.799999999999998
RMSE_test:  1.1925695879998954
======================================================
 -- 6.34737491607666 seconds elapsed...


18 th repeated holdout test
3884-dim features, using LinearSVR
best_params:  {'epsilon': 1.0, 'C': 0.01}
======================================================
params:  {'epsilon': 1.0, 'C': 0.01}
SRCC_train:  0.8080317808092154
KRCC_train:  0.664258686962963
PLCC_train:  0.9449472096530916
RMSE_train:  0.6529087220860357
======================================================
SRCC_test:  0.7245688373094719
KRCC_test:  0.6236095644623235
PLCC_test:  1.0
RMSE_test:  4.6731596297716197e-11
======================================================
 -- 6.398403644561768 seconds elapsed...


19 th repeated holdout test
3884-dim features, using LinearSVR
best_params:  {'epsilon': 0.001, 'C': 0.1}
======================================================
params:  {'epsilon': 0.001, 'C': 0.1}
SRCC_train:  0.8653749903214641
KRCC_train:  0.7113988192714988
PLCC_train:  1.0
RMSE_train:  1.143653121505961e-10
======================================================
SRCC_test:  0.7302967433402214
KRCC_test:  0.628539361054709
PLCC_test:  0.7194365007833513
RMSE_test:  1.309671540242624
======================================================
 -- 7.416743755340576 seconds elapsed...


======================================================

SRCC Train: 0.8443569062171031 (std: 0.0326219723498157)
KRCC Train: 0.6941204828480753 (std: 0.02681754484647803)
PLCC Train: 0.9635406094864105 (std: 0.056537527219747294)
RMSE Train: 0.3013800962398302 (std: 0.427012278436397)
======================================================

SRCC Test: 0.6247601116246043 (std: 0.2081718453790667)
KRCC Test: 0.5377078905992845 (std: 0.17916579784497574)
PLCC Test: 0.8016987526425806 (std: 0.1887195893742886)
RMSE Test: 0.8574336072480507 (std: 0.6468185964290675)



Overall 119.44479560852051 secs lapsed..
