Namespace(model_name='RAPIQUE', dataset_name='mc_study', feature_file='feat_files/mc_RAPIQUE_feats.mat', mos_file='mos_files/mc_us.csv', out_file='result/mc_RAPIQUE_SVR_corr.mat', log_file='logs/McRAPIQUELinearSVR15UsingBestParam.log', color_only=False, log_short=False, use_parallel=False, num_iterations=20, max_thread_count=4)
0 th repeated holdout test
3884-dim features, using LinearSVR
======================================================
SRCC_train:  0.8653749903214641
KRCC_train:  0.7113988192714988
PLCC_train:  1.0
RMSE_train:  1.505211849631981e-10
======================================================
SRCC_test:  0.5477225575051662
KRCC_test:  0.47140452079103173
PLCC_test:  0.7905694148151677
RMSE_test:  1.1547005390747522
======================================================
 -- 0.34676361083984375 seconds elapsed...


1 th repeated holdout test
3884-dim features, using LinearSVR
======================================================
SRCC_train:  0.8660254037844386
KRCC_train:  0.7119335046677415
PLCC_train:  1.0
RMSE_train:  1.211288499471072e-10
======================================================
SRCC_test:  0.6928203230275508
KRCC_test:  0.5962847939999439
PLCC_test:  0.6697175759645909
RMSE_test:  1.476035224566472
======================================================
 -- 0.21301031112670898 seconds elapsed...


2 th repeated holdout test
3884-dim features, using LinearSVR
======================================================
SRCC_train:  0.8653749903214641
KRCC_train:  0.7113988192714988
PLCC_train:  1.0
RMSE_train:  1.3204429867350773e-10
======================================================
SRCC_test:  0.0
KRCC_test:  0.0
PLCC_test:  0.49999999999994627
RMSE_test:  1.6329931618555398
======================================================
 -- 0.21030330657958984 seconds elapsed...


3 th repeated holdout test
3884-dim features, using LinearSVR
======================================================
SRCC_train:  0.8660254037844386
KRCC_train:  0.7119335046677415
PLCC_train:  0.9999999999999997
RMSE_train:  8.627226234257837e-11
======================================================
SRCC_test:  0.6062177826491071
KRCC_test:  0.521749194749951
PLCC_test:  0.7905694150420738
RMSE_test:  1.2171612389004494
======================================================
 -- 0.24006199836730957 seconds elapsed...


4 th repeated holdout test
3884-dim features, using LinearSVR
======================================================
SRCC_train:  0.8660254037844386
KRCC_train:  0.7119335046677415
PLCC_train:  1.0
RMSE_train:  1.1804544002925055e-10
======================================================
SRCC_test:  0.8660254037844386
KRCC_test:  0.7453559924999299
PLCC_test:  1.0
RMSE_test:  1.3399364872836165e-11
======================================================
 -- 0.19294357299804688 seconds elapsed...


5 th repeated holdout test
3884-dim features, using LinearSVR
======================================================
SRCC_train:  0.8653749903214641
KRCC_train:  0.7113988192714988
PLCC_train:  1.0
RMSE_train:  1.2149408286370808e-10
======================================================
SRCC_test:  0.8215838362577492
KRCC_test:  0.7071067811865476
PLCC_test:  0.9999999999999999
RMSE_test:  1.0994112340389694e-10
======================================================
 -- 0.19301962852478027 seconds elapsed...


6 th repeated holdout test
3884-dim features, using LinearSVR
======================================================
SRCC_train:  0.8660254037844386
KRCC_train:  0.7119335046677415
PLCC_train:  1.0
RMSE_train:  2.1947213263440303e-10
======================================================
SRCC_test:  0.4330127018922193
KRCC_test:  0.37267799624996495
PLCC_test:  0.7905694150308348
RMSE_test:  1.2171612389904705
======================================================
 -- 0.1914961338043213 seconds elapsed...


7 th repeated holdout test
3884-dim features, using LinearSVR
======================================================
SRCC_train:  0.864072694639532
KRCC_train:  0.7103282410587813
PLCC_train:  1.0
RMSE_train:  1.1043259896249263e-10
======================================================
SRCC_test:  0.7245688373094719
KRCC_test:  0.6236095644623235
PLCC_test:  0.9999999999999999
RMSE_test:  4.094468419202058e-11
======================================================
 -- 0.17460918426513672 seconds elapsed...


8 th repeated holdout test
3884-dim features, using LinearSVR
======================================================
SRCC_train:  0.8653749903214641
KRCC_train:  0.7113988192714988
PLCC_train:  1.0
RMSE_train:  1.4037795283407384e-10
======================================================
SRCC_test:  0.7302967433402214
KRCC_test:  0.628539361054709
PLCC_test:  0.834398807507553
RMSE_test:  1.039279459848087
======================================================
 -- 0.17610788345336914 seconds elapsed...


9 th repeated holdout test
3884-dim features, using LinearSVR
======================================================
SRCC_train:  0.8660254037844386
KRCC_train:  0.7119335046677415
PLCC_train:  1.0
RMSE_train:  9.287964687381607e-11
======================================================
SRCC_test:  0.7794228634059948
KRCC_test:  0.6708203932499369
PLCC_test:  0.836219049428315
RMSE_test:  1.0899997986806327
======================================================
 -- 0.2022383213043213 seconds elapsed...


10 th repeated holdout test
3884-dim features, using LinearSVR
======================================================
SRCC_train:  0.8653749903214641
KRCC_train:  0.7113988192714988
PLCC_train:  1.0
RMSE_train:  9.530394486340286e-11
======================================================
SRCC_test:  0.8215838362577492
KRCC_test:  0.7071067811865476
PLCC_test:  0.9999999999999998
RMSE_test:  3.226171605989528e-11
======================================================
 -- 0.19492888450622559 seconds elapsed...


11 th repeated holdout test
3884-dim features, using LinearSVR
======================================================
SRCC_train:  0.8660254037844386
KRCC_train:  0.7119335046677415
PLCC_train:  1.0
RMSE_train:  1.50939550654252e-10
======================================================
SRCC_test:  0.6928203230275508
KRCC_test:  0.5962847939999439
PLCC_test:  0.790569415016982
RMSE_test:  1.2171612389970283
======================================================
 -- 0.22303438186645508 seconds elapsed...


12 th repeated holdout test
3884-dim features, using LinearSVR
======================================================
SRCC_train:  0.8653749903214641
KRCC_train:  0.7113988192714988
PLCC_train:  0.9999999999999997
RMSE_train:  1.8664979730522683e-10
======================================================
SRCC_test:  0.7302967433402214
KRCC_test:  0.628539361054709
PLCC_test:  0.8265237758056037
RMSE_test:  1.061417832529131
======================================================
 -- 0.2215595245361328 seconds elapsed...


13 th repeated holdout test
3884-dim features, using LinearSVR
======================================================
SRCC_train:  0.8660254037844386
KRCC_train:  0.7119335046677415
PLCC_train:  1.0
RMSE_train:  1.3125385000647121e-10
======================================================
SRCC_test:  0.5196152422706632
KRCC_test:  0.4472135954999579
PLCC_test:  0.8000000000000003
RMSE_test:  1.1925695879998879
======================================================
 -- 0.20535516738891602 seconds elapsed...


14 th repeated holdout test
3884-dim features, using LinearSVR
======================================================
SRCC_train:  0.8653749903214641
KRCC_train:  0.7113988192714988
PLCC_train:  1.0
RMSE_train:  1.0685532764139633e-10
======================================================
SRCC_test:  0.8215838362577492
KRCC_test:  0.7071067811865476
PLCC_test:  1.0
RMSE_test:  2.3240181136172986e-11
======================================================
 -- 0.20731568336486816 seconds elapsed...


15 th repeated holdout test
3884-dim features, using LinearSVR
======================================================
SRCC_train:  0.8653749903214641
KRCC_train:  0.7113988192714988
PLCC_train:  1.0
RMSE_train:  1.0687414959771731e-10
======================================================
SRCC_test:  0.6390096504226938
KRCC_test:  0.5499719409228704
PLCC_test:  0.753504227023276
RMSE_test:  1.2396865268763144
======================================================
 -- 0.20385527610778809 seconds elapsed...


16 th repeated holdout test
3884-dim features, using LinearSVR
======================================================
SRCC_train:  0.864072694639532
KRCC_train:  0.7103282410587813
PLCC_train:  0.9999999999999998
RMSE_train:  1.5194415014800781e-10
======================================================
SRCC_test:  0.20701966780270625
KRCC_test:  0.1781741612749496
PLCC_test:  0.2857142855308804
RMSE_test:  1.593638145961044
======================================================
 -- 0.20685553550720215 seconds elapsed...


17 th repeated holdout test
3884-dim features, using LinearSVR
======================================================
SRCC_train:  0.8660254037844386
KRCC_train:  0.7119335046677415
PLCC_train:  0.9999999999999999
RMSE_train:  1.0721891497934511e-10
======================================================
SRCC_test:  0.6062177826491071
KRCC_test:  0.521749194749951
PLCC_test:  0.7999999999125043
RMSE_test:  1.1925695883091103
======================================================
 -- 0.24207854270935059 seconds elapsed...


18 th repeated holdout test
3884-dim features, using LinearSVR
======================================================
SRCC_train:  0.864072694639532
KRCC_train:  0.7103282410587813
PLCC_train:  0.9999999999999999
RMSE_train:  1.2565470896388123e-10
======================================================
SRCC_test:  0.7245688373094719
KRCC_test:  0.6236095644623235
PLCC_test:  1.0
RMSE_test:  7.271924308706724e-11
======================================================
 -- 0.2048475742340088 seconds elapsed...


19 th repeated holdout test
3884-dim features, using LinearSVR
======================================================
SRCC_train:  0.8653749903214641
KRCC_train:  0.7113988192714988
PLCC_train:  0.9999999999999998
RMSE_train:  1.1590955805897365e-10
======================================================
SRCC_test:  0.6390096504226938
KRCC_test:  0.5499719409228704
PLCC_test:  0.6559417646984567
RMSE_test:  1.4232862150900973
======================================================
 -- 0.2277538776397705 seconds elapsed...


======================================================

SRCC Train: 0.8654398113543642 (std: 0.0006476182589288492)
KRCC Train: 0.7114521066980883 (std: 0.0005323875428495317)
PLCC Train: 1.0 (std: 1.3136335981433191e-16)
RMSE Train: 1.2856362011714047e-10 (std: 3.1309228931270055e-11)
======================================================

SRCC Test: 0.6301698309466263 (std: 0.20843586057639943)
KRCC Test: 0.5423638356752505 (std: 0.17939302594773474)
PLCC Test: 0.8062148572888093 (std: 0.17848806697900807)
RMSE Test: 0.8873829898985763 (std: 0.6006519586193446)



Overall 4.3317413330078125 secs lapsed..
