Namespace(model_name='RAPIQUE', dataset_name='mc_study', feature_file='feat_files/mc_RAPIQUE_feats.mat', mos_file='mos_files/mc_us.csv', out_file='result/mc_RAPIQUE_SVR_corr.mat', log_file='logs/McRAPIQUELinearSVRAllDefault.log', log_short=False, use_parallel=False, num_iterations=20, max_thread_count=4)
0 th repeated holdout test
3884-dim features, using LinearSVR
best_params:  {'epsilon': 1.0, 'C': 10.0}
======================================================
params:  {'epsilon': 1.0, 'C': 10.0}
SRCC_train:  0.8429520198061273
KRCC_train:  0.676961124190465
PLCC_train:  0.856690023314718
RMSE_train:  0.7275916249166893
======================================================
SRCC_test:  0.29927152135218626
KRCC_test:  0.23369425131135602
PLCC_test:  0.4966338041605217
RMSE_test:  1.3491550421291456
======================================================
 -- 24.44190740585327 seconds elapsed...


1 th repeated holdout test
3884-dim features, using LinearSVR
best_params:  {'epsilon': 1.0, 'C': 0.01}
======================================================
params:  {'epsilon': 1.0, 'C': 0.01}
SRCC_train:  0.7181447219112476
KRCC_train:  0.5544415978506263
PLCC_train:  0.7236766652207379
RMSE_train:  0.962848844722177
======================================================
SRCC_test:  0.5797461255132007
KRCC_test:  0.46640351756716425
PLCC_test:  0.7721429597158428
RMSE_test:  1.038817990351238
======================================================
 -- 52.26236701011658 seconds elapsed...


2 th repeated holdout test
3884-dim features, using LinearSVR
best_params:  {'epsilon': 1.0, 'C': 5.0}
======================================================
params:  {'epsilon': 1.0, 'C': 5.0}
SRCC_train:  0.8429094697756216
KRCC_train:  0.6767868558029542
PLCC_train:  0.8527540459483165
RMSE_train:  0.737902685357118
======================================================
SRCC_test:  0.4809387947186437
KRCC_test:  0.35123110093561133
PLCC_test:  0.6722883933120908
RMSE_test:  1.139243297561491
======================================================
 -- 19.23135542869568 seconds elapsed...


3 th repeated holdout test
3884-dim features, using LinearSVR
best_params:  {'epsilon': 1.0, 'C': 1.0}
======================================================
params:  {'epsilon': 1.0, 'C': 1.0}
SRCC_train:  0.8347042418868406
KRCC_train:  0.6716238200515093
PLCC_train:  0.8522327738598482
RMSE_train:  0.7371801902415007
======================================================
SRCC_test:  0.5938180423543673
KRCC_test:  0.45747382072717313
PLCC_test:  0.7163739380433229
RMSE_test:  1.094043871635644
======================================================
 -- 23.086222887039185 seconds elapsed...


4 th repeated holdout test
3884-dim features, using LinearSVR
best_params:  {'epsilon': 1.0, 'C': 10.0}
======================================================
params:  {'epsilon': 1.0, 'C': 10.0}
SRCC_train:  0.8521939539216923
KRCC_train:  0.6907727704779298
PLCC_train:  0.8650842062849963
RMSE_train:  0.7166016554320556
======================================================
SRCC_test:  0.39150991069380375
KRCC_test:  0.28130038337883256
PLCC_test:  0.7181547474219865
RMSE_test:  0.9519021879556678
======================================================
 -- 52.4866943359375 seconds elapsed...


5 th repeated holdout test
3884-dim features, using LinearSVR
best_params:  {'epsilon': 1.0, 'C': 1.0}
======================================================
params:  {'epsilon': 1.0, 'C': 1.0}
SRCC_train:  0.8495142084381927
KRCC_train:  0.6834962720136437
PLCC_train:  0.861737180235427
RMSE_train:  0.7219059765490434
======================================================
SRCC_test:  0.4398279806279487
KRCC_test:  0.30693225966192805
PLCC_test:  0.6312851794378016
RMSE_test:  1.1101335755257058
======================================================
 -- 35.55484652519226 seconds elapsed...


6 th repeated holdout test
3884-dim features, using LinearSVR
best_params:  {'epsilon': 1.0, 'C': 0.001}
======================================================
params:  {'epsilon': 1.0, 'C': 0.001}
SRCC_train:  0.4507519941768618
KRCC_train:  0.3240713683346122
PLCC_train:  0.4841131367213261
RMSE_train:  1.2183468749690969
======================================================
SRCC_test:  0.12373313918464943
KRCC_test:  0.04707511531578505
PLCC_test:  0.34666632733507646
RMSE_test:  1.5462894464961983
======================================================
 -- 44.020408153533936 seconds elapsed...


7 th repeated holdout test
3884-dim features, using LinearSVR
best_params:  {'epsilon': 0.1, 'C': 0.01}
======================================================
params:  {'epsilon': 0.1, 'C': 0.01}
SRCC_train:  0.7831038595825978
KRCC_train:  0.6270988137610961
PLCC_train:  0.7864964593430018
RMSE_train:  0.8744036360222541
======================================================
SRCC_test:  0.3950652403257924
KRCC_test:  0.30012211594118704
PLCC_test:  0.4458226775463106
RMSE_test:  1.246787589952803
======================================================
 -- 2.4117634296417236 seconds elapsed...


8 th repeated holdout test
3884-dim features, using LinearSVR
best_params:  {'epsilon': 0.1, 'C': 0.01}
======================================================
params:  {'epsilon': 0.1, 'C': 0.01}
SRCC_train:  0.7789664444015638
KRCC_train:  0.6275854251563419
PLCC_train:  0.783899925372918
RMSE_train:  0.9051262168627088
======================================================
SRCC_test:  0.27731796564906364
KRCC_test:  0.17114501993622325
PLCC_test:  0.4197046631199576
RMSE_test:  0.988171957588896
======================================================
 -- 65.20502376556396 seconds elapsed...


9 th repeated holdout test
3884-dim features, using LinearSVR
best_params:  {'epsilon': 1.0, 'C': 5.0}
======================================================
params:  {'epsilon': 1.0, 'C': 5.0}
SRCC_train:  0.8437253431079117
KRCC_train:  0.6814998288978227
PLCC_train:  0.8633967018945278
RMSE_train:  0.711215823359735
======================================================
SRCC_test:  0.5299980970918634
KRCC_test:  0.3352597439288788
PLCC_test:  0.605413174541001
RMSE_test:  1.2332332037444431
======================================================
 -- 28.362851858139038 seconds elapsed...


10 th repeated holdout test
3884-dim features, using LinearSVR
best_params:  {'epsilon': 1.0, 'C': 5.0}
======================================================
params:  {'epsilon': 1.0, 'C': 5.0}
SRCC_train:  0.8488762537791713
KRCC_train:  0.6863914871723068
PLCC_train:  0.8588641355819623
RMSE_train:  0.7281026051704848
======================================================
SRCC_test:  0.7446502446701481
KRCC_test:  0.5675431817561504
PLCC_test:  0.8377321199609656
RMSE_test:  0.727639294059971
======================================================
 -- 56.71640205383301 seconds elapsed...


11 th repeated holdout test
3884-dim features, using LinearSVR
best_params:  {'epsilon': 0.001, 'C': 0.01}
======================================================
params:  {'epsilon': 0.001, 'C': 0.01}
SRCC_train:  0.7652000548863669
KRCC_train:  0.6101022885544644
PLCC_train:  0.7665517067599729
RMSE_train:  0.9190180909098625
======================================================
SRCC_test:  0.47422299430738263
KRCC_test:  0.3409889180402426
PLCC_test:  0.6985000841688784
RMSE_test:  0.9874991944003572
======================================================
 -- 45.66261672973633 seconds elapsed...


12 th repeated holdout test
3884-dim features, using LinearSVR
best_params:  {'epsilon': 1.0, 'C': 2.5}
======================================================
params:  {'epsilon': 1.0, 'C': 2.5}
SRCC_train:  0.8450870318945011
KRCC_train:  0.6834014378759845
PLCC_train:  0.8616293991770058
RMSE_train:  0.720792047303684
======================================================
SRCC_test:  0.5375376551866761
KRCC_test:  0.38280203254669853
PLCC_test:  0.5624025909309137
RMSE_test:  1.2172911153426231
======================================================
 -- 40.22416019439697 seconds elapsed...


13 th repeated holdout test
3884-dim features, using LinearSVR
best_params:  {'epsilon': 1.0, 'C': 0.1}
======================================================
params:  {'epsilon': 1.0, 'C': 0.1}
SRCC_train:  0.8596939715280577
KRCC_train:  0.7000429501257245
PLCC_train:  0.8757915029300581
RMSE_train:  0.7060315012629266
======================================================
SRCC_test:  0.20726551971486398
KRCC_test:  0.17894131473580005
PLCC_test:  0.3099778473105551
RMSE_test:  0.98470088886973
======================================================
 -- 23.20311951637268 seconds elapsed...


14 th repeated holdout test
3884-dim features, using LinearSVR
best_params:  {'epsilon': 0.001, 'C': 0.01}
======================================================
params:  {'epsilon': 0.001, 'C': 0.01}
SRCC_train:  0.7915677648341499
KRCC_train:  0.6360061524238843
PLCC_train:  0.7916831617757694
RMSE_train:  0.8714619840065622
======================================================
SRCC_test:  0.2513410225338808
KRCC_test:  0.19304928271096353
PLCC_test:  0.41097428287727317
RMSE_test:  1.2862577261567598
======================================================
 -- 33.869306325912476 seconds elapsed...


15 th repeated holdout test
3884-dim features, using LinearSVR
best_params:  {'epsilon': 1.0, 'C': 2.5}
======================================================
params:  {'epsilon': 1.0, 'C': 2.5}
SRCC_train:  0.864642999967198
KRCC_train:  0.703769977259092
PLCC_train:  0.8663746516706472
RMSE_train:  0.7180162148223561
======================================================
SRCC_test:  0.5591302792539868
KRCC_test:  0.40014617212254755
PLCC_test:  0.5486526056533358
RMSE_test:  1.0821965119175383
======================================================
 -- 50.03080940246582 seconds elapsed...


16 th repeated holdout test
3884-dim features, using LinearSVR
best_params:  {'epsilon': 1.0, 'C': 10.0}
======================================================
params:  {'epsilon': 1.0, 'C': 10.0}
SRCC_train:  0.8389704395513069
KRCC_train:  0.6776531898355528
PLCC_train:  0.8552187291753143
RMSE_train:  0.7376550515433115
======================================================
SRCC_test:  0.50303492923498
KRCC_test:  0.33077030905708493
PLCC_test:  0.7074413270901002
RMSE_test:  1.0164848330267484
======================================================
 -- 59.12142634391785 seconds elapsed...


17 th repeated holdout test
3884-dim features, using LinearSVR
best_params:  {'epsilon': 0.1, 'C': 0.01}
======================================================
params:  {'epsilon': 0.1, 'C': 0.01}
SRCC_train:  0.7525565791227586
KRCC_train:  0.5970940838216353
PLCC_train:  0.7540076210276562
RMSE_train:  0.9371162382541666
======================================================
SRCC_test:  0.7142022438640009
KRCC_test:  0.5468482990747588
PLCC_test:  0.8185960598214169
RMSE_test:  0.8136470154645243
======================================================
 -- 44.50984787940979 seconds elapsed...


18 th repeated holdout test
3884-dim features, using LinearSVR
best_params:  {'epsilon': 1.0, 'C': 1.0}
======================================================
params:  {'epsilon': 1.0, 'C': 1.0}
SRCC_train:  0.8640313530608011
KRCC_train:  0.7016290039804636
PLCC_train:  0.8681176848439406
RMSE_train:  0.7174619325799111
======================================================
SRCC_test:  0.6092313113240935
KRCC_test:  0.4451319072597258
PLCC_test:  0.5505539665406156
RMSE_test:  0.9941451861503992
======================================================
 -- 51.75319170951843 seconds elapsed...


19 th repeated holdout test
3884-dim features, using LinearSVR
best_params:  {'epsilon': 1.0, 'C': 0.1}
======================================================
params:  {'epsilon': 1.0, 'C': 0.1}
SRCC_train:  0.8628594495102627
KRCC_train:  0.7007566348225196
PLCC_train:  0.8714770646717274
RMSE_train:  0.7121542450073506
======================================================
SRCC_test:  0.26998614545957367
KRCC_test:  0.21393127492027905
PLCC_test:  0.46001018902487567
RMSE_test:  1.0315104225163223
======================================================
 -- 55.38982057571411 seconds elapsed...


======================================================

SRCC Train: 0.8045226077571617 (std: 0.09116972463947703)
KRCC Train: 0.6455592541204316 (std: 0.08369908113626821)
PLCC Train: 0.8149898387904935 (std: 0.08827895300428372)
RMSE Train: 0.8040466719646497 (std: 0.1294719225024685)
======================================================

SRCC Test: 0.4490914581530553 (std: 0.1652463340112196)
KRCC Test: 0.3275395010464195 (std: 0.12906332937016443)
PLCC Test: 0.5864663469006421 (std: 0.1520409722765332)
RMSE Test: 1.0919575175423102 (std: 0.1812945491547131)



Overall 807.6023588180542 secs lapsed..
