Namespace(model_name='RAPIQUE', dataset_name='mc_study', feature_file='feat_files/mc_RAPIQUE_feats.mat', mos_file='mos_files/mc_us.csv', out_file='result/mc_RAPIQUE_SVR_corr.mat', log_file='logs/McVQA_accuracy.log', color_only=False, log_short=False, use_parallel=False, num_iterations=1, max_thread_count=4)
X_test shape: (198, 3884)
Namespace(model_name='RAPIQUE', dataset_name='mc_study', feature_file='feat_files/mc_RAPIQUE_feats.mat', mos_file='mos_files/mc_us.csv', out_file='result/mc_RAPIQUE_SVR_corr.mat', log_file='logs/McVQA_accuracy.log', color_only=False, log_short=False, use_parallel=False, num_iterations=1, max_thread_count=4)
X_test shape: (198, 2048)
Namespace(model_name='RAPIQUE', dataset_name='mc_study', feature_file='feat_files/mc_RAPIQUE_feats.mat', mos_file='mos_files/mc_us.csv', out_file='result/mc_RAPIQUE_SVR_corr.mat', log_file='logs/McVQA_accuracy.log', color_only=False, log_short=False, use_parallel=False, num_iterations=1, max_thread_count=4)
X_test shape: (198, 2048)
[3.38514875 3.30911295 3.86267478 2.14915266 2.56186462 1.0572439
 3.04257947 3.80382887 2.63133848 3.30331283 3.08233762 0.89219986
 3.15890178 3.28747222 2.84136476 2.13104578 1.28426494 2.10376621
 3.50628147 3.29516026 3.65565405 1.34226457 3.41125878 1.31128916
 3.81726051 3.0635001  3.01710368 1.23500598 3.83555811 2.02136306
 4.0898573  4.07541968 3.47721797 1.45441152 2.80034841 2.47067688
 2.49899231 3.8053633  2.00037964 1.26573548 1.95988889 1.03385353
 3.81954013 3.71564809 0.54694474 2.95202111 1.25624896 1.12704106
 4.37147501 3.92427304 2.92913632 1.28279711 3.43135695 1.3309914
 4.31738128 4.35003797 2.00608904 2.42337295 0.79233267 1.02336248
 3.76048934 3.98821468 4.04387586 1.28234475 2.6451331  3.26920642
 3.27347707 4.0863471  3.87027017 1.7579052  2.15163843 1.08327956
 3.35565553 3.76575898 3.57746234 4.12931566 1.46283301 3.51071456
 2.65039768 2.75788813 3.40679846 1.33206239 0.93864178 3.22799898
 3.58343478 3.43884093 3.38952202 2.90889763 2.64259692 2.22101898
 3.7121004  3.82790043 2.16413999 1.79538031 3.50400972 2.48709384
 2.99109803 4.01305548 2.68019388 1.42480448 2.44484072 1.28392073
 3.35323275 4.21401676 0.88905166 1.59857904 3.45097907 2.32689045
 1.93441961 1.88698133 3.22671098 2.16163435 2.13247867 2.99293348
 3.70251485 3.28693388 2.38368275 3.23942121 2.20164702 0.67182125
 3.3348861  3.37150277 3.27759075 1.86532575 1.32530704 1.39065139
 2.2524733  2.64669106 4.27162107 3.59720435 1.46130844 4.27150836
 3.10400342 3.80371368 2.715449   3.34017961 0.99401702 2.88877394
 3.15645909 2.96484225 3.2937381  1.73415445 0.73280105 2.74984861
 3.31869705 3.73534432 3.11954427 1.32173166 1.50329389 4.13256255
 4.2110193  3.15299887 4.22217128 1.42412601 4.09242388 1.43529646
 4.53619766 3.03865483 4.16604042 3.85149846 1.18817715 4.5775563
 3.8028536  4.09446524 4.29281112 3.39886286 1.41237921 2.70829998
 3.93086132 5.03812557 3.66907701 2.66034361 1.21060646 3.32695031
 2.66058475 1.71381394 3.35667726 2.1968562  0.75760937 1.40426146
 3.12038135 3.00038213 4.18160046 1.62609396 1.80742666 2.83397798
 4.01372654 4.06062159 2.59719586 2.4077564  1.9433996  3.53843195
 3.09422514 3.72730882 3.79537272 3.54142042 1.18481365 1.582841  ]
